#
# A fatal error has been detected by the Java Runtime Environment:
#
#  SIGSEGV (0xb) at pc=0x00007f4085d34853, pid=10879, tid=0x00007f408455c700
#
# JRE version: OpenJDK Runtime Environment (8.0_242) (build 1.8.0_242-release-1644-b3-6222593)
# Java VM: OpenJDK 64-Bit Server VM (25.242-b3-6222593 mixed mode linux-amd64 compressed oops)
# Problematic frame:
# V  [libjvm.so+0x8e5853]  oopDesc* PSPromotionManager::copy_to_survivor_space<false>(oopDesc*)+0x2c3
#
# Failed to write core dump. Core dumps have been disabled. To enable core dumping, try "ulimit -c unlimited" before starting Java again
#
# If you would like to submit a bug report, please visit:
#   http://bugreport.java.com/bugreport/crash.jsp
#

---------------  T H R E A D  ---------------

Current thread (0x00007f4080028800):  GCTaskThread [stack: 0x00007f408445d000,0x00007f408455d000] [id=10884]

siginfo: si_signo: 11 (SIGSEGV), si_code: 1 (SEGV_MAPERR), si_addr: 0x0000000022910008

Registers:
RAX=0x0000000000000001, RBX=0x00000000d9faf292, RCX=0x0000000000000003, RDX=0x00007f408613ae20
RSP=0x00007f408455bc40, RBP=0x00007f408455bca0, RSI=0x00000000d9faf292, RDI=0x0000000022910000
R8 =0x00ed000000020000, R9 =0x00007f408007acd8, R10=0x0000000085f0b0dd, R11=0x0000000085f03ce8
R12=0x0000000085f0b0ec, R13=0x0000000000000001, R14=0x00007f408007ac40, R15=0x00007f408613ae30
RIP=0x00007f4085d34853, EFLAGS=0x0000000000010206, CSGSFS=0x002b000000000033, ERR=0x0000000000000004
  TRAPNO=0x000000000000000e

Top of Stack: (sp=0x00007f408455bc40)
0x00007f408455bc40:   00007f408007ac40 00000016c1638801
0x00007f408455bc50:   00000016c1638801 0000000085f0b108
0x00007f408455bc60:   0000000085f0b0d0 0000000000000400
0x00007f408455bc70:   0000000000000000 00007f408007ac40
0x00007f408455bc80:   0000000085f0b0ec 0000000000000001
0x00007f408455bc90:   00007f408007acd8 00007f408613ae30
0x00007f408455bca0:   00007f408455bd20 00007f4085d34060
0x00007f408455bcb0:   00007f408455bd20 00007f408007aca8
0x00007f408455bcc0:   00007f408455bd20 00007f4085d383e0
0x00007f408455bcd0:   00000003000010dc 0000000085bab8d0
0x00007f408455bce0:   00000003000010dd 00007f4085d37dda
0x00007f408455bcf0:   00007f40800bf001 0000000000000002
0x00007f408455bd00:   00007f408455bd50 00007f408455bd60
0x00007f408455bd10:   0000000000000000 00007f408007b1d0
0x00007f408455bd20:   00007f408455bda0 00007f4085d3812a
0x00007f408455bd30:   00007f408613ae30 000000008521ebb0
0x00007f408455bd40:   00007f40403fcb10 00007f408007ac40
0x00007f408455bd50:   00007f40074d2fab 00007f4085c8887b
0x00007f408455bd60:   000000008521ebb1 00007f4080024b30
0x00007f408455bd70:   00007f408455bda0 0000000000000001
0x00007f408455bd80:   00007f40403fcb10 00007f4085eb0128
0x00007f408455bd90:   00007f4080028800 00007f40861599a8
0x00007f408455bda0:   00007f408455beb0 00007f40859f3a22
0x00007f408455bdb0:   00000000000003d8 00007f40800294b8
0x00007f408455bdc0:   00007f40800290e0 00007f408455be40
0x00007f408455bdd0:   00007f4080029090 00007f40800290d0
0x00007f408455bde0:   00007f408455bdf0 0000000000000000
0x00007f408455bdf0:   0000000000000000 00007f4080029c00
0x00007f408455be00:   00007f4080028800 00007f40800294c0
0x00007f408455be10:   00007f4080029500 00007f4080029510
0x00007f408455be20:   00007f40800295e8 00000000000000d8
0x00007f408455be30:   00007f4080029720 00007f408002a090 

Instructions: (pc=0x00007f4085d34853)
0x00007f4085d34833:   e9 3d fe ff ff 0f 1f 84 00 00 00 00 00 48 8b 15
0x00007f4085d34843:   21 d1 3e 00 8b 7e 08 8b 4a 08 48 d3 e7 48 03 3a
0x00007f4085d34853:   8b 4f 08 83 f9 00 0f 8f 7d fd ff ff 0f 85 3b 02
0x00007f4085d34863:   00 00 0f 1f 00 48 8b 07 4c 89 45 b8 48 89 de ff 

Register to memory mapping:

RAX=0x0000000000000001 is an unknown value
RBX=0x00000000d9faf292 is an unknown value
RCX=0x0000000000000003 is an unknown value
RDX=0x00007f408613ae20: <offset 0xcebe20> in /home/oki/Desktop/android-studio/jre/jre/lib/amd64/server/libjvm.so at 0x00007f408544f000
RSP=0x00007f408455bc40 is an unknown value
RBP=0x00007f408455bca0 is an unknown value
RSI=0x00000000d9faf292 is an unknown value
RDI=0x0000000022910000 is an unknown value
R8 =0x00ed000000020000 is an unknown value
R9 =0x00007f408007acd8 is an unknown value
R10=0x0000000085f0b0dd is pointing into object: 0x0000000085f0b0d0
java.util.zip.ZipFile$ZipFileInflaterInputStream 
 - klass: 'java/util/zip/ZipFile$ZipFileInflaterInputStream'
R11=0x0000000085f03ce8 is an oop
[B 
 - klass: {type array byte}
 - length: 512
R12=0x0000000085f0b0ec is pointing into object: 0x0000000085f0b0d0
java.util.zip.ZipFile$ZipFileInflaterInputStream 
 - klass: 'java/util/zip/ZipFile$ZipFileInflaterInputStream'
R13=0x0000000000000001 is an unknown value
R14=0x00007f408007ac40 is an unknown value
R15=0x00007f408613ae30: <offset 0xcebe30> in /home/oki/Desktop/android-studio/jre/jre/lib/amd64/server/libjvm.so at 0x00007f408544f000


Stack: [0x00007f408445d000,0x00007f408455d000],  sp=0x00007f408455bc40,  free space=1019k
Native frames: (J=compiled Java code, j=interpreted, Vv=VM code, C=native code)
V  [libjvm.so+0x8e5853]  oopDesc* PSPromotionManager::copy_to_survivor_space<false>(oopDesc*)+0x2c3
V  [libjvm.so+0x8e5060]  PSPromotionManager::drain_stacks_depth(bool)+0x6e0
V  [libjvm.so+0x8e912a]  StealTask::do_it(GCTaskManager*, unsigned int)+0x18a
V  [libjvm.so+0x5a4a22]  GCTaskThread::run()+0x162
V  [libjvm.so+0x8760c2]  java_start(Thread*)+0xf2


---------------  P R O C E S S  ---------------

Java Threads: ( => current thread )
  0x00007f40800c7000 JavaThread "Service Thread" daemon [_thread_blocked, id=10893, stack(0x00007f4059e98000,0x00007f4059f99000)]
  0x00007f40800c4000 JavaThread "C1 CompilerThread2" daemon [_thread_blocked, id=10892, stack(0x00007f4059f9a000,0x00007f405a09a000)]
  0x00007f40800c2000 JavaThread "C2 CompilerThread1" daemon [_thread_in_native, id=10891, stack(0x00007f405a09b000,0x00007f405a19b000)]
  0x00007f40800bf000 JavaThread "C2 CompilerThread0" daemon [_thread_in_native, id=10890, stack(0x00007f405a19c000,0x00007f405a29c000)]
  0x00007f40800bd000 JavaThread "Signal Dispatcher" daemon [_thread_blocked, id=10889, stack(0x00007f405a29c000,0x00007f405a39d000)]
  0x00007f408008b800 JavaThread "Finalizer" daemon [_thread_blocked, id=10888, stack(0x00007f405b3f4000,0x00007f405b4f5000)]
  0x00007f4080087000 JavaThread "Reference Handler" daemon [_thread_blocked, id=10887, stack(0x00007f405b4f5000,0x00007f405b5f6000)]
  0x00007f4080010800 JavaThread "main" [_thread_blocked, id=10881, stack(0x00007f4085200000,0x00007f4085300000)]

Other Threads:
  0x00007f408007d800 VMThread [stack: 0x00007f405b5f7000,0x00007f405b6f7000] [id=10886]
  0x00007f40800c9800 WatcherThread [stack: 0x00007f4059d98000,0x00007f4059e98000] [id=10894]

=>0x00007f4080028800 (exited) GCTaskThread [stack: 0x00007f408445d000,0x00007f408455d000] [id=10884]

VM state:at safepoint (normal execution)

VM Mutex/Monitor currently owned by a thread:  ([mutex/lock_event])
[0x00007f408000d940] Threads_lock - owner thread: 0x00007f408007d800
[0x00007f408000de40] Heap_lock - owner thread: 0x00007f4080010800

heap address: 0x0000000085200000, size: 1966 MB, Compressed Oops mode: 32-bit
Narrow klass base: 0x0000000000000000, Narrow klass shift: 3
Compressed class space size: 1073741824 Address: 0x0000000100000000

Heap:
 PSYoungGen      total 68608K, used 63488K [0x00000000d7100000, 0x00000000df700000, 0x0000000100000000)
  eden space 63488K, 100% used [0x00000000d7100000,0x00000000daf00000,0x00000000daf00000)
  from space 5120K, 0% used [0x00000000daf00000,0x00000000daf00000,0x00000000db400000)
  to   space 5120K, 99% used [0x00000000df200000,0x00000000df6f8580,0x00000000df700000)
 ParOldGen       total 61440K, used 19727K [0x0000000085200000, 0x0000000088e00000, 0x00000000d7100000)
  object space 61440K, 32% used [0x0000000085200000,0x0000000086543e38,0x0000000088e00000)
 Metaspace       used 29124K, capacity 29609K, committed 29872K, reserved 1075200K
  class space    used 3540K, capacity 3702K, committed 3760K, reserved 1048576K

Card table byte_map: [0x00007f40849ef000,0x00007f4084dc7000] byte_map_base: 0x00007f40845c6000

Marking Bits: (ParMarkBitMap*) 0x00007f40861647e0
 Begin Bits: [0x00007f4068290000, 0x00007f406a148000)
 End Bits:   [0x00007f406a148000, 0x00007f406c000000)

Polling page: 0x00007f4086407000

CodeCache: size=245760Kb used=5996Kb max_used=5996Kb free=239763Kb
 bounds [0x00007f4071000000, 0x00007f40715e0000, 0x00007f4080000000]
 total_blobs=2456 nmethods=2037 adapters=333
 compilation: enabled

Compilation events (10 events):
Event: 4,097 Thread 0x00007f40800c4000 2043       3       kotlin.collections.CollectionsKt___CollectionsKt::single (85 bytes)
Event: 4,098 Thread 0x00007f40800c4000 nmethod 2043 0x00007f40715d6410 code [0x00007f40715d6620, 0x00007f40715d6f98]
Event: 4,161 Thread 0x00007f40800c4000 2045       3       java.lang.Class::copyConstructors (38 bytes)
Event: 4,164 Thread 0x00007f40800c4000 nmethod 2045 0x00007f40715d7610 code [0x00007f40715d7820, 0x00007f40715d82e8]
Event: 4,164 Thread 0x00007f40800c4000 2046       3       java.lang.reflect.WeakCache$CacheKey::equals (46 bytes)
Event: 4,165 Thread 0x00007f40800c4000 nmethod 2046 0x00007f40715d8810 code [0x00007f40715d89a0, 0x00007f40715d8f90]
Event: 4,205 Thread 0x00007f40800c4000 2048       1       java.lang.reflect.Constructor::getSignature (5 bytes)
Event: 4,205 Thread 0x00007f40800c4000 nmethod 2048 0x00007f40715d9650 code [0x00007f40715d97a0, 0x00007f40715d98b0]
Event: 4,217 Thread 0x00007f40800c4000 2049   !   3       java.util.concurrent.ConcurrentHashMap::transfer (832 bytes)
Event: 4,220 Thread 0x00007f40800c4000 nmethod 2049 0x00007f40715d9910 code [0x00007f40715d9ca0, 0x00007f40715dc318]

GC Heap History (9 events):
Event: 1,123 GC heap before
{Heap before GC invocations=1 (full 0):
 PSYoungGen      total 36864K, used 31744K [0x00000000d7100000, 0x00000000d9a00000, 0x0000000100000000)
  eden space 31744K, 100% used [0x00000000d7100000,0x00000000d9000000,0x00000000d9000000)
  from space 5120K, 0% used [0x00000000d9500000,0x00000000d9500000,0x00000000d9a00000)
  to   space 5120K, 0% used [0x00000000d9000000,0x00000000d9000000,0x00000000d9500000)
 ParOldGen       total 84992K, used 0K [0x0000000085200000, 0x000000008a500000, 0x00000000d7100000)
  object space 84992K, 0% used [0x0000000085200000,0x0000000085200000,0x000000008a500000)
 Metaspace       used 10231K, capacity 10428K, committed 10752K, reserved 1058816K
  class space    used 1116K, capacity 1180K, committed 1280K, reserved 1048576K
Event: 1,140 GC heap after
Heap after GC invocations=1 (full 0):
 PSYoungGen      total 36864K, used 5095K [0x00000000d7100000, 0x00000000db900000, 0x0000000100000000)
  eden space 31744K, 0% used [0x00000000d7100000,0x00000000d7100000,0x00000000d9000000)
  from space 5120K, 99% used [0x00000000d9000000,0x00000000d94f9c78,0x00000000d9500000)
  to   space 5120K, 0% used [0x00000000db400000,0x00000000db400000,0x00000000db900000)
 ParOldGen       total 84992K, used 2482K [0x0000000085200000, 0x000000008a500000, 0x00000000d7100000)
  object space 84992K, 2% used [0x0000000085200000,0x000000008546c928,0x000000008a500000)
 Metaspace       used 10231K, capacity 10428K, committed 10752K, reserved 1058816K
  class space    used 1116K, capacity 1180K, committed 1280K, reserved 1048576K
}
Event: 2,052 GC heap before
{Heap before GC invocations=2 (full 0):
 PSYoungGen      total 36864K, used 36839K [0x00000000d7100000, 0x00000000db900000, 0x0000000100000000)
  eden space 31744K, 100% used [0x00000000d7100000,0x00000000d9000000,0x00000000d9000000)
  from space 5120K, 99% used [0x00000000d9000000,0x00000000d94f9c78,0x00000000d9500000)
  to   space 5120K, 0% used [0x00000000db400000,0x00000000db400000,0x00000000db900000)
 ParOldGen       total 84992K, used 2482K [0x0000000085200000, 0x000000008a500000, 0x00000000d7100000)
  object space 84992K, 2% used [0x0000000085200000,0x000000008546c928,0x000000008a500000)
 Metaspace       used 15727K, capacity 16098K, committed 16384K, reserved 1062912K
  class space    used 1838K, capacity 1945K, committed 2048K, reserved 1048576K
Event: 2,078 GC heap after
Heap after GC invocations=2 (full 0):
 PSYoungGen      total 68608K, used 5109K [0x00000000d7100000, 0x00000000db900000, 0x0000000100000000)
  eden space 63488K, 0% used [0x00000000d7100000,0x00000000d7100000,0x00000000daf00000)
  from space 5120K, 99% used [0x00000000db400000,0x00000000db8fd468,0x00000000db900000)
  to   space 5120K, 0% used [0x00000000daf00000,0x00000000daf00000,0x00000000db400000)
 ParOldGen       total 84992K, used 7311K [0x0000000085200000, 0x000000008a500000, 0x00000000d7100000)
  object space 84992K, 8% used [0x0000000085200000,0x0000000085923ee0,0x000000008a500000)
 Metaspace       used 15727K, capacity 16098K, committed 16384K, reserved 1062912K
  class space    used 1838K, capacity 1945K, committed 2048K, reserved 1048576K
}
Event: 2,593 GC heap before
{Heap before GC invocations=3 (full 0):
 PSYoungGen      total 68608K, used 25839K [0x00000000d7100000, 0x00000000db900000, 0x0000000100000000)
  eden space 63488K, 32% used [0x00000000d7100000,0x00000000d853e970,0x00000000daf00000)
  from space 5120K, 99% used [0x00000000db400000,0x00000000db8fd468,0x00000000db900000)
  to   space 5120K, 0% used [0x00000000daf00000,0x00000000daf00000,0x00000000db400000)
 ParOldGen       total 84992K, used 7311K [0x0000000085200000, 0x000000008a500000, 0x00000000d7100000)
  object space 84992K, 8% used [0x0000000085200000,0x0000000085923ee0,0x000000008a500000)
 Metaspace       used 20829K, capacity 21236K, committed 21296K, reserved 1069056K
  class space    used 2455K, capacity 2590K, committed 2608K, reserved 1048576K
Event: 2,628 GC heap after
Heap after GC invocations=3 (full 0):
 PSYoungGen      total 68608K, used 5088K [0x00000000d7100000, 0x00000000df700000, 0x0000000100000000)
  eden space 63488K, 0% used [0x00000000d7100000,0x00000000d7100000,0x00000000daf00000)
  from space 5120K, 99% used [0x00000000daf00000,0x00000000db3f8030,0x00000000db400000)
  to   space 5120K, 0% used [0x00000000df200000,0x00000000df200000,0x00000000df700000)
 ParOldGen       total 84992K, used 11764K [0x0000000085200000, 0x000000008a500000, 0x00000000d7100000)
  object space 84992K, 13% used [0x0000000085200000,0x0000000085d7d330,0x000000008a500000)
 Metaspace       used 20829K, capacity 21236K, committed 21296K, reserved 1069056K
  class space    used 2455K, capacity 2590K, committed 2608K, reserved 1048576K
}
Event: 2,628 GC heap before
{Heap before GC invocations=4 (full 1):
 PSYoungGen      total 68608K, used 5088K [0x00000000d7100000, 0x00000000df700000, 0x0000000100000000)
  eden space 63488K, 0% used [0x00000000d7100000,0x00000000d7100000,0x00000000daf00000)
  from space 5120K, 99% used [0x00000000daf00000,0x00000000db3f8030,0x00000000db400000)
  to   space 5120K, 0% used [0x00000000df200000,0x00000000df200000,0x00000000df700000)
 ParOldGen       total 84992K, used 11764K [0x0000000085200000, 0x000000008a500000, 0x00000000d7100000)
  object space 84992K, 13% used [0x0000000085200000,0x0000000085d7d330,0x000000008a500000)
 Metaspace       used 20829K, capacity 21236K, committed 21296K, reserved 1069056K
  class space    used 2455K, capacity 2590K, committed 2608K, reserved 1048576K
Event: 2,705 GC heap after
Heap after GC invocations=4 (full 1):
 PSYoungGen      total 68608K, used 0K [0x00000000d7100000, 0x00000000df700000, 0x0000000100000000)
  eden space 63488K, 0% used [0x00000000d7100000,0x00000000d7100000,0x00000000daf00000)
  from space 5120K, 0% used [0x00000000daf00000,0x00000000daf00000,0x00000000db400000)
  to   space 5120K, 0% used [0x00000000df200000,0x00000000df200000,0x00000000df700000)
 ParOldGen       total 61440K, used 9308K [0x0000000085200000, 0x0000000088e00000, 0x00000000d7100000)
  object space 61440K, 15% used [0x0000000085200000,0x0000000085b17288,0x0000000088e00000)
 Metaspace       used 20829K, capacity 21236K, committed 21296K, reserved 1069056K
  class space    used 2455K, capacity 2590K, committed 2608K, reserved 1048576K
}
Event: 4,233 GC heap before
{Heap before GC invocations=5 (full 1):
 PSYoungGen      total 68608K, used 63488K [0x00000000d7100000, 0x00000000df700000, 0x0000000100000000)
  eden space 63488K, 100% used [0x00000000d7100000,0x00000000daf00000,0x00000000daf00000)
  from space 5120K, 0% used [0x00000000daf00000,0x00000000daf00000,0x00000000db400000)
  to   space 5120K, 0% used [0x00000000df200000,0x00000000df200000,0x00000000df700000)
 ParOldGen       total 61440K, used 9308K [0x0000000085200000, 0x0000000088e00000, 0x00000000d7100000)
  object space 61440K, 15% used [0x0000000085200000,0x0000000085b17288,0x0000000088e00000)
 Metaspace       used 29124K, capacity 29609K, committed 29872K, reserved 1075200K
  class space    used 3540K, capacity 3702K, committed 3760K, reserved 1048576K

Deoptimization events (10 events):
Event: 2,901 Thread 0x00007f4080010800 Uncommon trap: reason=unstable_if action=reinterpret pc=0x00007f40714a42c4 method=org.jetbrains.kotlin.com.intellij.openapi.vfs.impl.ZipEntryMap.isTheOne(Lorg/jetbrains/kotlin/com/intellij/openapi/vfs/impl/ArchiveHandler$EntryInfo;Ljava/lang/CharSequence;
Event: 3,179 Thread 0x00007f4080010800 Uncommon trap: reason=class_check action=maybe_recompile pc=0x00007f40714d4760 method=gnu.trove.TObjectHash.computeHashCode(Ljava/lang/Object;)I @ 5
Event: 3,179 Thread 0x00007f4080010800 Uncommon trap: reason=class_check action=maybe_recompile pc=0x00007f40714d4760 method=gnu.trove.TObjectHash.computeHashCode(Ljava/lang/Object;)I @ 5
Event: 3,179 Thread 0x00007f4080010800 Uncommon trap: reason=class_check action=maybe_recompile pc=0x00007f40714d4760 method=gnu.trove.TObjectHash.computeHashCode(Ljava/lang/Object;)I @ 5
Event: 3,179 Thread 0x00007f4080010800 Uncommon trap: reason=class_check action=maybe_recompile pc=0x00007f40714d4760 method=gnu.trove.TObjectHash.computeHashCode(Ljava/lang/Object;)I @ 5
Event: 3,179 Thread 0x00007f4080010800 Uncommon trap: reason=class_check action=maybe_recompile pc=0x00007f40714cab48 method=gnu.trove.TObjectHash.equals(Ljava/lang/Object;Ljava/lang/Object;)Z @ 6
Event: 3,179 Thread 0x00007f4080010800 Uncommon trap: reason=class_check action=maybe_recompile pc=0x00007f40714cab48 method=gnu.trove.TObjectHash.equals(Ljava/lang/Object;Ljava/lang/Object;)Z @ 6
Event: 3,179 Thread 0x00007f4080010800 Uncommon trap: reason=class_check action=maybe_recompile pc=0x00007f40714cab48 method=gnu.trove.TObjectHash.equals(Ljava/lang/Object;Ljava/lang/Object;)Z @ 6
Event: 3,179 Thread 0x00007f4080010800 Uncommon trap: reason=class_check action=maybe_recompile pc=0x00007f40714cab48 method=gnu.trove.TObjectHash.equals(Ljava/lang/Object;Ljava/lang/Object;)Z @ 6
Event: 3,820 Thread 0x00007f4080010800 Uncommon trap: reason=range_check action=make_not_entrant pc=0x00007f40713672c0 method=sun.reflect.generics.parser.SignatureParser.current()C @ 34

Classes redefined (0 events):
No events

Internal exceptions (10 events):
Event: 4,075 Thread 0x00007f4080010800 Exception <a 'java/lang/ArrayIndexOutOfBoundsException': 62> (0x00000000da9c8268) thrown at [/buildbot/src/googleplex-android/openjdk/out/hotspot/src/share/vm/interpreter/interpreterRuntime.cpp, line 368]
Event: 4,084 Thread 0x00007f4080010800 Exception <a 'java/lang/ArrayIndexOutOfBoundsException': 146> (0x00000000da9fee20) thrown at [/buildbot/src/googleplex-android/openjdk/out/hotspot/src/share/vm/interpreter/interpreterRuntime.cpp, line 368]
Event: 4,090 Thread 0x00007f4080010800 Exception <a 'java/lang/ArrayIndexOutOfBoundsException': 150> (0x00000000daa2eaa0) thrown at [/buildbot/src/googleplex-android/openjdk/out/hotspot/src/share/vm/interpreter/interpreterRuntime.cpp, line 368]
Event: 4,114 Thread 0x00007f4080010800 Exception <a 'java/lang/ArrayIndexOutOfBoundsException': 127> (0x00000000daab66c0) thrown at [/buildbot/src/googleplex-android/openjdk/out/hotspot/src/share/vm/interpreter/interpreterRuntime.cpp, line 368]
Event: 4,132 Thread 0x00007f4080010800 Exception <a 'java/lang/ArrayIndexOutOfBoundsException': 1030> (0x00000000daba9558) thrown at [/buildbot/src/googleplex-android/openjdk/out/hotspot/src/share/vm/interpreter/interpreterRuntime.cpp, line 368]
Event: 4,164 Thread 0x00007f4080010800 Exception <a 'java/lang/ArrayIndexOutOfBoundsException': 593> (0x00000000dac46060) thrown at [/buildbot/src/googleplex-android/openjdk/out/hotspot/src/share/vm/interpreter/interpreterRuntime.cpp, line 368]
Event: 4,197 Thread 0x00007f4080010800 Exception <a 'java/lang/ArrayIndexOutOfBoundsException': 92> (0x00000000dadd2258) thrown at [/buildbot/src/googleplex-android/openjdk/out/hotspot/src/share/vm/interpreter/interpreterRuntime.cpp, line 368]
Event: 4,198 Thread 0x00007f4080010800 Exception <a 'java/lang/ArrayIndexOutOfBoundsException': 82> (0x00000000daddc6a8) thrown at [/buildbot/src/googleplex-android/openjdk/out/hotspot/src/share/vm/interpreter/interpreterRuntime.cpp, line 368]
Event: 4,202 Thread 0x00007f4080010800 Exception <a 'java/lang/ArrayIndexOutOfBoundsException': 418> (0x00000000dadf55c8) thrown at [/buildbot/src/googleplex-android/openjdk/out/hotspot/src/share/vm/interpreter/interpreterRuntime.cpp, line 368]
Event: 4,203 Thread 0x00007f4080010800 Exception <a 'java/lang/ArrayIndexOutOfBoundsException': 137> (0x00000000dae095a0) thrown at [/buildbot/src/googleplex-android/openjdk/out/hotspot/src/share/vm/interpreter/interpreterRuntime.cpp, line 368]

Events (10 events):
Event: 4,227 loading class org/jetbrains/kotlin/resolve/TemporaryBindingTrace done
Event: 4,227 loading class org/jetbrains/kotlin/resolve/calls/ArgumentTypeResolver
Event: 4,227 loading class org/jetbrains/kotlin/resolve/calls/ArgumentTypeResolver done
Event: 4,228 loading class org/jetbrains/kotlin/resolve/calls/GenericCandidateResolver
Event: 4,228 loading class org/jetbrains/kotlin/resolve/calls/GenericCandidateResolver done
Event: 4,230 loading class org/jetbrains/kotlin/resolve/calls/CallCompleter
Event: 4,230 loading class org/jetbrains/kotlin/resolve/calls/CallCompleter done
Event: 4,231 loading class org/jetbrains/kotlin/resolve/calls/tower/NewResolutionOldInference
Event: 4,231 loading class org/jetbrains/kotlin/resolve/calls/tower/NewResolutionOldInference done
Event: 4,233 Executing VM operation: ParallelGCFailedAllocation


Dynamic libraries:
00400000-00401000 r-xp 00000000 08:05 3675141                            /home/oki/Desktop/android-studio/jre/jre/bin/java
00401000-00402000 r--p 00000000 08:05 3675141                            /home/oki/Desktop/android-studio/jre/jre/bin/java
00402000-00403000 rw-p 00001000 08:05 3675141                            /home/oki/Desktop/android-studio/jre/jre/bin/java
00e3d000-00e5e000 rw-p 00000000 00:00 0                                  [heap]
85200000-88e00000 rw-p 00000000 00:00 0 
88e00000-d7100000 ---p 00000000 00:00 0 
d7100000-df700000 rw-p 00000000 00:00 0 
df700000-100000000 ---p 00000000 00:00 0 
100000000-1003ac000 rw-p 00000000 00:00 0 
1003ac000-140000000 ---p 00000000 00:00 0 
7f4030fff000-7f4034000000 rw-p 00000000 00:00 0 
7f4034000000-7f4034021000 rw-p 00000000 00:00 0 
7f4034021000-7f4038000000 ---p 00000000 00:00 0 
7f4038000000-7f4038021000 rw-p 00000000 00:00 0 
7f4038021000-7f403c000000 ---p 00000000 00:00 0 
7f403c000000-7f403d242000 rw-p 00000000 00:00 0 
7f403d242000-7f4040000000 ---p 00000000 00:00 0 
7f4040000000-7f40408a1000 rw-p 00000000 00:00 0 
7f40408a1000-7f4044000000 ---p 00000000 00:00 0 
7f4044000000-7f4044021000 rw-p 00000000 00:00 0 
7f4044021000-7f4048000000 ---p 00000000 00:00 0 
7f4048000000-7f4048b99000 rw-p 00000000 00:00 0 
7f4048b99000-7f404c000000 ---p 00000000 00:00 0 
7f404c000000-7f404c021000 rw-p 00000000 00:00 0 
7f404c021000-7f4050000000 ---p 00000000 00:00 0 
7f4050000000-7f4050021000 rw-p 00000000 00:00 0 
7f4050021000-7f4054000000 ---p 00000000 00:00 0 
7f4054000000-7f4054021000 rw-p 00000000 00:00 0 
7f4054021000-7f4058000000 ---p 00000000 00:00 0 
7f405828f000-7f4058605000 rw-p 00000000 00:00 0 
7f4058605000-7f4058685000 ---p 00000000 00:00 0 
7f4058685000-7f4058885000 rw-p 00000000 00:00 0 
7f4058885000-7f4058a85000 rw-p 00000000 00:00 0 
7f4058b85000-7f4058b9e000 r--s 0015b000 08:05 5911600                    /home/oki/.gradle/caches/transforms-2/files-2.1/d72ac31c6d3da21ab065de5ebc72b163/jetified-kotlinx-coroutines-core-1.3.0.jar
7f4058b9e000-7f4058ba2000 r--s 0005e000 08:05 5909220                    /home/oki/.gradle/caches/transforms-2/files-2.1/38626c6b144a6fa1c8aaf9fdf2c1272d/jetified-core-ktx-1.3.1-api.jar
7f4058ba6000-7f4058bae000 r--s 00024000 08:05 5906731                    /home/oki/.gradle/caches/transforms-2/files-2.1/4b0acff36498a4406b228709bc6a1bda/jetified-kotlin-stdlib-common-1.3.72.jar
7f4058bae000-7f4058bc2000 r--s 0013d000 08:05 5908217                    /home/oki/.gradle/caches/transforms-2/files-2.1/06a2f0c8fbd2b8867f17f8bcbcd45ecd/jetified-kotlin-stdlib-1.3.72.jar
7f4058bd9000-7f4058bdb000 r--s 00000000 08:05 5911574                    /home/oki/.gradle/caches/transforms-2/files-2.1/b1904e65a2f35e6289297871a25bd8d0/jetified-lifecycle-livedata-core-ktx-2.2.0-api.jar
7f4058bdb000-7f4058bdd000 r--s 0000f000 08:05 5911591                    /home/oki/.gradle/caches/transforms-2/files-2.1/ae926e1d355a5ba3d5ab2a5599b659ce/navigation-common-ktx-2.3.0-api.jar
7f4058bdf000-7f4058ddf000 rw-p 00000000 00:00 0 
7f4058ddf000-7f4058fdf000 rw-p 00000000 00:00 0 
7f4058fdf000-7f40591df000 rw-p 00000000 00:00 0 
7f40591df000-7f40591e6000 r--s 0004f000 08:05 5782020                    /home/oki/.gradle/caches/modules-2/files-2.1/org.jetbrains.kotlin/kotlin-android-extensions/1.3.72/ecbb105a12a9766d2188f454b3bc3aab46cb80b6/kotlin-android-extensions-1.3.72.jar
7f40591e6000-7f40593e6000 rw-p 00000000 00:00 0 
7f40593e6000-7f40595e6000 rw-p 00000000 00:00 0 
7f40595e6000-7f40597e6000 rw-p 00000000 00:00 0 
7f40597e6000-7f40597e9000 r-xp 00000000 08:05 5775369                    /tmp/libjansi-1.3.72-release-468 (1.3.72)-1911565898670599464.so
7f40597e9000-7f40599e8000 ---p 00003000 08:05 5775369                    /tmp/libjansi-1.3.72-release-468 (1.3.72)-1911565898670599464.so
7f40599e8000-7f40599e9000 rw-p 00002000 08:05 5775369                    /tmp/libjansi-1.3.72-release-468 (1.3.72)-1911565898670599464.so
7f40599e9000-7f4059a63000 r--s 01104000 08:05 3674952                    /home/oki/Desktop/android-studio/jre/lib/tools.jar
7f4059a63000-7f4059a6e000 r--s 00081000 08:05 5782067                    /home/oki/.gradle/caches/modules-2/files-2.1/org.jetbrains.intellij.deps/trove4j/1.0.20181211/216c2e14b070f334479d800987affe4054cd563f/trove4j-1.0.20181211.jar
7f4059a6e000-7f4059a85000 r--s 00108000 08:05 5782066                    /home/oki/.gradle/caches/modules-2/files-2.1/org.jetbrains.kotlin/kotlin-daemon-embeddable/1.3.72/53bbaa2816dbf6bdb85f629451b1fcc88f2164d2/kotlin-daemon-embeddable-1.3.72.jar
7f4059a85000-7f4059a99000 r--s 0013d000 08:05 5782035                    /home/oki/.gradle/caches/modules-2/files-2.1/org.jetbrains.kotlin/kotlin-stdlib/1.3.72/8032138f12c0180bc4e51fe139d4c52b46db6109/kotlin-stdlib-1.3.72.jar
7f4059a99000-7f4059ad3000 r--s 00284000 08:05 5782026                    /home/oki/.gradle/caches/modules-2/files-2.1/org.jetbrains.kotlin/kotlin-reflect/1.3.72/86613e1a669a701b0c660bfd2af4f82a7ae11fca/kotlin-reflect-1.3.72.jar
7f4059ad3000-7f4059aea000 r-xp 00000000 08:05 3675051                    /home/oki/Desktop/android-studio/jre/jre/lib/amd64/libnet.so
7f4059aea000-7f4059aeb000 r--p 00016000 08:05 3675051                    /home/oki/Desktop/android-studio/jre/jre/lib/amd64/libnet.so
7f4059aeb000-7f4059aec000 rw-p 00017000 08:05 3675051                    /home/oki/Desktop/android-studio/jre/jre/lib/amd64/libnet.so
7f4059aec000-7f4059b3c000 rw-p 00000000 00:00 0 
7f4059b3c000-7f4059d97000 r--s 023fc000 08:05 5782021                    /home/oki/.gradle/caches/modules-2/files-2.1/org.jetbrains.kotlin/kotlin-compiler-embeddable/1.3.72/37bc2d60fc036ef128e77062a1c8c58c5762f7d5/kotlin-compiler-embeddable-1.3.72.jar
7f4059d97000-7f4059d98000 ---p 00000000 00:00 0 
7f4059d98000-7f4059e98000 rw-p 00000000 00:00 0 
7f4059e98000-7f4059e9b000 ---p 00000000 00:00 0 
7f4059e9b000-7f4059f99000 rw-p 00000000 00:00 0 
7f4059f99000-7f4059f9a000 ---p 00000000 00:00 0 
7f4059f9a000-7f4059f9d000 ---p 00000000 00:00 0 
7f4059f9d000-7f405a09a000 rw-p 00000000 00:00 0 
7f405a09a000-7f405a09b000 ---p 00000000 00:00 0 
7f405a09b000-7f405a09e000 ---p 00000000 00:00 0 
7f405a09e000-7f405a19b000 rw-p 00000000 00:00 0 
7f405a19b000-7f405a19c000 ---p 00000000 00:00 0 
7f405a19c000-7f405a19f000 ---p 00000000 00:00 0 
7f405a19f000-7f405a29c000 rw-p 00000000 00:00 0 
7f405a29c000-7f405a29f000 ---p 00000000 00:00 0 
7f405a29f000-7f405a39d000 rw-p 00000000 00:00 0 
7f405a39d000-7f405b3f4000 r--p 00000000 08:05 4331930                    /usr/lib/locale/locale-archive
7f405b3f4000-7f405b3f7000 ---p 00000000 00:00 0 
7f405b3f7000-7f405b4f5000 rw-p 00000000 00:00 0 
7f405b4f5000-7f405b4f8000 ---p 00000000 00:00 0 
7f405b4f8000-7f405b5f6000 rw-p 00000000 00:00 0 
7f405b5f6000-7f405b5f7000 ---p 00000000 00:00 0 
7f405b5f7000-7f405c000000 rw-p 00000000 00:00 0 
7f405c000000-7f405c021000 rw-p 00000000 00:00 0 
7f405c021000-7f4060000000 ---p 00000000 00:00 0 
7f4060000000-7f4060021000 rw-p 00000000 00:00 0 
7f4060021000-7f4064000000 ---p 00000000 00:00 0 
7f4064000000-7f40642be000 rw-p 00000000 00:00 0 
7f40642be000-7f4068000000 ---p 00000000 00:00 0 
7f4068000000-7f4068001000 r--s 00004000 08:05 5911597                    /home/oki/.gradle/caches/transforms-2/files-2.1/fa0c03a9a6edc3dc026aa9869536bb62/jetified-kotlinx-coroutines-android-1.3.0.jar
7f4068001000-7f4068002000 r--s 00002000 08:05 5911578                    /home/oki/.gradle/caches/transforms-2/files-2.1/97c0ea1ee8d08520753f84b5e1508e3b/jetified-lifecycle-viewmodel-ktx-2.2.0-api.jar
7f4068002000-7f406800a000 r--s 00024000 08:05 5782070                    /home/oki/.gradle/caches/modules-2/files-2.1/org.jetbrains.kotlin/kotlin-stdlib-common/1.3.72/6ca8bee3d88957eaaaef077c41c908c9940492d8/kotlin-stdlib-common-1.3.72.jar
7f406800a000-7f406c000000 rw-p 00000000 00:00 0 
7f406c000000-7f406c021000 rw-p 00000000 00:00 0 
7f406c021000-7f4070000000 ---p 00000000 00:00 0 
7f4070000000-7f4070001000 r--s 0000c000 08:05 5911563                    /home/oki/.gradle/caches/transforms-2/files-2.1/cee72c8fd2406f232eb6ad54ca2ca199/jetified-lifecycle-runtime-ktx-2.2.0-api.jar
7f4070001000-7f4070002000 r--s 00004000 08:05 5911585                    /home/oki/.gradle/caches/transforms-2/files-2.1/51ccd4696e59a74eff078deba5e224f4/jetified-collection-ktx-1.1.0.jar
7f4070002000-7f4070004000 r--s 00005000 08:05 5911524                    /home/oki/.gradle/caches/transforms-2/files-2.1/9b954b87cb13c6ffcf0d905022c8b8f2/jetified-activity-ktx-1.1.0-api.jar
7f4070004000-7f4071000000 rw-p 00000000 00:00 0 
7f4071000000-7f40715e0000 rwxp 00000000 00:00 0 
7f40715e0000-7f4080000000 ---p 00000000 00:00 0 
7f4080000000-7f4081044000 rw-p 00000000 00:00 0 
7f4081044000-7f4084000000 ---p 00000000 00:00 0 
7f4084000000-7f4084001000 r--s 00009000 08:05 5911512                    /home/oki/.gradle/caches/transforms-2/files-2.1/80c793387fe4f938c4ed21f46c3ed139/navigation-runtime-ktx-2.3.0-api.jar
7f4084002000-7f4084003000 r--p 00000000 08:05 4333774                    /usr/lib/x86_64-linux-gnu/libutil-2.31.so
7f4084003000-7f4084004000 r-xp 00001000 08:05 4333774                    /usr/lib/x86_64-linux-gnu/libutil-2.31.so
7f4084004000-7f4084005000 r--p 00002000 08:05 4333774                    /usr/lib/x86_64-linux-gnu/libutil-2.31.so
7f4084005000-7f4084006000 r--p 00002000 08:05 4333774                    /usr/lib/x86_64-linux-gnu/libutil-2.31.so
7f4084006000-7f4084007000 rw-p 00003000 08:05 4333774                    /usr/lib/x86_64-linux-gnu/libutil-2.31.so
7f4084007000-7f4084017000 r-xp 00000000 08:05 3675072                    /home/oki/Desktop/android-studio/jre/jre/lib/amd64/libnio.so
7f4084017000-7f4084018000 ---p 00010000 08:05 3675072                    /home/oki/Desktop/android-studio/jre/jre/lib/amd64/libnio.so
7f4084018000-7f4084019000 r--p 00010000 08:05 3675072                    /home/oki/Desktop/android-studio/jre/jre/lib/amd64/libnio.so
7f4084019000-7f408401a000 rw-p 00011000 08:05 3675072                    /home/oki/Desktop/android-studio/jre/jre/lib/amd64/libnio.so
7f408401a000-7f4084068000 rw-p 00000000 00:00 0 
7f4084068000-7f408423b000 r--s 03cdf000 08:05 3675088                    /home/oki/Desktop/android-studio/jre/jre/lib/rt.jar
7f408423b000-7f408435b000 rw-p 00000000 00:00 0 
7f408435b000-7f408435c000 ---p 00000000 00:00 0 
7f408435c000-7f408445c000 rw-p 00000000 00:00 0 
7f408445c000-7f408445d000 ---p 00000000 00:00 0 
7f408445d000-7f408455d000 rw-p 00000000 00:00 0 
7f408455d000-7f408455e000 ---p 00000000 00:00 0 
7f408455e000-7f408465e000 rw-p 00000000 00:00 0 
7f408465e000-7f408465f000 ---p 00000000 00:00 0 
7f408465f000-7f408477d000 rw-p 00000000 00:00 0 
7f408477d000-7f40849ef000 ---p 00000000 00:00 0 
7f40849ef000-7f4084a0d000 rw-p 00000000 00:00 0 
7f4084a0d000-7f4084c7e000 ---p 00000000 00:00 0 
7f4084c7e000-7f4084cc2000 rw-p 00000000 00:00 0 
7f4084cc2000-7f4084dc6000 ---p 00000000 00:00 0 
7f4084dc6000-7f4084ddf000 rw-p 00000000 00:00 0 
7f4084ddf000-7f4085187000 ---p 00000000 00:00 0 
7f4085187000-7f40851a2000 r-xp 00000000 08:05 3675047                    /home/oki/Desktop/android-studio/jre/jre/lib/amd64/libzip.so
7f40851a2000-7f40851a3000 r--p 0001a000 08:05 3675047                    /home/oki/Desktop/android-studio/jre/jre/lib/amd64/libzip.so
7f40851a3000-7f40851a4000 rw-p 0001b000 08:05 3675047                    /home/oki/Desktop/android-studio/jre/jre/lib/amd64/libzip.so
7f40851a4000-7f40851a7000 r--p 00000000 08:05 4333361                    /usr/lib/x86_64-linux-gnu/libnss_files-2.31.so
7f40851a7000-7f40851ae000 r-xp 00003000 08:05 4333361                    /usr/lib/x86_64-linux-gnu/libnss_files-2.31.so
7f40851ae000-7f40851b0000 r--p 0000a000 08:05 4333361                    /usr/lib/x86_64-linux-gnu/libnss_files-2.31.so
7f40851b0000-7f40851b1000 r--p 0000b000 08:05 4333361                    /usr/lib/x86_64-linux-gnu/libnss_files-2.31.so
7f40851b1000-7f40851b2000 rw-p 0000c000 08:05 4333361                    /usr/lib/x86_64-linux-gnu/libnss_files-2.31.so
7f40851b2000-7f40851b8000 rw-p 00000000 00:00 0 
7f40851b8000-7f40851bd000 r--s 000a3000 08:05 3675103                    /home/oki/Desktop/android-studio/jre/jre/lib/jsse.jar
7f40851bd000-7f40851bf000 r--s 00003000 08:05 5782071                    /home/oki/.gradle/caches/modules-2/files-2.1/org.jetbrains/annotations/13.0/919f0dfe192fb4e063e7dacadee7f8bb9a2672a9/annotations-13.0.jar
7f40851bf000-7f40851c1000 r--s 00009000 08:05 5782065                    /home/oki/.gradle/caches/modules-2/files-2.1/org.jetbrains.kotlin/kotlin-script-runtime/1.3.72/657d8d34d91e1964b4439378c09933e840bfe8d5/kotlin-script-runtime-1.3.72.jar
7f40851c1000-7f40851c9000 rw-s 00000000 08:05 5775354                    /tmp/hsperfdata_oki/10879
7f40851c9000-7f40851f1000 r-xp 00000000 08:05 3675055                    /home/oki/Desktop/android-studio/jre/jre/lib/amd64/libjava.so
7f40851f1000-7f40851f2000 r--p 00027000 08:05 3675055                    /home/oki/Desktop/android-studio/jre/jre/lib/amd64/libjava.so
7f40851f2000-7f40851f4000 rw-p 00028000 08:05 3675055                    /home/oki/Desktop/android-studio/jre/jre/lib/amd64/libjava.so
7f40851f4000-7f40851f7000 r--p 00000000 08:05 4333563                    /usr/lib/x86_64-linux-gnu/librt-2.31.so
7f40851f7000-7f40851fb000 r-xp 00003000 08:05 4333563                    /usr/lib/x86_64-linux-gnu/librt-2.31.so
7f40851fb000-7f40851fc000 r--p 00007000 08:05 4333563                    /usr/lib/x86_64-linux-gnu/librt-2.31.so
7f40851fc000-7f40851fd000 ---p 00008000 08:05 4333563                    /usr/lib/x86_64-linux-gnu/librt-2.31.so
7f40851fd000-7f40851fe000 r--p 00008000 08:05 4333563                    /usr/lib/x86_64-linux-gnu/librt-2.31.so
7f40851fe000-7f40851ff000 rw-p 00009000 08:05 4333563                    /usr/lib/x86_64-linux-gnu/librt-2.31.so
7f40851ff000-7f4085200000 ---p 00000000 00:00 0 
7f4085200000-7f4085203000 ---p 00000000 00:00 0 
7f4085203000-7f4085300000 rw-p 00000000 00:00 0 
7f4085300000-7f408530f000 r--p 00000000 08:05 4333237                    /usr/lib/x86_64-linux-gnu/libm-2.31.so
7f408530f000-7f40853b6000 r-xp 0000f000 08:05 4333237                    /usr/lib/x86_64-linux-gnu/libm-2.31.so
7f40853b6000-7f408544d000 r--p 000b6000 08:05 4333237                    /usr/lib/x86_64-linux-gnu/libm-2.31.so
7f408544d000-7f408544e000 r--p 0014c000 08:05 4333237                    /usr/lib/x86_64-linux-gnu/libm-2.31.so
7f408544e000-7f408544f000 rw-p 0014d000 08:05 4333237                    /usr/lib/x86_64-linux-gnu/libm-2.31.so
7f408544f000-7f408607e000 r-xp 00000000 08:05 3675065                    /home/oki/Desktop/android-studio/jre/jre/lib/amd64/server/libjvm.so
7f408607e000-7f4086126000 r--p 00c2e000 08:05 3675065                    /home/oki/Desktop/android-studio/jre/jre/lib/amd64/server/libjvm.so
7f4086126000-7f408614f000 rw-p 00cd6000 08:05 3675065                    /home/oki/Desktop/android-studio/jre/jre/lib/amd64/server/libjvm.so
7f408614f000-7f4086195000 rw-p 00000000 00:00 0 
7f4086195000-7f40861ba000 r--p 00000000 08:05 4332599                    /usr/lib/x86_64-linux-gnu/libc-2.31.so
7f40861ba000-7f4086332000 r-xp 00025000 08:05 4332599                    /usr/lib/x86_64-linux-gnu/libc-2.31.so
7f4086332000-7f408637c000 r--p 0019d000 08:05 4332599                    /usr/lib/x86_64-linux-gnu/libc-2.31.so
7f408637c000-7f408637d000 ---p 001e7000 08:05 4332599                    /usr/lib/x86_64-linux-gnu/libc-2.31.so
7f408637d000-7f4086380000 r--p 001e7000 08:05 4332599                    /usr/lib/x86_64-linux-gnu/libc-2.31.so
7f4086380000-7f4086383000 rw-p 001ea000 08:05 4332599                    /usr/lib/x86_64-linux-gnu/libc-2.31.so
7f4086383000-7f4086387000 rw-p 00000000 00:00 0 
7f4086387000-7f4086388000 r--p 00000000 08:05 4332734                    /usr/lib/x86_64-linux-gnu/libdl-2.31.so
7f4086388000-7f408638a000 r-xp 00001000 08:05 4332734                    /usr/lib/x86_64-linux-gnu/libdl-2.31.so
7f408638a000-7f408638b000 r--p 00003000 08:05 4332734                    /usr/lib/x86_64-linux-gnu/libdl-2.31.so
7f408638b000-7f408638c000 r--p 00003000 08:05 4332734                    /usr/lib/x86_64-linux-gnu/libdl-2.31.so
7f408638c000-7f408638d000 rw-p 00004000 08:05 4332734                    /usr/lib/x86_64-linux-gnu/libdl-2.31.so
7f408638d000-7f40863a3000 r-xp 00000000 08:05 3675035                    /home/oki/Desktop/android-studio/jre/jre/lib/amd64/jli/libjli.so
7f40863a3000-7f40863a4000 r--p 00015000 08:05 3675035                    /home/oki/Desktop/android-studio/jre/jre/lib/amd64/jli/libjli.so
7f40863a4000-7f40863a5000 rw-p 00016000 08:05 3675035                    /home/oki/Desktop/android-studio/jre/jre/lib/amd64/jli/libjli.so
7f40863a5000-7f40863ac000 r--p 00000000 08:05 4333502                    /usr/lib/x86_64-linux-gnu/libpthread-2.31.so
7f40863ac000-7f40863bd000 r-xp 00007000 08:05 4333502                    /usr/lib/x86_64-linux-gnu/libpthread-2.31.so
7f40863bd000-7f40863c2000 r--p 00018000 08:05 4333502                    /usr/lib/x86_64-linux-gnu/libpthread-2.31.so
7f40863c2000-7f40863c3000 r--p 0001c000 08:05 4333502                    /usr/lib/x86_64-linux-gnu/libpthread-2.31.so
7f40863c3000-7f40863c4000 rw-p 0001d000 08:05 4333502                    /usr/lib/x86_64-linux-gnu/libpthread-2.31.so
7f40863c4000-7f40863c9000 rw-p 00000000 00:00 0 
7f40863c9000-7f40863d6000 r-xp 00000000 08:05 3675043                    /home/oki/Desktop/android-studio/jre/jre/lib/amd64/libverify.so
7f40863d6000-7f40863d8000 r--p 0000c000 08:05 3675043                    /home/oki/Desktop/android-studio/jre/jre/lib/amd64/libverify.so
7f40863d8000-7f40863d9000 rw-p 0000e000 08:05 3675043                    /home/oki/Desktop/android-studio/jre/jre/lib/amd64/libverify.so
7f40863d9000-7f40863db000 rw-p 00000000 00:00 0 
7f40863db000-7f40863dc000 r--p 00000000 08:05 4332386                    /usr/lib/x86_64-linux-gnu/ld-2.31.so
7f40863dc000-7f40863ff000 r-xp 00001000 08:05 4332386                    /usr/lib/x86_64-linux-gnu/ld-2.31.so
7f40863ff000-7f4086407000 r--p 00024000 08:05 4332386                    /usr/lib/x86_64-linux-gnu/ld-2.31.so
7f4086407000-7f4086408000 ---p 00000000 00:00 0 
7f4086408000-7f4086409000 r--p 0002c000 08:05 4332386                    /usr/lib/x86_64-linux-gnu/ld-2.31.so
7f4086409000-7f408640a000 rw-p 0002d000 08:05 4332386                    /usr/lib/x86_64-linux-gnu/ld-2.31.so
7f408640a000-7f408640b000 rw-p 00000000 00:00 0 
7fffab65b000-7fffab67f000 rw-p 00000000 00:00 0                          [stack]
7fffab742000-7fffab745000 r--p 00000000 00:00 0                          [vvar]
7fffab745000-7fffab746000 r-xp 00000000 00:00 0                          [vdso]
ffffffffff600000-ffffffffff601000 --xp 00000000 00:00 0                  [vsyscall]

VM Arguments:
java_command: org.jetbrains.kotlin.cli.jvm.K2JVMCompiler -Xallow-no-source-files -classpath /home/oki/AndroidStudioProjects/FizzBuzz/app/build/intermediates/compile_and_runtime_not_namespaced_r_class_jar/debug/R.jar:/home/oki/.gradle/caches/transforms-2/files-2.1/a911748356cb6ae2a9cfcf5d5afada74/jetified-kotlin-android-extensions-runtime-1.3.72.jar:/home/oki/.gradle/caches/transforms-2/files-2.1/ab173ebcc030956ba7f1d7278cda2efb/navigation-fragment-ktx-2.3.0-api.jar:/home/oki/.gradle/caches/transforms-2/files-2.1/52d5e3294c88f72455693896df2fff44/jetified-fragment-ktx-1.2.4-api.jar:/home/oki/.gradle/caches/transforms-2/files-2.1/2b25b0ad98361cdfa2b7b69bd55f4b02/navigation-ui-ktx-2.3.0-api.jar:/home/oki/.gradle/caches/transforms-2/files-2.1/80c793387fe4f938c4ed21f46c3ed139/navigation-runtime-ktx-2.3.0-api.jar:/home/oki/.gradle/caches/transforms-2/files-2.1/9b954b87cb13c6ffcf0d905022c8b8f2/jetified-activity-ktx-1.1.0-api.jar:/home/oki/.gradle/caches/transforms-2/files-2.1/38626c6b144a6fa1c8aaf9fdf2c1272d/jetified-core-ktx-1.3.1-api.jar:/home/oki/.gradle/caches/transforms-2/files-2.1/97c0ea1ee8d08520753f84b5e1508e3b/jetified-lifecycle-viewmodel-ktx-2.2.0-api.jar:/home/oki/.gradle/caches/transforms-2/files-2.1/ae926e1d355a5ba3d5ab2a5599b659ce/navigation-common-ktx-2.3.0-api.jar:/home/oki/.gradle/caches/transforms-2/files-2.1/51ccd4696e59a74eff078deba5e224f4/jetified-collection-ktx-1.1.0.jar:/home/oki/.gradle/caches/transforms-2/files-2.1/b1904e65a2f35e6289297871a25bd8d0/jetified-lifecycle-livedata-core-ktx-2.2.0-api.jar:/home/oki/.gradle/caches/transforms-2/files-2.1/cee72c8fd2406f232eb6ad54ca2ca199/jetified-lifecycle-runtime-ktx-2.2.0-api.jar:/home/oki/.gradle/caches/transforms-2/files-2.1/fa0c03a9a6edc3dc026aa9869536bb62/jetified-kotlinx-coroutines-android-1.3.0.jar:/home/oki/.gradle/caches/transforms-2/files-2.1/d72ac31c6d3da21ab065de5ebc72b163/jetified-kotlinx-coroutines-core-1.3.0.jar:/home/oki/.gradle/caches/transforms-2/files-2.1/06a2f0c8fbd2b8867f17f8bcbcd45ecd/
java_class_path (initial): /home/oki/.gradle/caches/modules-2/files-2.1/org.jetbrains.kotlin/kotlin-compiler-embeddable/1.3.72/37bc2d60fc036ef128e77062a1c8c58c5762f7d5/kotlin-compiler-embeddable-1.3.72.jar:/home/oki/.gradle/caches/modules-2/files-2.1/org.jetbrains.kotlin/kotlin-reflect/1.3.72/86613e1a669a701b0c660bfd2af4f82a7ae11fca/kotlin-reflect-1.3.72.jar:/home/oki/.gradle/caches/modules-2/files-2.1/org.jetbrains.kotlin/kotlin-stdlib/1.3.72/8032138f12c0180bc4e51fe139d4c52b46db6109/kotlin-stdlib-1.3.72.jar:/home/oki/.gradle/caches/modules-2/files-2.1/org.jetbrains.kotlin/kotlin-script-runtime/1.3.72/657d8d34d91e1964b4439378c09933e840bfe8d5/kotlin-script-runtime-1.3.72.jar:/home/oki/.gradle/caches/modules-2/files-2.1/org.jetbrains.kotlin/kotlin-daemon-embeddable/1.3.72/53bbaa2816dbf6bdb85f629451b1fcc88f2164d2/kotlin-daemon-embeddable-1.3.72.jar:/home/oki/.gradle/caches/modules-2/files-2.1/org.jetbrains.intellij.deps/trove4j/1.0.20181211/216c2e14b070f334479d800987affe4054cd563f/trove4j-1.0.20181211.jar:/home/oki/.gradle/caches/modules-2/files-2.1/org.jetbrains.kotlin/kotlin-stdlib-common/1.3.72/6ca8bee3d88957eaaaef077c41c908c9940492d8/kotlin-stdlib-common-1.3.72.jar:/home/oki/.gradle/caches/modules-2/files-2.1/org.jetbrains/annotations/13.0/919f0dfe192fb4e063e7dacadee7f8bb9a2672a9/annotations-13.0.jar:/home/oki/Desktop/android-studio/jre/lib/tools.jar
Launcher Type: SUN_STANDARD

Environment Variables:
JAVA_HOME=/usr/lib/jvm/default-java
PATH=/opt/maven/bin:/usr/local/sbin:/usr/local/bin:/usr/sbin:/usr/bin:/sbin:/bin:/usr/games:/usr/local/games:/snap/bin
USERNAME=oki
SHELL=/bin/bash
DISPLAY=:0

Signal Handlers:
SIGSEGV: [libjvm.so+0xa13c80], sa_mask[0]=11111111011111111101111111111110, sa_flags=SA_RESTART|SA_SIGINFO
SIGBUS: [libjvm.so+0xa13c80], sa_mask[0]=11111111011111111101111111111110, sa_flags=SA_RESTART|SA_SIGINFO
SIGFPE: [libjvm.so+0x874670], sa_mask[0]=11111111011111111101111111111110, sa_flags=SA_RESTART|SA_SIGINFO
SIGPIPE: [libjvm.so+0x874670], sa_mask[0]=11111111011111111101111111111110, sa_flags=SA_RESTART|SA_SIGINFO
SIGXFSZ: [libjvm.so+0x874670], sa_mask[0]=11111111011111111101111111111110, sa_flags=SA_RESTART|SA_SIGINFO
SIGILL: [libjvm.so+0x874670], sa_mask[0]=11111111011111111101111111111110, sa_flags=SA_RESTART|SA_SIGINFO
SIGUSR1: SIG_DFL, sa_mask[0]=00000000000000000000000000000000, sa_flags=none
SIGUSR2: [libjvm.so+0x874540], sa_mask[0]=00100000000000000000000000000000, sa_flags=SA_RESTART|SA_SIGINFO
SIGHUP: SIG_IGN, sa_mask[0]=00000000000000000000000000000000, sa_flags=none
SIGINT: [libjvm.so+0x874730], sa_mask[0]=11111111011111111101111111111110, sa_flags=SA_RESTART|SA_SIGINFO
SIGTERM: [libjvm.so+0x874730], sa_mask[0]=11111111011111111101111111111110, sa_flags=SA_RESTART|SA_SIGINFO
SIGQUIT: [libjvm.so+0x874730], sa_mask[0]=11111111011111111101111111111110, sa_flags=SA_RESTART|SA_SIGINFO


---------------  S Y S T E M  ---------------

OS:DISTRIB_ID=Ubuntu
DISTRIB_RELEASE=20.04
DISTRIB_CODENAME=focal
DISTRIB_DESCRIPTION="Ubuntu 20.04.1 LTS"

uname:Linux 5.4.0-47-generic #51-Ubuntu SMP Fri Sep 4 19:50:52 UTC 2020 x86_64
libc:glibc 2.31 NPTL 2.31 
rlimit: STACK 8192k, CORE 0k, NPROC 31220, NOFILE 1048576, AS infinity
load average:10,47 9,74 9,08

/proc/meminfo:
MemTotal:        8048784 kB
MemFree:          390328 kB
MemAvailable:    1475560 kB
Buffers:           76704 kB
Cached:          1585456 kB
SwapCached:        14620 kB
Active:          5453328 kB
Inactive:        1644072 kB
Active(anon):    4859752 kB
Inactive(anon):   984560 kB
Active(file):     593576 kB
Inactive(file):   659512 kB
Unevictable:      151000 kB
Mlocked:              32 kB
SwapTotal:       2097148 kB
SwapFree:        1501692 kB
Dirty:             21588 kB
Writeback:             0 kB
AnonPages:       5574444 kB
Mapped:           469252 kB
Shmem:            409072 kB
KReclaimable:     115024 kB
Slab:             254780 kB
SReclaimable:     115024 kB
SUnreclaim:       139756 kB
KernelStack:       18352 kB
PageTables:        48664 kB
NFS_Unstable:          0 kB
Bounce:                0 kB
WritebackTmp:          0 kB
CommitLimit:     6121540 kB
Committed_AS:   15235712 kB
VmallocTotal:   34359738367 kB
VmallocUsed:       40644 kB
VmallocChunk:          0 kB
Percpu:             3136 kB
HardwareCorrupted:     0 kB
AnonHugePages:         0 kB
ShmemHugePages:        0 kB
ShmemPmdMapped:        0 kB
FileHugePages:         0 kB
FilePmdMapped:         0 kB
CmaTotal:              0 kB
CmaFree:               0 kB
HugePages_Total:       0
HugePages_Free:        0
HugePages_Rsvd:        0
HugePages_Surp:        0
Hugepagesize:       2048 kB
Hugetlb:               0 kB
DirectMap4k:      345112 kB
DirectMap2M:     7940096 kB
DirectMap1G:           0 kB

container (cgroup) information:
container_type: cgroupv1
cpu_cpuset_cpus: 0-3
cpu_memory_nodes: 0
active_processor_count: 4
cpu_quota: -1
cpu_period: 100000
cpu_shares: -1
memory_limit_in_bytes: -1
memory_and_swap_limit_in_bytes: -2
memory_soft_limit_in_bytes: -1
memory_usage_in_bytes: 6821023744
memory_max_usage_in_bytes: 7158165504


CPU:total 4 (initial active 4) (2 cores per cpu, 2 threads per core) family 6 model 142 stepping 9, cmov, cx8, fxsr, mmx, sse, sse2, sse3, ssse3, sse4.1, sse4.2, popcnt, avx, avx2, aes, clmul, erms, 3dnowpref, lzcnt, ht, tsc, tscinvbit, bmi1, bmi2, adx

/proc/cpuinfo:
processor	: 0
vendor_id	: GenuineIntel
cpu family	: 6
model		: 142
model name	: Intel(R) Core(TM) i5-7200U CPU @ 2.50GHz
stepping	: 9
microcode	: 0xd6
cpu MHz		: 2635.479
cache size	: 3072 KB
physical id	: 0
siblings	: 4
core id		: 0
cpu cores	: 2
apicid		: 0
initial apicid	: 0
fpu		: yes
fpu_exception	: yes
cpuid level	: 22
wp		: yes
flags		: fpu vme de pse tsc msr pae mce cx8 apic sep mtrr pge mca cmov pat pse36 clflush dts acpi mmx fxsr sse sse2 ss ht tm pbe syscall nx pdpe1gb rdtscp lm constant_tsc art arch_perfmon pebs bts rep_good nopl xtopology nonstop_tsc cpuid aperfmperf pni pclmulqdq dtes64 monitor ds_cpl vmx est tm2 ssse3 sdbg fma cx16 xtpr pdcm pcid sse4_1 sse4_2 x2apic movbe popcnt tsc_deadline_timer aes xsave avx f16c rdrand lahf_lm abm 3dnowprefetch cpuid_fault epb invpcid_single pti ssbd ibrs ibpb stibp tpr_shadow vnmi flexpriority ept vpid ept_ad fsgsbase tsc_adjust bmi1 avx2 smep bmi2 erms invpcid mpx rdseed adx smap clflushopt intel_pt xsaveopt xsavec xgetbv1 xsaves dtherm ida arat pln pts hwp hwp_notify hwp_act_window hwp_epp md_clear flush_l1d
bugs		: cpu_meltdown spectre_v1 spectre_v2 spec_store_bypass l1tf mds swapgs itlb_multihit srbds
bogomips	: 5399.81
clflush size	: 64
cache_alignment	: 64
address sizes	: 39 bits physical, 48 bits virtual
power management:

processor	: 1
vendor_id	: GenuineIntel
cpu family	: 6
model		: 142
model name	: Intel(R) Core(TM) i5-7200U CPU @ 2.50GHz
stepping	: 9
microcode	: 0xd6
cpu MHz		: 2635.095
cache size	: 3072 KB
physical id	: 0
siblings	: 4
core id		: 1
cpu cores	: 2
apicid		: 2
initial apicid	: 2
fpu		: yes
fpu_exception	: yes
cpuid level	: 22
wp		: yes
flags		: fpu vme de pse tsc msr pae mce cx8 apic sep mtrr pge mca cmov pat pse36 clflush dts acpi mmx fxsr sse sse2 ss ht tm pbe syscall nx pdpe1gb rdtscp lm constant_tsc art arch_perfmon pebs bts rep_good nopl xtopology nonstop_tsc cpuid aperfmperf pni pclmulqdq dtes64 monitor ds_cpl vmx est tm2 ssse3 sdbg fma cx16 xtpr pdcm pcid sse4_1 sse4_2 x2apic movbe popcnt tsc_deadline_timer aes xsave avx f16c rdrand lahf_lm abm 3dnowprefetch cpuid_fault epb invpcid_single pti ssbd ibrs ibpb stibp tpr_shadow vnmi flexpriority ept vpid ept_ad fsgsbase tsc_adjust bmi1 avx2 smep bmi2 erms invpcid mpx rdseed adx smap clflushopt intel_pt xsaveopt xsavec xgetbv1 xsaves dtherm ida arat pln pts hwp hwp_notify hwp_act_window hwp_epp md_clear flush_l1d
bugs		: cpu_meltdown spectre_v1 spectre_v2 spec_store_bypass l1tf mds swapgs itlb_multihit srbds
bogomips	: 5399.81
clflush size	: 64
cache_alignment	: 64
address sizes	: 39 bits physical, 48 bits virtual
power management:

processor	: 2
vendor_id	: GenuineIntel
cpu family	: 6
model		: 142
model name	: Intel(R) Core(TM) i5-7200U CPU @ 2.50GHz
stepping	: 9
microcode	: 0xd6
cpu MHz		: 2634.772
cache size	: 3072 KB
physical id	: 0
siblings	: 4
core id		: 0
cpu cores	: 2
apicid		: 1
initial apicid	: 1
fpu		: yes
fpu_exception	: yes
cpuid level	: 22
wp		: yes
flags		: fpu vme de pse tsc msr pae mce cx8 apic sep mtrr pge mca cmov pat pse36 clflush dts acpi mmx fxsr sse sse2 ss ht tm pbe syscall nx pdpe1gb rdtscp lm constant_tsc art arch_perfmon pebs bts rep_good nopl xtopology nonstop_tsc cpuid aperfmperf pni pclmulqdq dtes64 monitor ds_cpl vmx est tm2 ssse3 sdbg fma cx16 xtpr pdcm pcid sse4_1 sse4_2 x2apic movbe popcnt tsc_deadline_timer aes xsave avx f16c rdrand lahf_lm abm 3dnowprefetch cpuid_fault epb invpcid_single pti ssbd ibrs ibpb stibp tpr_shadow vnmi flexpriority ept vpid ept_ad fsgsbase tsc_adjust bmi1 avx2 smep bmi2 erms invpcid mpx rdseed adx smap clflushopt intel_pt xsaveopt xsavec xgetbv1 xsaves dtherm ida arat pln pts hwp hwp_notify hwp_act_window hwp_epp md_clear flush_l1d
bugs		: cpu_meltdown spectre_v1 spectre_v2 spec_store_bypass l1tf mds swapgs itlb_multihit srbds
bogomips	: 5399.81
clflush size	: 64
cache_alignment	: 64
address sizes	: 39 bits physical, 48 bits virtual
power management:

processor	: 3
vendor_id	: GenuineIntel
cpu family	: 6
model		: 142
model name	: Intel(R) Core(TM) i5-7200U CPU @ 2.50GHz
stepping	: 9
microcode	: 0xd6
cpu MHz		: 2634.461
cache size	: 3072 KB
physical id	: 0
siblings	: 4
core id		: 1
cpu cores	: 2
apicid		: 3
initial apicid	: 3
fpu		: yes
fpu_exception	: yes
cpuid level	: 22
wp		: yes
flags		: fpu vme de pse tsc msr pae mce cx8 apic sep mtrr pge mca cmov pat pse36 clflush dts acpi mmx fxsr sse sse2 ss ht tm pbe syscall nx pdpe1gb rdtscp lm constant_tsc art arch_perfmon pebs bts rep_good nopl xtopology nonstop_tsc cpuid aperfmperf pni pclmulqdq dtes64 monitor ds_cpl vmx est tm2 ssse3 sdbg fma cx16 xtpr pdcm pcid sse4_1 sse4_2 x2apic movbe popcnt tsc_deadline_timer aes xsave avx f16c rdrand lahf_lm abm 3dnowprefetch cpuid_fault epb invpcid_single pti ssbd ibrs ibpb stibp tpr_shadow vnmi flexpriority ept vpid ept_ad fsgsbase tsc_adjust bmi1 avx2 smep bmi2 erms invpcid mpx rdseed adx smap clflushopt intel_pt xsaveopt xsavec xgetbv1 xsaves dtherm ida arat pln pts hwp hwp_notify hwp_act_window hwp_epp md_clear flush_l1d
bugs		: cpu_meltdown spectre_v1 spectre_v2 spec_store_bypass l1tf mds swapgs itlb_multihit srbds
bogomips	: 5399.81
clflush size	: 64
cache_alignment	: 64
address sizes	: 39 bits physical, 48 bits virtual
power management:



Memory: 4k page, physical 8048784k(390328k free), swap 2097148k(1501692k free)

vm_info: OpenJDK 64-Bit Server VM (25.242-b3-6222593) for linux-amd64 JRE (1.8.0_242-release-1644-b3-6222593), built by "android-build" with gcc 4.8

time: Thu Sep 17 12:31:40 2020
timezone: CEST
elapsed time: 4 seconds (0d 0h 0m 4s)

