#
# A fatal error has been detected by the Java Runtime Environment:
#
#  SIGSEGV (0xb) at pc=0x00007f36975f4608, pid=10656, tid=0x00007f3680bfb700
#
# JRE version: OpenJDK Runtime Environment (8.0_242) (build 1.8.0_242-release-1644-b3-6222593)
# Java VM: OpenJDK 64-Bit Server VM (25.242-b3-6222593 mixed mode linux-amd64 compressed oops)
# Problematic frame:
# V  [libjvm.so+0x5f9608]  PhaseChaitin::interfere_with_live(unsigned int, IndexSet*)+0x138
#
# Failed to write core dump. Core dumps have been disabled. To enable core dumping, try "ulimit -c unlimited" before starting Java again
#
# If you would like to submit a bug report, please visit:
#   http://bugreport.java.com/bugreport/crash.jsp
#

---------------  T H R E A D  ---------------

Current thread (0x00007f36900bf000):  JavaThread "C2 CompilerThread0" daemon [_thread_in_native, id=10667, stack(0x00007f3680afc000,0x00007f3680bfc000)]

siginfo: si_signo: 11 (SIGSEGV), si_code: 1 (SEGV_MAPERR), si_addr: 0x00007f34505c5e80

Registers:
RAX=0x00007f34505c5e40, RBX=0x00007f3680bf75d0, RCX=0x00000000000008a8, RDX=0x0000000000000008
RSP=0x00007f3680bf75c0, RBP=0x00007f3680bf7640, RSI=0x00007f3680bf7950, RDI=0x00000000000008a8
R8 =0x00007f365101d370, R9 =0x0000000000000000, R10=0x0000000000000000, R11=0x0000000000000000
R12=0x000000000000233e, R13=0x00000000001606c0, R14=0x00007f3651182760, R15=0x00007f3680bf7b90
RIP=0x00007f36975f4608, EFLAGS=0x0000000000010203, CSGSFS=0x002b000000000033, ERR=0x0000000000000004
  TRAPNO=0x000000000000000e

Top of Stack: (sp=0x00007f3680bf75c0)
0x00007f3680bf75c0:   00002248500ab920 00007f365101b7f0
0x00007f3680bf75d0:   000008aa00000000 0000000000000006
0x00007f3680bf75e0:   00007f36484e4540 00007f3600000009
0x00007f3680bf75f0:   00007f36484e49a8 00007f3600000031
0x00007f3680bf7600:   00007f3680bf77d0 00007f3680bf76d0
0x00007f3680bf7610:   00007f3680bf7620 00007f36500a2180
0x00007f3680bf7620:   00007f3648346370 00007f3651182760
0x00007f3680bf7630:   000000000000233e 00007f3680bf7b90
0x00007f3680bf7640:   00007f3680bf78a0 00007f36975f574f
0x00007f3680bf7650:   00007f3658c2ec70 00007f3680bf76d0
0x00007f3680bf7660:   00007f3680bf76e0 fffffffe00000006
0x00007f3680bf7670:   00007f3650941100 0000000000000000
0x00007f3680bf7680:   00007f3680bf7720 00007f3680bf7750
0x00007f3680bf7690:   000000000000009d 00007f3680bf77d0
0x00007f3680bf76a0:   0000001f000005eb 00007f36510d5a70
0x00007f3680bf76b0:   00000000000e5130 00007f3648346370
0x00007f3680bf76c0:   000000190000001a 3e9094a97f000000
0x00007f3680bf76d0:   0000000000000002 00007f36489078b0
0x00007f3680bf76e0:   0000001e00000020 00007f36480595f8
0x00007f3680bf76f0:   00000000c0000000 0000000000000000
0x00007f3680bf7700:   0000000000000000 0000000000000000
0x00007f3680bf7710:   0000000000000000 00007f3697761949
0x00007f3680bf7720:   ffffffff3f3fffff ffffffffffffffff
0x00007f3680bf7730:   00000003ffffffff 0000000000000000
0x00007f3680bf7740:   0000000000000000 da4d486ab2555300
0x00007f3680bf7750:   00002fd600000000 00007f3600000008
0x00007f3680bf7760:   00007f36484e4580 00007f3600000001
0x00007f3680bf7770:   00007f36484e4820 00007f3600000001
0x00007f3680bf7780:   00007f3680bf77d0 00007f36972e01d6
0x00007f3680bf7790:   0000000500000000 0303030300000008
0x00007f3680bf77a0:   00007f36484e4560 0000000000000031
0x00007f3680bf77b0:   00007f36484e49a8 0000000000000031 

Instructions: (pc=0x00007f36975f4608)
0x00007f36975f45e8:   09 c2 44 09 c2 0f 84 2d ff ff ff 41 39 cc 72 71
0x00007f36975f45f8:   4d 89 e8 4c 03 46 10 49 8b 40 08 89 ca c1 ea 08
0x00007f36975f4608:   48 8b 04 d0 48 3b 05 f5 9d 6d 00 74 7b be 01 00
0x00007f36975f4618:   00 00 d3 e6 c1 e9 05 83 e1 07 48 8d 14 88 8b 02 

Register to memory mapping:

RAX=0x00007f34505c5e40 is an unknown value
RBX=0x00007f3680bf75d0 is pointing into the stack for thread: 0x00007f36900bf000
RCX=0x00000000000008a8 is an unknown value
RDX=0x0000000000000008 is an unknown value
RSP=0x00007f3680bf75c0 is pointing into the stack for thread: 0x00007f36900bf000
RBP=0x00007f3680bf7640 is pointing into the stack for thread: 0x00007f36900bf000
RSI=0x00007f3680bf7950 is pointing into the stack for thread: 0x00007f36900bf000
RDI=0x00000000000008a8 is an unknown value
R8 =0x00007f365101d370 is an unknown value
R9 =0x0000000000000000 is an unknown value
R10=0x0000000000000000 is an unknown value
R11=0x0000000000000000 is an unknown value
R12=0x000000000000233e is an unknown value
R13=0x00000000001606c0 is an unknown value
R14=0x00007f3651182760 is an unknown value
R15=0x00007f3680bf7b90 is pointing into the stack for thread: 0x00007f36900bf000


Stack: [0x00007f3680afc000,0x00007f3680bfc000],  sp=0x00007f3680bf75c0,  free space=1005k
Native frames: (J=compiled Java code, j=interpreted, Vv=VM code, C=native code)
V  [libjvm.so+0x5f9608]  PhaseChaitin::interfere_with_live(unsigned int, IndexSet*)+0x138
V  [libjvm.so+0x5fa74f]  PhaseChaitin::build_ifg_physical(ResourceArea*)+0x87f
V  [libjvm.so+0x3fbd28]  PhaseChaitin::Register_Allocate()+0x5f8
V  [libjvm.so+0x483a68]  Compile::Code_Gen()+0x2d8
V  [libjvm.so+0x484dce]  Compile::Compile(ciEnv*, C2Compiler*, ciMethod*, int, bool, bool, bool)+0x113e
V  [libjvm.so+0x3dfc48]  C2Compiler::compile_method(ciEnv*, ciMethod*, int)+0x1c8
V  [libjvm.so+0x48d382]  CompileBroker::invoke_compiler_on_method(CompileTask*)+0x852
V  [libjvm.so+0x48e228]  CompileBroker::compiler_thread_loop()+0x4e8
V  [libjvm.so+0x9bef08]  JavaThread::thread_main_inner()+0xd8
V  [libjvm.so+0x8760c2]  java_start(Thread*)+0xf2
C  [libpthread.so.0+0x9609]  start_thread+0xd9


Current CompileTask:
C2:   4097 1723   !   4       java.net.URLClassLoader$1::run (63 bytes)


---------------  P R O C E S S  ---------------

Java Threads: ( => current thread )
  0x00007f36900d1000 JavaThread "Service Thread" daemon [_thread_blocked, id=10670, stack(0x00007f36807f8000,0x00007f36808f9000)]
  0x00007f36900c4000 JavaThread "C1 CompilerThread2" daemon [_thread_blocked, id=10669, stack(0x00007f36808fa000,0x00007f36809fa000)]
  0x00007f36900c2000 JavaThread "C2 CompilerThread1" daemon [_thread_blocked, id=10668, stack(0x00007f36809fb000,0x00007f3680afb000)]
=>0x00007f36900bf000 JavaThread "C2 CompilerThread0" daemon [_thread_in_native, id=10667, stack(0x00007f3680afc000,0x00007f3680bfc000)]
  0x00007f36900bd000 JavaThread "Signal Dispatcher" daemon [_thread_blocked, id=10666, stack(0x00007f3680bfc000,0x00007f3680cfd000)]
  0x00007f369008b800 JavaThread "Finalizer" daemon [_thread_blocked, id=10665, stack(0x00007f3680cfd000,0x00007f3680dfe000)]
  0x00007f3690087000 JavaThread "Reference Handler" daemon [_thread_blocked, id=10664, stack(0x00007f3680dfe000,0x00007f3680eff000)]
  0x00007f3690010800 JavaThread "main" [_thread_blocked, id=10658, stack(0x00007f3696dac000,0x00007f3696eac000)]

Other Threads:
  0x00007f369007d800 VMThread [stack: 0x00007f3680f00000,0x00007f3681000000] [id=10663]
  0x00007f36900dc000 WatcherThread [stack: 0x00007f36806f8000,0x00007f36807f8000] [id=10671]

VM state:at safepoint (normal execution)

VM Mutex/Monitor currently owned by a thread:  ([mutex/lock_event])
[0x00007f369000d940] Threads_lock - owner thread: 0x00007f369007d800
[0x00007f369000de40] Heap_lock - owner thread: 0x00007f3690010800

heap address: 0x0000000085200000, size: 1966 MB, Compressed Oops mode: 32-bit
Narrow klass base: 0x0000000000000000, Narrow klass shift: 3
Compressed class space size: 1073741824 Address: 0x0000000100000000

Heap:
 PSYoungGen      total 68608K, used 63488K [0x00000000d7100000, 0x00000000df700000, 0x0000000100000000)
  eden space 63488K, 100% used [0x00000000d7100000,0x00000000daf00000,0x00000000daf00000)
  from space 5120K, 0% used [0x00000000daf00000,0x00000000daf00000,0x00000000db400000)
  to   space 5120K, 99% used [0x00000000df200000,0x00000000df6f8c70,0x00000000df700000)
 ParOldGen       total 64512K, used 19168K [0x0000000085200000, 0x0000000089100000, 0x00000000d7100000)
  object space 64512K, 29% used [0x0000000085200000,0x00000000864b8068,0x0000000089100000)
 Metaspace       used 28828K, capacity 29317K, committed 29568K, reserved 1075200K
  class space    used 3509K, capacity 3670K, committed 3712K, reserved 1048576K

Card table byte_map: [0x00007f369659b000,0x00007f3696973000] byte_map_base: 0x00007f3696172000

Marking Bits: (ParMarkBitMap*) 0x00007f3697d107e0
 Begin Bits: [0x00007f3678290000, 0x00007f367a148000)
 End Bits:   [0x00007f367a148000, 0x00007f367c000000)

Polling page: 0x00007f3697fb3000

CodeCache: size=245760Kb used=6007Kb max_used=6010Kb free=239752Kb
 bounds [0x00007f3681000000, 0x00007f36815f0000, 0x00007f3690000000]
 total_blobs=2425 nmethods=2007 adapters=332
 compilation: enabled

Compilation events (10 events):
Event: 4,018 Thread 0x00007f36900c4000 2012       3       kotlin.collections.CollectionsKt___CollectionsKt::single (85 bytes)
Event: 4,019 Thread 0x00007f36900c4000 nmethod 2012 0x00007f36815e0610 code [0x00007f36815e0820, 0x00007f36815e1198]
Event: 4,030 Thread 0x00007f36900c2000 2013       4       java.nio.HeapByteBuffer::get (14 bytes)
Event: 4,031 Thread 0x00007f36900c2000 nmethod 2013 0x00007f36815e0310 code [0x00007f36815e0460, 0x00007f36815e0538]
Event: 4,032 Thread 0x00007f36900c4000 2015       3       java.lang.reflect.WeakCache$CacheKey::<init> (15 bytes)
Event: 4,032 Thread 0x00007f36900c4000 nmethod 2015 0x00007f36815dd410 code [0x00007f36815dd5a0, 0x00007f36815dd8e8]
Event: 4,053 Thread 0x00007f36900c4000 2016       3       java.lang.Class::copyConstructors (38 bytes)
Event: 4,058 Thread 0x00007f36900c4000 nmethod 2016 0x00007f36815dc210 code [0x00007f36815dc420, 0x00007f36815dcee8]
Event: 4,061 Thread 0x00007f36900c4000 2017       3       java.lang.reflect.WeakCache$CacheKey::equals (46 bytes)
Event: 4,061 Thread 0x00007f36900c4000 nmethod 2017 0x00007f36815db990 code [0x00007f36815dbb20, 0x00007f36815dc110]

GC Heap History (9 events):
Event: 1,052 GC heap before
{Heap before GC invocations=1 (full 0):
 PSYoungGen      total 36864K, used 31744K [0x00000000d7100000, 0x00000000d9a00000, 0x0000000100000000)
  eden space 31744K, 100% used [0x00000000d7100000,0x00000000d9000000,0x00000000d9000000)
  from space 5120K, 0% used [0x00000000d9500000,0x00000000d9500000,0x00000000d9a00000)
  to   space 5120K, 0% used [0x00000000d9000000,0x00000000d9000000,0x00000000d9500000)
 ParOldGen       total 84992K, used 0K [0x0000000085200000, 0x000000008a500000, 0x00000000d7100000)
  object space 84992K, 0% used [0x0000000085200000,0x0000000085200000,0x000000008a500000)
 Metaspace       used 10245K, capacity 10428K, committed 10752K, reserved 1058816K
  class space    used 1116K, capacity 1180K, committed 1280K, reserved 1048576K
Event: 1,071 GC heap after
Heap after GC invocations=1 (full 0):
 PSYoungGen      total 36864K, used 5097K [0x00000000d7100000, 0x00000000db900000, 0x0000000100000000)
  eden space 31744K, 0% used [0x00000000d7100000,0x00000000d7100000,0x00000000d9000000)
  from space 5120K, 99% used [0x00000000d9000000,0x00000000d94fa760,0x00000000d9500000)
  to   space 5120K, 0% used [0x00000000db400000,0x00000000db400000,0x00000000db900000)
 ParOldGen       total 84992K, used 2458K [0x0000000085200000, 0x000000008a500000, 0x00000000d7100000)
  object space 84992K, 2% used [0x0000000085200000,0x0000000085466b88,0x000000008a500000)
 Metaspace       used 10245K, capacity 10428K, committed 10752K, reserved 1058816K
  class space    used 1116K, capacity 1180K, committed 1280K, reserved 1048576K
}
Event: 1,933 GC heap before
{Heap before GC invocations=2 (full 0):
 PSYoungGen      total 36864K, used 36841K [0x00000000d7100000, 0x00000000db900000, 0x0000000100000000)
  eden space 31744K, 100% used [0x00000000d7100000,0x00000000d9000000,0x00000000d9000000)
  from space 5120K, 99% used [0x00000000d9000000,0x00000000d94fa760,0x00000000d9500000)
  to   space 5120K, 0% used [0x00000000db400000,0x00000000db400000,0x00000000db900000)
 ParOldGen       total 84992K, used 2458K [0x0000000085200000, 0x000000008a500000, 0x00000000d7100000)
  object space 84992K, 2% used [0x0000000085200000,0x0000000085466b88,0x000000008a500000)
 Metaspace       used 15703K, capacity 16034K, committed 16384K, reserved 1062912K
  class space    used 1838K, capacity 1945K, committed 2048K, reserved 1048576K
Event: 1,970 GC heap after
Heap after GC invocations=2 (full 0):
 PSYoungGen      total 68608K, used 5109K [0x00000000d7100000, 0x00000000db900000, 0x0000000100000000)
  eden space 63488K, 0% used [0x00000000d7100000,0x00000000d7100000,0x00000000daf00000)
  from space 5120K, 99% used [0x00000000db400000,0x00000000db8fd468,0x00000000db900000)
  to   space 5120K, 0% used [0x00000000daf00000,0x00000000daf00000,0x00000000db400000)
 ParOldGen       total 84992K, used 7291K [0x0000000085200000, 0x000000008a500000, 0x00000000d7100000)
  object space 84992K, 8% used [0x0000000085200000,0x000000008591ec60,0x000000008a500000)
 Metaspace       used 15703K, capacity 16034K, committed 16384K, reserved 1062912K
  class space    used 1838K, capacity 1945K, committed 2048K, reserved 1048576K
}
Event: 2,468 GC heap before
{Heap before GC invocations=3 (full 0):
 PSYoungGen      total 68608K, used 25844K [0x00000000d7100000, 0x00000000db900000, 0x0000000100000000)
  eden space 63488K, 32% used [0x00000000d7100000,0x00000000d853ff40,0x00000000daf00000)
  from space 5120K, 99% used [0x00000000db400000,0x00000000db8fd468,0x00000000db900000)
  to   space 5120K, 0% used [0x00000000daf00000,0x00000000daf00000,0x00000000db400000)
 ParOldGen       total 84992K, used 7291K [0x0000000085200000, 0x000000008a500000, 0x00000000d7100000)
  object space 84992K, 8% used [0x0000000085200000,0x000000008591ec60,0x000000008a500000)
 Metaspace       used 20687K, capacity 21100K, committed 21296K, reserved 1069056K
  class space    used 2441K, capacity 2590K, committed 2688K, reserved 1048576K
Event: 2,490 GC heap after
Heap after GC invocations=3 (full 0):
 PSYoungGen      total 68608K, used 5093K [0x00000000d7100000, 0x00000000df700000, 0x0000000100000000)
  eden space 63488K, 0% used [0x00000000d7100000,0x00000000d7100000,0x00000000daf00000)
  from space 5120K, 99% used [0x00000000daf00000,0x00000000db3f9488,0x00000000db400000)
  to   space 5120K, 0% used [0x00000000df200000,0x00000000df200000,0x00000000df700000)
 ParOldGen       total 84992K, used 11694K [0x0000000085200000, 0x000000008a500000, 0x00000000d7100000)
  object space 84992K, 13% used [0x0000000085200000,0x0000000085d6b868,0x000000008a500000)
 Metaspace       used 20687K, capacity 21100K, committed 21296K, reserved 1069056K
  class space    used 2441K, capacity 2590K, committed 2688K, reserved 1048576K
}
Event: 2,490 GC heap before
{Heap before GC invocations=4 (full 1):
 PSYoungGen      total 68608K, used 5093K [0x00000000d7100000, 0x00000000df700000, 0x0000000100000000)
  eden space 63488K, 0% used [0x00000000d7100000,0x00000000d7100000,0x00000000daf00000)
  from space 5120K, 99% used [0x00000000daf00000,0x00000000db3f9488,0x00000000db400000)
  to   space 5120K, 0% used [0x00000000df200000,0x00000000df200000,0x00000000df700000)
 ParOldGen       total 84992K, used 11694K [0x0000000085200000, 0x000000008a500000, 0x00000000d7100000)
  object space 84992K, 13% used [0x0000000085200000,0x0000000085d6b868,0x000000008a500000)
 Metaspace       used 20687K, capacity 21100K, committed 21296K, reserved 1069056K
  class space    used 2441K, capacity 2590K, committed 2688K, reserved 1048576K
Event: 2,579 GC heap after
Heap after GC invocations=4 (full 1):
 PSYoungGen      total 68608K, used 0K [0x00000000d7100000, 0x00000000df700000, 0x0000000100000000)
  eden space 63488K, 0% used [0x00000000d7100000,0x00000000d7100000,0x00000000daf00000)
  from space 5120K, 0% used [0x00000000daf00000,0x00000000daf00000,0x00000000db400000)
  to   space 5120K, 0% used [0x00000000df200000,0x00000000df200000,0x00000000df700000)
 ParOldGen       total 64512K, used 9299K [0x0000000085200000, 0x0000000089100000, 0x00000000d7100000)
  object space 64512K, 14% used [0x0000000085200000,0x0000000085b14f98,0x0000000089100000)
 Metaspace       used 20687K, capacity 21100K, committed 21296K, reserved 1069056K
  class space    used 2441K, capacity 2590K, committed 2688K, reserved 1048576K
}
Event: 4,068 GC heap before
{Heap before GC invocations=5 (full 1):
 PSYoungGen      total 68608K, used 63488K [0x00000000d7100000, 0x00000000df700000, 0x0000000100000000)
  eden space 63488K, 100% used [0x00000000d7100000,0x00000000daf00000,0x00000000daf00000)
  from space 5120K, 0% used [0x00000000daf00000,0x00000000daf00000,0x00000000db400000)
  to   space 5120K, 0% used [0x00000000df200000,0x00000000df200000,0x00000000df700000)
 ParOldGen       total 64512K, used 9299K [0x0000000085200000, 0x0000000089100000, 0x00000000d7100000)
  object space 64512K, 14% used [0x0000000085200000,0x0000000085b14f98,0x0000000089100000)
 Metaspace       used 28828K, capacity 29317K, committed 29568K, reserved 1075200K
  class space    used 3509K, capacity 3670K, committed 3712K, reserved 1048576K

Deoptimization events (10 events):
Event: 2,747 Thread 0x00007f3690010800 Uncommon trap: reason=unstable_if action=reinterpret pc=0x00007f368136e8c4 method=java.lang.String.<init>([CII)V @ 18
Event: 3,108 Thread 0x00007f3690010800 Uncommon trap: reason=class_check action=maybe_recompile pc=0x00007f36814e0a20 method=gnu.trove.TObjectHash.computeHashCode(Ljava/lang/Object;)I @ 5
Event: 3,108 Thread 0x00007f3690010800 Uncommon trap: reason=class_check action=maybe_recompile pc=0x00007f36814e0a20 method=gnu.trove.TObjectHash.computeHashCode(Ljava/lang/Object;)I @ 5
Event: 3,108 Thread 0x00007f3690010800 Uncommon trap: reason=class_check action=maybe_recompile pc=0x00007f36814e0a20 method=gnu.trove.TObjectHash.computeHashCode(Ljava/lang/Object;)I @ 5
Event: 3,108 Thread 0x00007f3690010800 Uncommon trap: reason=class_check action=maybe_recompile pc=0x00007f36814e0a20 method=gnu.trove.TObjectHash.computeHashCode(Ljava/lang/Object;)I @ 5
Event: 3,108 Thread 0x00007f3690010800 Uncommon trap: reason=class_check action=maybe_recompile pc=0x00007f36814d7b08 method=gnu.trove.TObjectHash.equals(Ljava/lang/Object;Ljava/lang/Object;)Z @ 6
Event: 3,108 Thread 0x00007f3690010800 Uncommon trap: reason=class_check action=maybe_recompile pc=0x00007f36814d7b08 method=gnu.trove.TObjectHash.equals(Ljava/lang/Object;Ljava/lang/Object;)Z @ 6
Event: 3,108 Thread 0x00007f3690010800 Uncommon trap: reason=class_check action=maybe_recompile pc=0x00007f36814d7b08 method=gnu.trove.TObjectHash.equals(Ljava/lang/Object;Ljava/lang/Object;)Z @ 6
Event: 3,114 Thread 0x00007f3690010800 Uncommon trap: reason=class_check action=maybe_recompile pc=0x00007f36814d7b08 method=gnu.trove.TObjectHash.equals(Ljava/lang/Object;Ljava/lang/Object;)Z @ 6
Event: 3,767 Thread 0x00007f3690010800 Uncommon trap: reason=range_check action=make_not_entrant pc=0x00007f3681384100 method=sun.reflect.generics.parser.SignatureParser.current()C @ 34

Classes redefined (0 events):
No events

Internal exceptions (10 events):
Event: 0,409 Thread 0x00007f3690010800 Exception <a 'java/lang/UnsatisfiedLinkError'> (0x00000000d75f5f40) thrown at [/buildbot/src/googleplex-android/openjdk/out/hotspot/src/share/vm/oops/instanceKlass.cpp, line 960]
Event: 0,985 Thread 0x00007f3690010800 Exception <a 'java/lang/ArrayIndexOutOfBoundsException'> (0x00000000d8cf4850) thrown at [/buildbot/src/googleplex-android/openjdk/out/hotspot/src/share/vm/runtime/sharedRuntime.cpp, line 605]
Event: 1,291 Thread 0x00007f3690010800 Exception <a 'java/lang/ArrayIndexOutOfBoundsException'> (0x00000000d77b1d68) thrown at [/buildbot/src/googleplex-android/openjdk/out/hotspot/src/share/vm/runtime/sharedRuntime.cpp, line 605]
Event: 2,069 Thread 0x00007f3690010800 Exception <a 'java/lang/NoSuchMethodError': java.lang.Object.lambda$comparing$77a9974f$1(Ljava/util/function/Function;Ljava/lang/Object;Ljava/lang/Object;)I> (0x00000000d753bd20) thrown at [/buildbot/src/googleplex-android/openjdk/out/hotspot/src/share/vm
Event: 2,089 Thread 0x00007f3690010800 Exception <a 'java/lang/NoSuchMethodError': java.lang.Object.lambda$static$0()J> (0x00000000d763da38) thrown at [/buildbot/src/googleplex-android/openjdk/out/hotspot/src/share/vm/interpreter/linkResolver.cpp, line 620]
Event: 2,307 Thread 0x00007f3690010800 Exception <a 'java/lang/NoSuchMethodError': java.lang.Object.lambda$static$0(I)[Lorg/jetbrains/kotlin/com/intellij/openapi/editor/event/DocumentListener;> (0x00000000d7d84920) thrown at [/buildbot/src/googleplex-android/openjdk/out/hotspot/src/share/vm/in
Event: 2,359 Thread 0x00007f3690010800 Exception <a 'java/lang/NoSuchMethodError': java.lang.Object.lambda$static$0(I)[Lorg/jetbrains/kotlin/com/intellij/psi/PsiAnnotation;> (0x00000000d7f9eae0) thrown at [/buildbot/src/googleplex-android/openjdk/out/hotspot/src/share/vm/interpreter/linkResolv
Event: 2,604 Thread 0x00007f3690010800 Exception <a 'java/lang/NoSuchMethodError': java.lang.Object.lambda$static$0(I)[Lorg/jetbrains/kotlin/com/intellij/psi/PsiElement;> (0x00000000d71d9008) thrown at [/buildbot/src/googleplex-android/openjdk/out/hotspot/src/share/vm/interpreter/linkResolver.
Event: 3,767 Thread 0x00007f3690010800 Exception <a 'java/lang/ArrayIndexOutOfBoundsException': 126> (0x00000000da1d7560) thrown at [/buildbot/src/googleplex-android/openjdk/out/hotspot/src/share/vm/interpreter/interpreterRuntime.cpp, line 368]
Event: 3,767 Thread 0x00007f3690010800 Exception <a 'java/lang/ArrayIndexOutOfBoundsException': 86> (0x00000000da1d89e8) thrown at [/buildbot/src/googleplex-android/openjdk/out/hotspot/src/share/vm/interpreter/interpreterRuntime.cpp, line 368]

Events (10 events):
Event: 4,065 loading class org/jetbrains/kotlin/resolve/calls/tower/KotlinResolutionCallbacksImpl$LambdaInfo done
Event: 4,066 loading class org/jetbrains/kotlin/contracts/EffectSystem
Event: 4,066 loading class org/jetbrains/kotlin/contracts/EffectSystem done
Event: 4,067 loading class org/jetbrains/kotlin/types/expressions/ControlStructureTypingUtils
Event: 4,067 loading class org/jetbrains/kotlin/types/expressions/ControlStructureTypingUtils done
Event: 4,068 loading class org/jetbrains/kotlin/types/expressions/ForLoopConventionsChecker
Event: 4,068 loading class org/jetbrains/kotlin/types/expressions/ForLoopConventionsChecker done
Event: 4,068 loading class org/jetbrains/kotlin/types/expressions/FakeCallResolver
Event: 4,068 loading class org/jetbrains/kotlin/types/expressions/FakeCallResolver done
Event: 4,068 Executing VM operation: ParallelGCFailedAllocation


Dynamic libraries:
00400000-00401000 r-xp 00000000 08:05 3675141                            /home/oki/Desktop/android-studio/jre/jre/bin/java
00401000-00402000 r--p 00000000 08:05 3675141                            /home/oki/Desktop/android-studio/jre/jre/bin/java
00402000-00403000 rw-p 00001000 08:05 3675141                            /home/oki/Desktop/android-studio/jre/jre/bin/java
00e15000-00e36000 rw-p 00000000 00:00 0                                  [heap]
85200000-89100000 rw-p 00000000 00:00 0 
89100000-d7100000 ---p 00000000 00:00 0 
d7100000-df700000 rw-p 00000000 00:00 0 
df700000-100000000 ---p 00000000 00:00 0 
100000000-1003a0000 rw-p 00000000 00:00 0 
1003a0000-140000000 ---p 00000000 00:00 0 
7f3640000000-7f3640021000 rw-p 00000000 00:00 0 
7f3640021000-7f3644000000 ---p 00000000 00:00 0 
7f3644fff000-7f3648000000 rw-p 00000000 00:00 0 
7f3648000000-7f364899c000 rw-p 00000000 00:00 0 
7f364899c000-7f364c000000 ---p 00000000 00:00 0 
7f364c000000-7f364c021000 rw-p 00000000 00:00 0 
7f364c021000-7f3650000000 ---p 00000000 00:00 0 
7f3650000000-7f3651487000 rw-p 00000000 00:00 0 
7f3651487000-7f3654000000 ---p 00000000 00:00 0 
7f3654000000-7f3654021000 rw-p 00000000 00:00 0 
7f3654021000-7f3658000000 ---p 00000000 00:00 0 
7f3658000000-7f3659499000 rw-p 00000000 00:00 0 
7f3659499000-7f365c000000 ---p 00000000 00:00 0 
7f365c000000-7f365c021000 rw-p 00000000 00:00 0 
7f365c021000-7f3660000000 ---p 00000000 00:00 0 
7f3661fa9000-7f36620e9000 rw-p 00000000 00:00 0 
7f36620e9000-7f36621a9000 ---p 00000000 00:00 0 
7f36621a9000-7f36623a9000 rw-p 00000000 00:00 0 
7f36623a9000-7f36625a9000 rw-p 00000000 00:00 0 
7f36625a9000-7f36627a9000 rw-p 00000000 00:00 0 
7f36627a9000-7f36629a9000 rw-p 00000000 00:00 0 
7f36629a9000-7f3662ba9000 rw-p 00000000 00:00 0 
7f3662ba9000-7f3662da9000 rw-p 00000000 00:00 0 
7f3662da9000-7f3662fa9000 rw-p 00000000 00:00 0 
7f3662fa9000-7f3664000000 r--p 00000000 08:05 4331930                    /usr/lib/locale/locale-archive
7f3664000000-7f3664021000 rw-p 00000000 00:00 0 
7f3664021000-7f3668000000 ---p 00000000 00:00 0 
7f3668000000-7f3668021000 rw-p 00000000 00:00 0 
7f3668021000-7f366c000000 ---p 00000000 00:00 0 
7f366c000000-7f366c021000 rw-p 00000000 00:00 0 
7f366c021000-7f3670000000 ---p 00000000 00:00 0 
7f3670000000-7f3670021000 rw-p 00000000 00:00 0 
7f3670021000-7f3674000000 ---p 00000000 00:00 0 
7f3674000000-7f3674021000 rw-p 00000000 00:00 0 
7f3674021000-7f3678000000 ---p 00000000 00:00 0 
7f3678090000-7f367c000000 rw-p 00000000 00:00 0 
7f367c000000-7f367c021000 rw-p 00000000 00:00 0 
7f367c021000-7f3680000000 ---p 00000000 00:00 0 
7f36800f8000-7f3680111000 r--s 0015b000 08:05 5911600                    /home/oki/.gradle/caches/transforms-2/files-2.1/d72ac31c6d3da21ab065de5ebc72b163/jetified-kotlinx-coroutines-core-1.3.0.jar
7f3680111000-7f3680115000 r--s 0005e000 08:05 5909220                    /home/oki/.gradle/caches/transforms-2/files-2.1/38626c6b144a6fa1c8aaf9fdf2c1272d/jetified-core-ktx-1.3.1-api.jar
7f3680115000-7f368011d000 r--s 00024000 08:05 5906731                    /home/oki/.gradle/caches/transforms-2/files-2.1/4b0acff36498a4406b228709bc6a1bda/jetified-kotlin-stdlib-common-1.3.72.jar
7f368011d000-7f3680131000 r--s 0013d000 08:05 5908217                    /home/oki/.gradle/caches/transforms-2/files-2.1/06a2f0c8fbd2b8867f17f8bcbcd45ecd/jetified-kotlin-stdlib-1.3.72.jar
7f3680148000-7f368014a000 r--s 00000000 08:05 5911574                    /home/oki/.gradle/caches/transforms-2/files-2.1/b1904e65a2f35e6289297871a25bd8d0/jetified-lifecycle-livedata-core-ktx-2.2.0-api.jar
7f368014a000-7f368014c000 r--s 0000f000 08:05 5911591                    /home/oki/.gradle/caches/transforms-2/files-2.1/ae926e1d355a5ba3d5ab2a5599b659ce/navigation-common-ktx-2.3.0-api.jar
7f368014c000-7f368014d000 r--p 00000000 08:05 4333774                    /usr/lib/x86_64-linux-gnu/libutil-2.31.so
7f368014d000-7f368014e000 r-xp 00001000 08:05 4333774                    /usr/lib/x86_64-linux-gnu/libutil-2.31.so
7f368014e000-7f368014f000 r--p 00002000 08:05 4333774                    /usr/lib/x86_64-linux-gnu/libutil-2.31.so
7f368014f000-7f3680150000 r--p 00002000 08:05 4333774                    /usr/lib/x86_64-linux-gnu/libutil-2.31.so
7f3680150000-7f3680151000 rw-p 00003000 08:05 4333774                    /usr/lib/x86_64-linux-gnu/libutil-2.31.so
7f3680154000-7f3680155000 r--s 00002000 08:05 5911578                    /home/oki/.gradle/caches/transforms-2/files-2.1/97c0ea1ee8d08520753f84b5e1508e3b/jetified-lifecycle-viewmodel-ktx-2.2.0-api.jar
7f3680156000-7f3680157000 r--s 00004000 08:05 5911597                    /home/oki/.gradle/caches/transforms-2/files-2.1/fa0c03a9a6edc3dc026aa9869536bb62/jetified-kotlinx-coroutines-android-1.3.0.jar
7f3680157000-7f3680158000 r--s 0000c000 08:05 5911563                    /home/oki/.gradle/caches/transforms-2/files-2.1/cee72c8fd2406f232eb6ad54ca2ca199/jetified-lifecycle-runtime-ktx-2.2.0-api.jar
7f3680158000-7f3680159000 r--s 00004000 08:05 5911585                    /home/oki/.gradle/caches/transforms-2/files-2.1/51ccd4696e59a74eff078deba5e224f4/jetified-collection-ktx-1.1.0.jar
7f3680159000-7f368015b000 r--s 00005000 08:05 5911524                    /home/oki/.gradle/caches/transforms-2/files-2.1/9b954b87cb13c6ffcf0d905022c8b8f2/jetified-activity-ktx-1.1.0-api.jar
7f368015b000-7f3680162000 r--s 0004f000 08:05 5782020                    /home/oki/.gradle/caches/modules-2/files-2.1/org.jetbrains.kotlin/kotlin-android-extensions/1.3.72/ecbb105a12a9766d2188f454b3bc3aab46cb80b6/kotlin-android-extensions-1.3.72.jar
7f3680162000-7f3680165000 r-xp 00000000 08:05 5775379                    /tmp/libjansi-1.3.72-release-468 (1.3.72)-7840225478663950499.so
7f3680165000-7f3680364000 ---p 00003000 08:05 5775379                    /tmp/libjansi-1.3.72-release-468 (1.3.72)-7840225478663950499.so
7f3680364000-7f3680365000 rw-p 00002000 08:05 5775379                    /tmp/libjansi-1.3.72-release-468 (1.3.72)-7840225478663950499.so
7f3680365000-7f36803df000 r--s 01104000 08:05 3674952                    /home/oki/Desktop/android-studio/jre/lib/tools.jar
7f36803df000-7f36803e7000 r--s 00024000 08:05 5782070                    /home/oki/.gradle/caches/modules-2/files-2.1/org.jetbrains.kotlin/kotlin-stdlib-common/1.3.72/6ca8bee3d88957eaaaef077c41c908c9940492d8/kotlin-stdlib-common-1.3.72.jar
7f36803e7000-7f36803fe000 r--s 00108000 08:05 5782066                    /home/oki/.gradle/caches/modules-2/files-2.1/org.jetbrains.kotlin/kotlin-daemon-embeddable/1.3.72/53bbaa2816dbf6bdb85f629451b1fcc88f2164d2/kotlin-daemon-embeddable-1.3.72.jar
7f36803fe000-7f3680412000 r--s 0013d000 08:05 5782035                    /home/oki/.gradle/caches/modules-2/files-2.1/org.jetbrains.kotlin/kotlin-stdlib/1.3.72/8032138f12c0180bc4e51fe139d4c52b46db6109/kotlin-stdlib-1.3.72.jar
7f3680412000-7f368044c000 r--s 00284000 08:05 5782026                    /home/oki/.gradle/caches/modules-2/files-2.1/org.jetbrains.kotlin/kotlin-reflect/1.3.72/86613e1a669a701b0c660bfd2af4f82a7ae11fca/kotlin-reflect-1.3.72.jar
7f368044c000-7f368049c000 rw-p 00000000 00:00 0 
7f368049c000-7f36806f7000 r--s 023fc000 08:05 5782021                    /home/oki/.gradle/caches/modules-2/files-2.1/org.jetbrains.kotlin/kotlin-compiler-embeddable/1.3.72/37bc2d60fc036ef128e77062a1c8c58c5762f7d5/kotlin-compiler-embeddable-1.3.72.jar
7f36806f7000-7f36806f8000 ---p 00000000 00:00 0 
7f36806f8000-7f36807f8000 rw-p 00000000 00:00 0 
7f36807f8000-7f36807fb000 ---p 00000000 00:00 0 
7f36807fb000-7f36808f9000 rw-p 00000000 00:00 0 
7f36808f9000-7f36808fa000 ---p 00000000 00:00 0 
7f36808fa000-7f36808fd000 ---p 00000000 00:00 0 
7f36808fd000-7f36809fa000 rw-p 00000000 00:00 0 
7f36809fa000-7f36809fb000 ---p 00000000 00:00 0 
7f36809fb000-7f36809fe000 ---p 00000000 00:00 0 
7f36809fe000-7f3680afb000 rw-p 00000000 00:00 0 
7f3680afb000-7f3680afc000 ---p 00000000 00:00 0 
7f3680afc000-7f3680aff000 ---p 00000000 00:00 0 
7f3680aff000-7f3680bfc000 rw-p 00000000 00:00 0 
7f3680bfc000-7f3680bff000 ---p 00000000 00:00 0 
7f3680bff000-7f3680cfd000 rw-p 00000000 00:00 0 
7f3680cfd000-7f3680d00000 ---p 00000000 00:00 0 
7f3680d00000-7f3680dfe000 rw-p 00000000 00:00 0 
7f3680dfe000-7f3680e01000 ---p 00000000 00:00 0 
7f3680e01000-7f3680eff000 rw-p 00000000 00:00 0 
7f3680eff000-7f3680f00000 ---p 00000000 00:00 0 
7f3680f00000-7f3681000000 rw-p 00000000 00:00 0 
7f3681000000-7f36815f0000 rwxp 00000000 00:00 0 
7f36815f0000-7f3690000000 ---p 00000000 00:00 0 
7f3690000000-7f3691169000 rw-p 00000000 00:00 0 
7f3691169000-7f3694000000 ---p 00000000 00:00 0 
7f3694000000-7f3694001000 r--s 00009000 08:05 5911512                    /home/oki/.gradle/caches/transforms-2/files-2.1/80c793387fe4f938c4ed21f46c3ed139/navigation-runtime-ktx-2.3.0-api.jar
7f3694004000-7f369400f000 r--s 00081000 08:05 5782067                    /home/oki/.gradle/caches/modules-2/files-2.1/org.jetbrains.intellij.deps/trove4j/1.0.20181211/216c2e14b070f334479d800987affe4054cd563f/trove4j-1.0.20181211.jar
7f369400f000-7f3694026000 r-xp 00000000 08:05 3675051                    /home/oki/Desktop/android-studio/jre/jre/lib/amd64/libnet.so
7f3694026000-7f3694027000 r--p 00016000 08:05 3675051                    /home/oki/Desktop/android-studio/jre/jre/lib/amd64/libnet.so
7f3694027000-7f3694028000 rw-p 00017000 08:05 3675051                    /home/oki/Desktop/android-studio/jre/jre/lib/amd64/libnet.so
7f3694028000-7f3694038000 r-xp 00000000 08:05 3675072                    /home/oki/Desktop/android-studio/jre/jre/lib/amd64/libnio.so
7f3694038000-7f3694039000 ---p 00010000 08:05 3675072                    /home/oki/Desktop/android-studio/jre/jre/lib/amd64/libnio.so
7f3694039000-7f369403a000 r--p 00010000 08:05 3675072                    /home/oki/Desktop/android-studio/jre/jre/lib/amd64/libnio.so
7f369403a000-7f369403b000 rw-p 00011000 08:05 3675072                    /home/oki/Desktop/android-studio/jre/jre/lib/amd64/libnio.so
7f369403b000-7f369503d000 rw-p 00000000 00:00 0 
7f369503d000-7f3695210000 r--s 03cdf000 08:05 3675088                    /home/oki/Desktop/android-studio/jre/jre/lib/rt.jar
7f3695210000-7f3695f07000 rw-p 00000000 00:00 0 
7f3695f07000-7f3695f08000 ---p 00000000 00:00 0 
7f3695f08000-7f3696008000 rw-p 00000000 00:00 0 
7f3696008000-7f3696009000 ---p 00000000 00:00 0 
7f3696009000-7f3696109000 rw-p 00000000 00:00 0 
7f3696109000-7f369610a000 ---p 00000000 00:00 0 
7f369610a000-7f369620a000 rw-p 00000000 00:00 0 
7f369620a000-7f369620b000 ---p 00000000 00:00 0 
7f369620b000-7f369632b000 rw-p 00000000 00:00 0 
7f369632b000-7f369659b000 ---p 00000000 00:00 0 
7f369659b000-7f36965bb000 rw-p 00000000 00:00 0 
7f36965bb000-7f369682a000 ---p 00000000 00:00 0 
7f369682a000-7f369686e000 rw-p 00000000 00:00 0 
7f369686e000-7f3696972000 ---p 00000000 00:00 0 
7f3696972000-7f369698b000 rw-p 00000000 00:00 0 
7f369698b000-7f3696d33000 ---p 00000000 00:00 0 
7f3696d33000-7f3696d4e000 r-xp 00000000 08:05 3675047                    /home/oki/Desktop/android-studio/jre/jre/lib/amd64/libzip.so
7f3696d4e000-7f3696d4f000 r--p 0001a000 08:05 3675047                    /home/oki/Desktop/android-studio/jre/jre/lib/amd64/libzip.so
7f3696d4f000-7f3696d50000 rw-p 0001b000 08:05 3675047                    /home/oki/Desktop/android-studio/jre/jre/lib/amd64/libzip.so
7f3696d50000-7f3696d53000 r--p 00000000 08:05 4333361                    /usr/lib/x86_64-linux-gnu/libnss_files-2.31.so
7f3696d53000-7f3696d5a000 r-xp 00003000 08:05 4333361                    /usr/lib/x86_64-linux-gnu/libnss_files-2.31.so
7f3696d5a000-7f3696d5c000 r--p 0000a000 08:05 4333361                    /usr/lib/x86_64-linux-gnu/libnss_files-2.31.so
7f3696d5c000-7f3696d5d000 r--p 0000b000 08:05 4333361                    /usr/lib/x86_64-linux-gnu/libnss_files-2.31.so
7f3696d5d000-7f3696d5e000 rw-p 0000c000 08:05 4333361                    /usr/lib/x86_64-linux-gnu/libnss_files-2.31.so
7f3696d5e000-7f3696d64000 rw-p 00000000 00:00 0 
7f3696d64000-7f3696d69000 r--s 000a3000 08:05 3675103                    /home/oki/Desktop/android-studio/jre/jre/lib/jsse.jar
7f3696d69000-7f3696d6b000 r--s 00003000 08:05 5782071                    /home/oki/.gradle/caches/modules-2/files-2.1/org.jetbrains/annotations/13.0/919f0dfe192fb4e063e7dacadee7f8bb9a2672a9/annotations-13.0.jar
7f3696d6b000-7f3696d6d000 r--s 00009000 08:05 5782065                    /home/oki/.gradle/caches/modules-2/files-2.1/org.jetbrains.kotlin/kotlin-script-runtime/1.3.72/657d8d34d91e1964b4439378c09933e840bfe8d5/kotlin-script-runtime-1.3.72.jar
7f3696d6d000-7f3696d75000 rw-s 00000000 08:05 5775376                    /tmp/hsperfdata_oki/10656
7f3696d75000-7f3696d9d000 r-xp 00000000 08:05 3675055                    /home/oki/Desktop/android-studio/jre/jre/lib/amd64/libjava.so
7f3696d9d000-7f3696d9e000 r--p 00027000 08:05 3675055                    /home/oki/Desktop/android-studio/jre/jre/lib/amd64/libjava.so
7f3696d9e000-7f3696da0000 rw-p 00028000 08:05 3675055                    /home/oki/Desktop/android-studio/jre/jre/lib/amd64/libjava.so
7f3696da0000-7f3696da3000 r--p 00000000 08:05 4333563                    /usr/lib/x86_64-linux-gnu/librt-2.31.so
7f3696da3000-7f3696da7000 r-xp 00003000 08:05 4333563                    /usr/lib/x86_64-linux-gnu/librt-2.31.so
7f3696da7000-7f3696da8000 r--p 00007000 08:05 4333563                    /usr/lib/x86_64-linux-gnu/librt-2.31.so
7f3696da8000-7f3696da9000 ---p 00008000 08:05 4333563                    /usr/lib/x86_64-linux-gnu/librt-2.31.so
7f3696da9000-7f3696daa000 r--p 00008000 08:05 4333563                    /usr/lib/x86_64-linux-gnu/librt-2.31.so
7f3696daa000-7f3696dab000 rw-p 00009000 08:05 4333563                    /usr/lib/x86_64-linux-gnu/librt-2.31.so
7f3696dab000-7f3696dac000 ---p 00000000 00:00 0 
7f3696dac000-7f3696daf000 ---p 00000000 00:00 0 
7f3696daf000-7f3696eac000 rw-p 00000000 00:00 0 
7f3696eac000-7f3696ebb000 r--p 00000000 08:05 4333237                    /usr/lib/x86_64-linux-gnu/libm-2.31.so
7f3696ebb000-7f3696f62000 r-xp 0000f000 08:05 4333237                    /usr/lib/x86_64-linux-gnu/libm-2.31.so
7f3696f62000-7f3696ff9000 r--p 000b6000 08:05 4333237                    /usr/lib/x86_64-linux-gnu/libm-2.31.so
7f3696ff9000-7f3696ffa000 r--p 0014c000 08:05 4333237                    /usr/lib/x86_64-linux-gnu/libm-2.31.so
7f3696ffa000-7f3696ffb000 rw-p 0014d000 08:05 4333237                    /usr/lib/x86_64-linux-gnu/libm-2.31.so
7f3696ffb000-7f3697c2a000 r-xp 00000000 08:05 3675065                    /home/oki/Desktop/android-studio/jre/jre/lib/amd64/server/libjvm.so
7f3697c2a000-7f3697cd2000 r--p 00c2e000 08:05 3675065                    /home/oki/Desktop/android-studio/jre/jre/lib/amd64/server/libjvm.so
7f3697cd2000-7f3697cfb000 rw-p 00cd6000 08:05 3675065                    /home/oki/Desktop/android-studio/jre/jre/lib/amd64/server/libjvm.so
7f3697cfb000-7f3697d41000 rw-p 00000000 00:00 0 
7f3697d41000-7f3697d66000 r--p 00000000 08:05 4332599                    /usr/lib/x86_64-linux-gnu/libc-2.31.so
7f3697d66000-7f3697ede000 r-xp 00025000 08:05 4332599                    /usr/lib/x86_64-linux-gnu/libc-2.31.so
7f3697ede000-7f3697f28000 r--p 0019d000 08:05 4332599                    /usr/lib/x86_64-linux-gnu/libc-2.31.so
7f3697f28000-7f3697f29000 ---p 001e7000 08:05 4332599                    /usr/lib/x86_64-linux-gnu/libc-2.31.so
7f3697f29000-7f3697f2c000 r--p 001e7000 08:05 4332599                    /usr/lib/x86_64-linux-gnu/libc-2.31.so
7f3697f2c000-7f3697f2f000 rw-p 001ea000 08:05 4332599                    /usr/lib/x86_64-linux-gnu/libc-2.31.so
7f3697f2f000-7f3697f33000 rw-p 00000000 00:00 0 
7f3697f33000-7f3697f34000 r--p 00000000 08:05 4332734                    /usr/lib/x86_64-linux-gnu/libdl-2.31.so
7f3697f34000-7f3697f36000 r-xp 00001000 08:05 4332734                    /usr/lib/x86_64-linux-gnu/libdl-2.31.so
7f3697f36000-7f3697f37000 r--p 00003000 08:05 4332734                    /usr/lib/x86_64-linux-gnu/libdl-2.31.so
7f3697f37000-7f3697f38000 r--p 00003000 08:05 4332734                    /usr/lib/x86_64-linux-gnu/libdl-2.31.so
7f3697f38000-7f3697f39000 rw-p 00004000 08:05 4332734                    /usr/lib/x86_64-linux-gnu/libdl-2.31.so
7f3697f39000-7f3697f4f000 r-xp 00000000 08:05 3675035                    /home/oki/Desktop/android-studio/jre/jre/lib/amd64/jli/libjli.so
7f3697f4f000-7f3697f50000 r--p 00015000 08:05 3675035                    /home/oki/Desktop/android-studio/jre/jre/lib/amd64/jli/libjli.so
7f3697f50000-7f3697f51000 rw-p 00016000 08:05 3675035                    /home/oki/Desktop/android-studio/jre/jre/lib/amd64/jli/libjli.so
7f3697f51000-7f3697f58000 r--p 00000000 08:05 4333502                    /usr/lib/x86_64-linux-gnu/libpthread-2.31.so
7f3697f58000-7f3697f69000 r-xp 00007000 08:05 4333502                    /usr/lib/x86_64-linux-gnu/libpthread-2.31.so
7f3697f69000-7f3697f6e000 r--p 00018000 08:05 4333502                    /usr/lib/x86_64-linux-gnu/libpthread-2.31.so
7f3697f6e000-7f3697f6f000 r--p 0001c000 08:05 4333502                    /usr/lib/x86_64-linux-gnu/libpthread-2.31.so
7f3697f6f000-7f3697f70000 rw-p 0001d000 08:05 4333502                    /usr/lib/x86_64-linux-gnu/libpthread-2.31.so
7f3697f70000-7f3697f75000 rw-p 00000000 00:00 0 
7f3697f75000-7f3697f82000 r-xp 00000000 08:05 3675043                    /home/oki/Desktop/android-studio/jre/jre/lib/amd64/libverify.so
7f3697f82000-7f3697f84000 r--p 0000c000 08:05 3675043                    /home/oki/Desktop/android-studio/jre/jre/lib/amd64/libverify.so
7f3697f84000-7f3697f85000 rw-p 0000e000 08:05 3675043                    /home/oki/Desktop/android-studio/jre/jre/lib/amd64/libverify.so
7f3697f85000-7f3697f87000 rw-p 00000000 00:00 0 
7f3697f87000-7f3697f88000 r--p 00000000 08:05 4332386                    /usr/lib/x86_64-linux-gnu/ld-2.31.so
7f3697f88000-7f3697fab000 r-xp 00001000 08:05 4332386                    /usr/lib/x86_64-linux-gnu/ld-2.31.so
7f3697fab000-7f3697fb3000 r--p 00024000 08:05 4332386                    /usr/lib/x86_64-linux-gnu/ld-2.31.so
7f3697fb3000-7f3697fb4000 ---p 00000000 00:00 0 
7f3697fb4000-7f3697fb5000 r--p 0002c000 08:05 4332386                    /usr/lib/x86_64-linux-gnu/ld-2.31.so
7f3697fb5000-7f3697fb6000 rw-p 0002d000 08:05 4332386                    /usr/lib/x86_64-linux-gnu/ld-2.31.so
7f3697fb6000-7f3697fb7000 rw-p 00000000 00:00 0 
7ffcbaf8b000-7ffcbafaf000 rw-p 00000000 00:00 0                          [stack]
7ffcbafc9000-7ffcbafcc000 r--p 00000000 00:00 0                          [vvar]
7ffcbafcc000-7ffcbafcd000 r-xp 00000000 00:00 0                          [vdso]
ffffffffff600000-ffffffffff601000 --xp 00000000 00:00 0                  [vsyscall]

VM Arguments:
java_command: org.jetbrains.kotlin.cli.jvm.K2JVMCompiler -Xallow-no-source-files -classpath /home/oki/AndroidStudioProjects/FizzBuzz/app/build/intermediates/compile_and_runtime_not_namespaced_r_class_jar/debug/R.jar:/home/oki/.gradle/caches/transforms-2/files-2.1/a911748356cb6ae2a9cfcf5d5afada74/jetified-kotlin-android-extensions-runtime-1.3.72.jar:/home/oki/.gradle/caches/transforms-2/files-2.1/ab173ebcc030956ba7f1d7278cda2efb/navigation-fragment-ktx-2.3.0-api.jar:/home/oki/.gradle/caches/transforms-2/files-2.1/52d5e3294c88f72455693896df2fff44/jetified-fragment-ktx-1.2.4-api.jar:/home/oki/.gradle/caches/transforms-2/files-2.1/2b25b0ad98361cdfa2b7b69bd55f4b02/navigation-ui-ktx-2.3.0-api.jar:/home/oki/.gradle/caches/transforms-2/files-2.1/80c793387fe4f938c4ed21f46c3ed139/navigation-runtime-ktx-2.3.0-api.jar:/home/oki/.gradle/caches/transforms-2/files-2.1/9b954b87cb13c6ffcf0d905022c8b8f2/jetified-activity-ktx-1.1.0-api.jar:/home/oki/.gradle/caches/transforms-2/files-2.1/38626c6b144a6fa1c8aaf9fdf2c1272d/jetified-core-ktx-1.3.1-api.jar:/home/oki/.gradle/caches/transforms-2/files-2.1/97c0ea1ee8d08520753f84b5e1508e3b/jetified-lifecycle-viewmodel-ktx-2.2.0-api.jar:/home/oki/.gradle/caches/transforms-2/files-2.1/ae926e1d355a5ba3d5ab2a5599b659ce/navigation-common-ktx-2.3.0-api.jar:/home/oki/.gradle/caches/transforms-2/files-2.1/51ccd4696e59a74eff078deba5e224f4/jetified-collection-ktx-1.1.0.jar:/home/oki/.gradle/caches/transforms-2/files-2.1/b1904e65a2f35e6289297871a25bd8d0/jetified-lifecycle-livedata-core-ktx-2.2.0-api.jar:/home/oki/.gradle/caches/transforms-2/files-2.1/cee72c8fd2406f232eb6ad54ca2ca199/jetified-lifecycle-runtime-ktx-2.2.0-api.jar:/home/oki/.gradle/caches/transforms-2/files-2.1/fa0c03a9a6edc3dc026aa9869536bb62/jetified-kotlinx-coroutines-android-1.3.0.jar:/home/oki/.gradle/caches/transforms-2/files-2.1/d72ac31c6d3da21ab065de5ebc72b163/jetified-kotlinx-coroutines-core-1.3.0.jar:/home/oki/.gradle/caches/transforms-2/files-2.1/06a2f0c8fbd2b8867f17f8bcbcd45ecd/
java_class_path (initial): /home/oki/.gradle/caches/modules-2/files-2.1/org.jetbrains.kotlin/kotlin-compiler-embeddable/1.3.72/37bc2d60fc036ef128e77062a1c8c58c5762f7d5/kotlin-compiler-embeddable-1.3.72.jar:/home/oki/.gradle/caches/modules-2/files-2.1/org.jetbrains.kotlin/kotlin-reflect/1.3.72/86613e1a669a701b0c660bfd2af4f82a7ae11fca/kotlin-reflect-1.3.72.jar:/home/oki/.gradle/caches/modules-2/files-2.1/org.jetbrains.kotlin/kotlin-stdlib/1.3.72/8032138f12c0180bc4e51fe139d4c52b46db6109/kotlin-stdlib-1.3.72.jar:/home/oki/.gradle/caches/modules-2/files-2.1/org.jetbrains.kotlin/kotlin-script-runtime/1.3.72/657d8d34d91e1964b4439378c09933e840bfe8d5/kotlin-script-runtime-1.3.72.jar:/home/oki/.gradle/caches/modules-2/files-2.1/org.jetbrains.kotlin/kotlin-daemon-embeddable/1.3.72/53bbaa2816dbf6bdb85f629451b1fcc88f2164d2/kotlin-daemon-embeddable-1.3.72.jar:/home/oki/.gradle/caches/modules-2/files-2.1/org.jetbrains.intellij.deps/trove4j/1.0.20181211/216c2e14b070f334479d800987affe4054cd563f/trove4j-1.0.20181211.jar:/home/oki/.gradle/caches/modules-2/files-2.1/org.jetbrains.kotlin/kotlin-stdlib-common/1.3.72/6ca8bee3d88957eaaaef077c41c908c9940492d8/kotlin-stdlib-common-1.3.72.jar:/home/oki/.gradle/caches/modules-2/files-2.1/org.jetbrains/annotations/13.0/919f0dfe192fb4e063e7dacadee7f8bb9a2672a9/annotations-13.0.jar:/home/oki/Desktop/android-studio/jre/lib/tools.jar
Launcher Type: SUN_STANDARD

Environment Variables:
JAVA_HOME=/usr/lib/jvm/default-java
PATH=/opt/maven/bin:/usr/local/sbin:/usr/local/bin:/usr/sbin:/usr/bin:/sbin:/bin:/usr/games:/usr/local/games:/snap/bin
USERNAME=oki
SHELL=/bin/bash
DISPLAY=:0

Signal Handlers:
SIGSEGV: [libjvm.so+0xa13c80], sa_mask[0]=11111111011111111101111111111110, sa_flags=SA_RESTART|SA_SIGINFO
SIGBUS: [libjvm.so+0xa13c80], sa_mask[0]=11111111011111111101111111111110, sa_flags=SA_RESTART|SA_SIGINFO
SIGFPE: [libjvm.so+0x874670], sa_mask[0]=11111111011111111101111111111110, sa_flags=SA_RESTART|SA_SIGINFO
SIGPIPE: [libjvm.so+0x874670], sa_mask[0]=11111111011111111101111111111110, sa_flags=SA_RESTART|SA_SIGINFO
SIGXFSZ: [libjvm.so+0x874670], sa_mask[0]=11111111011111111101111111111110, sa_flags=SA_RESTART|SA_SIGINFO
SIGILL: [libjvm.so+0x874670], sa_mask[0]=11111111011111111101111111111110, sa_flags=SA_RESTART|SA_SIGINFO
SIGUSR1: SIG_DFL, sa_mask[0]=00000000000000000000000000000000, sa_flags=none
SIGUSR2: [libjvm.so+0x874540], sa_mask[0]=00100000000000000000000000000000, sa_flags=SA_RESTART|SA_SIGINFO
SIGHUP: SIG_IGN, sa_mask[0]=00000000000000000000000000000000, sa_flags=none
SIGINT: [libjvm.so+0x874730], sa_mask[0]=11111111011111111101111111111110, sa_flags=SA_RESTART|SA_SIGINFO
SIGTERM: [libjvm.so+0x874730], sa_mask[0]=11111111011111111101111111111110, sa_flags=SA_RESTART|SA_SIGINFO
SIGQUIT: [libjvm.so+0x874730], sa_mask[0]=11111111011111111101111111111110, sa_flags=SA_RESTART|SA_SIGINFO


---------------  S Y S T E M  ---------------

OS:DISTRIB_ID=Ubuntu
DISTRIB_RELEASE=20.04
DISTRIB_CODENAME=focal
DISTRIB_DESCRIPTION="Ubuntu 20.04.1 LTS"

uname:Linux 5.4.0-47-generic #51-Ubuntu SMP Fri Sep 4 19:50:52 UTC 2020 x86_64
libc:glibc 2.31 NPTL 2.31 
rlimit: STACK 8192k, CORE 0k, NPROC 31220, NOFILE 1048576, AS infinity
load average:9,25 9,11 8,81

/proc/meminfo:
MemTotal:        8048784 kB
MemFree:          411304 kB
MemAvailable:    1484332 kB
Buffers:           76388 kB
Cached:          1572416 kB
SwapCached:        14432 kB
Active:          5370672 kB
Inactive:        1701044 kB
Active(anon):    4845192 kB
Inactive(anon):   985960 kB
Active(file):     525480 kB
Inactive(file):   715084 kB
Unevictable:      149620 kB
Mlocked:              32 kB
SwapTotal:       2097148 kB
SwapFree:        1493500 kB
Dirty:              3576 kB
Writeback:             0 kB
AnonPages:       5560684 kB
Mapped:           475564 kB
Shmem:            408240 kB
KReclaimable:     115660 kB
Slab:             255944 kB
SReclaimable:     115660 kB
SUnreclaim:       140284 kB
KernelStack:       19328 kB
PageTables:        51032 kB
NFS_Unstable:          0 kB
Bounce:                0 kB
WritebackTmp:          0 kB
CommitLimit:     6121540 kB
Committed_AS:   15884488 kB
VmallocTotal:   34359738367 kB
VmallocUsed:       41652 kB
VmallocChunk:          0 kB
Percpu:             3136 kB
HardwareCorrupted:     0 kB
AnonHugePages:         0 kB
ShmemHugePages:        0 kB
ShmemPmdMapped:        0 kB
FileHugePages:         0 kB
FilePmdMapped:         0 kB
CmaTotal:              0 kB
CmaFree:               0 kB
HugePages_Total:       0
HugePages_Free:        0
HugePages_Rsvd:        0
HugePages_Surp:        0
Hugepagesize:       2048 kB
Hugetlb:               0 kB
DirectMap4k:      345112 kB
DirectMap2M:     7940096 kB
DirectMap1G:           0 kB

container (cgroup) information:
container_type: cgroupv1
cpu_cpuset_cpus: 0-3
cpu_memory_nodes: 0
active_processor_count: 4
cpu_quota: -1
cpu_period: 100000
cpu_shares: -1
memory_limit_in_bytes: -1
memory_and_swap_limit_in_bytes: -2
memory_soft_limit_in_bytes: -1
memory_usage_in_bytes: 6801047552
memory_max_usage_in_bytes: 7158165504


CPU:total 4 (initial active 4) (2 cores per cpu, 2 threads per core) family 6 model 142 stepping 9, cmov, cx8, fxsr, mmx, sse, sse2, sse3, ssse3, sse4.1, sse4.2, popcnt, avx, avx2, aes, clmul, erms, 3dnowpref, lzcnt, ht, tsc, tscinvbit, bmi1, bmi2, adx

/proc/cpuinfo:
processor	: 0
vendor_id	: GenuineIntel
cpu family	: 6
model		: 142
model name	: Intel(R) Core(TM) i5-7200U CPU @ 2.50GHz
stepping	: 9
microcode	: 0xd6
cpu MHz		: 2541.771
cache size	: 3072 KB
physical id	: 0
siblings	: 4
core id		: 0
cpu cores	: 2
apicid		: 0
initial apicid	: 0
fpu		: yes
fpu_exception	: yes
cpuid level	: 22
wp		: yes
flags		: fpu vme de pse tsc msr pae mce cx8 apic sep mtrr pge mca cmov pat pse36 clflush dts acpi mmx fxsr sse sse2 ss ht tm pbe syscall nx pdpe1gb rdtscp lm constant_tsc art arch_perfmon pebs bts rep_good nopl xtopology nonstop_tsc cpuid aperfmperf pni pclmulqdq dtes64 monitor ds_cpl vmx est tm2 ssse3 sdbg fma cx16 xtpr pdcm pcid sse4_1 sse4_2 x2apic movbe popcnt tsc_deadline_timer aes xsave avx f16c rdrand lahf_lm abm 3dnowprefetch cpuid_fault epb invpcid_single pti ssbd ibrs ibpb stibp tpr_shadow vnmi flexpriority ept vpid ept_ad fsgsbase tsc_adjust bmi1 avx2 smep bmi2 erms invpcid mpx rdseed adx smap clflushopt intel_pt xsaveopt xsavec xgetbv1 xsaves dtherm ida arat pln pts hwp hwp_notify hwp_act_window hwp_epp md_clear flush_l1d
bugs		: cpu_meltdown spectre_v1 spectre_v2 spec_store_bypass l1tf mds swapgs itlb_multihit srbds
bogomips	: 5399.81
clflush size	: 64
cache_alignment	: 64
address sizes	: 39 bits physical, 48 bits virtual
power management:

processor	: 1
vendor_id	: GenuineIntel
cpu family	: 6
model		: 142
model name	: Intel(R) Core(TM) i5-7200U CPU @ 2.50GHz
stepping	: 9
microcode	: 0xd6
cpu MHz		: 2541.251
cache size	: 3072 KB
physical id	: 0
siblings	: 4
core id		: 1
cpu cores	: 2
apicid		: 2
initial apicid	: 2
fpu		: yes
fpu_exception	: yes
cpuid level	: 22
wp		: yes
flags		: fpu vme de pse tsc msr pae mce cx8 apic sep mtrr pge mca cmov pat pse36 clflush dts acpi mmx fxsr sse sse2 ss ht tm pbe syscall nx pdpe1gb rdtscp lm constant_tsc art arch_perfmon pebs bts rep_good nopl xtopology nonstop_tsc cpuid aperfmperf pni pclmulqdq dtes64 monitor ds_cpl vmx est tm2 ssse3 sdbg fma cx16 xtpr pdcm pcid sse4_1 sse4_2 x2apic movbe popcnt tsc_deadline_timer aes xsave avx f16c rdrand lahf_lm abm 3dnowprefetch cpuid_fault epb invpcid_single pti ssbd ibrs ibpb stibp tpr_shadow vnmi flexpriority ept vpid ept_ad fsgsbase tsc_adjust bmi1 avx2 smep bmi2 erms invpcid mpx rdseed adx smap clflushopt intel_pt xsaveopt xsavec xgetbv1 xsaves dtherm ida arat pln pts hwp hwp_notify hwp_act_window hwp_epp md_clear flush_l1d
bugs		: cpu_meltdown spectre_v1 spectre_v2 spec_store_bypass l1tf mds swapgs itlb_multihit srbds
bogomips	: 5399.81
clflush size	: 64
cache_alignment	: 64
address sizes	: 39 bits physical, 48 bits virtual
power management:

processor	: 2
vendor_id	: GenuineIntel
cpu family	: 6
model		: 142
model name	: Intel(R) Core(TM) i5-7200U CPU @ 2.50GHz
stepping	: 9
microcode	: 0xd6
cpu MHz		: 2540.814
cache size	: 3072 KB
physical id	: 0
siblings	: 4
core id		: 0
cpu cores	: 2
apicid		: 1
initial apicid	: 1
fpu		: yes
fpu_exception	: yes
cpuid level	: 22
wp		: yes
flags		: fpu vme de pse tsc msr pae mce cx8 apic sep mtrr pge mca cmov pat pse36 clflush dts acpi mmx fxsr sse sse2 ss ht tm pbe syscall nx pdpe1gb rdtscp lm constant_tsc art arch_perfmon pebs bts rep_good nopl xtopology nonstop_tsc cpuid aperfmperf pni pclmulqdq dtes64 monitor ds_cpl vmx est tm2 ssse3 sdbg fma cx16 xtpr pdcm pcid sse4_1 sse4_2 x2apic movbe popcnt tsc_deadline_timer aes xsave avx f16c rdrand lahf_lm abm 3dnowprefetch cpuid_fault epb invpcid_single pti ssbd ibrs ibpb stibp tpr_shadow vnmi flexpriority ept vpid ept_ad fsgsbase tsc_adjust bmi1 avx2 smep bmi2 erms invpcid mpx rdseed adx smap clflushopt intel_pt xsaveopt xsavec xgetbv1 xsaves dtherm ida arat pln pts hwp hwp_notify hwp_act_window hwp_epp md_clear flush_l1d
bugs		: cpu_meltdown spectre_v1 spectre_v2 spec_store_bypass l1tf mds swapgs itlb_multihit srbds
bogomips	: 5399.81
clflush size	: 64
cache_alignment	: 64
address sizes	: 39 bits physical, 48 bits virtual
power management:

processor	: 3
vendor_id	: GenuineIntel
cpu family	: 6
model		: 142
model name	: Intel(R) Core(TM) i5-7200U CPU @ 2.50GHz
stepping	: 9
microcode	: 0xd6
cpu MHz		: 2540.389
cache size	: 3072 KB
physical id	: 0
siblings	: 4
core id		: 1
cpu cores	: 2
apicid		: 3
initial apicid	: 3
fpu		: yes
fpu_exception	: yes
cpuid level	: 22
wp		: yes
flags		: fpu vme de pse tsc msr pae mce cx8 apic sep mtrr pge mca cmov pat pse36 clflush dts acpi mmx fxsr sse sse2 ss ht tm pbe syscall nx pdpe1gb rdtscp lm constant_tsc art arch_perfmon pebs bts rep_good nopl xtopology nonstop_tsc cpuid aperfmperf pni pclmulqdq dtes64 monitor ds_cpl vmx est tm2 ssse3 sdbg fma cx16 xtpr pdcm pcid sse4_1 sse4_2 x2apic movbe popcnt tsc_deadline_timer aes xsave avx f16c rdrand lahf_lm abm 3dnowprefetch cpuid_fault epb invpcid_single pti ssbd ibrs ibpb stibp tpr_shadow vnmi flexpriority ept vpid ept_ad fsgsbase tsc_adjust bmi1 avx2 smep bmi2 erms invpcid mpx rdseed adx smap clflushopt intel_pt xsaveopt xsavec xgetbv1 xsaves dtherm ida arat pln pts hwp hwp_notify hwp_act_window hwp_epp md_clear flush_l1d
bugs		: cpu_meltdown spectre_v1 spectre_v2 spec_store_bypass l1tf mds swapgs itlb_multihit srbds
bogomips	: 5399.81
clflush size	: 64
cache_alignment	: 64
address sizes	: 39 bits physical, 48 bits virtual
power management:



Memory: 4k page, physical 8048784k(411052k free), swap 2097148k(1493500k free)

vm_info: OpenJDK 64-Bit Server VM (25.242-b3-6222593) for linux-amd64 JRE (1.8.0_242-release-1644-b3-6222593), built by "android-build" with gcc 4.8

time: Thu Sep 17 12:30:01 2020
timezone: CEST
elapsed time: 4 seconds (0d 0h 0m 4s)

