#
# A fatal error has been detected by the Java Runtime Environment:
#
#  SIGSEGV (0xb) at pc=0x00007ff47b654b58, pid=11389, tid=0x00007ff464efe700
#
# JRE version: OpenJDK Runtime Environment (8.0_242) (build 1.8.0_242-release-1644-b3-6222593)
# Java VM: OpenJDK 64-Bit Server VM (25.242-b3-6222593 mixed mode linux-amd64 compressed oops)
# Problematic frame:
# V  [libjvm.so+0x276b58]  MachSpillCopyNode::ideal_reg() const+0x8
#
# Failed to write core dump. Core dumps have been disabled. To enable core dumping, try "ulimit -c unlimited" before starting Java again
#
# If you would like to submit a bug report, please visit:
#   http://bugreport.java.com/bugreport/crash.jsp
#

---------------  T H R E A D  ---------------

Current thread (0x00007ff4740c0800):  JavaThread "C2 CompilerThread1" daemon [_thread_in_native, id=11401, stack(0x00007ff464dff000,0x00007ff464eff000)]

siginfo: si_signo: 11 (SIGSEGV), si_code: 1 (SEGV_MAPERR), si_addr: 0x00007ff63c00a5d0

Registers:
RAX=0x00007ff63c00a5c0, RBX=0x00007ff43080af88, RCX=0x000000000000054a, RDX=0x00007ff47be91ebc
RSP=0x00007ff464efa5e0, RBP=0x00007ff464efa5e0, RSI=0x0000000000000001, RDI=0x00007ff43080af88
R8 =0x00007ff4285279f0, R9 =0x00007ff43031b1a0, R10=0x00007ff4304cf060, R11=0x00007ff428527990
R12=0x0000000000000001, R13=0x0000000000000001, R14=0x00007ff464efab90, R15=0x00007ff4304cf060
RIP=0x00007ff47b654b58, EFLAGS=0x0000000000010246, CSGSFS=0x002b000000000033, ERR=0x0000000000000004
  TRAPNO=0x000000000000000e

Top of Stack: (sp=0x00007ff464efa5e0)
0x00007ff464efa5e0:   00007ff464efa8a0 00007ff47bcd855b
0x00007ff464efa5f0:   00007ff400000000 00007ff430316c40
0x00007ff464efa600:   00007ff4307f7b30 00007ff400000001
0x00007ff464efa610:   00000000000003d8 00007ff43000c6b8
0x00007ff464efa620:   00007ff43000c2e0 00007ff43000c2d0
0x00007ff464efa630:   00007ff43031b1a0 0000000564efab90
0x00007ff464efa640:   0000000000000056 00000000000002b0
0x00007ff464efa650:   0000000000000057 00000000000002b8
0x00007ff464efa660:   0000005800000057 0000000000000058
0x00007ff464efa670:   00000000000002c0 0000000000000059
0x00007ff464efa680:   00000000000002c8 0000005a00000059
0x00007ff464efa690:   000000000000005a 00000000000002d0
0x00007ff464efa6a0:   000000000000005b 00000000000002d8
0x00007ff464efa6b0:   0000005c0000005b 000000000000005c
0x00007ff464efa6c0:   00000000000002e0 000000000000005d
0x00007ff464efa6d0:   00000000000002e8 0000005e0000005d
0x00007ff464efa6e0:   0000000000000010 00007ff464efaca0
0x00007ff464efa6f0:   0000000000000056 00007ff428527a00
0x00007ff464efa700:   00007ff464efa80c 00007ff4304f3f00
0x00007ff464efa710:   00007ff4307f7de8 0000000000000000
0x00007ff464efa720:   00007ff4306c3218 00007ff464efa850
0x00007ff464efa730:   00007ff4304f3f40 00007ff4307f7228
0x00007ff464efa740:   0000000000000001 00007ff4307c5820
0x00007ff464efa750:   0000000000000005 00007ff464efab90
0x00007ff464efa760:   00007ff464efa8f0 00007ff4307f74b0
0x00007ff464efa770:   00007ff430316c40 0000000000000005
0x00007ff464efa780:   00007ff43031aef0 00007ff4306c3218
0x00007ff464efa790:   00000000000003a8 0000000000000001
0x00007ff464efa7a0:   00007ff430319900 00007ff430318310
0x00007ff464efa7b0:   00007ff4285279f0 0000000000000000
0x00007ff464efa7c0:   00007ff4307f7200 0000000000000002
0x00007ff464efa7d0:   00007ff40000054a 0000000000000000 

Instructions: (pc=0x00007ff47b654b58)
0x00007ff47b654b38:   5d c3 00 00 00 00 00 00 55 48 8b 47 50 48 89 e5
0x00007ff47b654b48:   5d c3 00 00 00 00 00 00 48 8b 47 50 55 48 89 e5
0x00007ff47b654b58:   48 63 40 10 5d 48 c1 e0 05 48 03 05 88 94 a5 00
0x00007ff47b654b68:   8b 40 14 c3 00 00 00 00 55 b8 01 00 00 00 48 89 

Register to memory mapping:

RAX=0x00007ff63c00a5c0 is an unknown value
RBX=0x00007ff43080af88 is an unknown value
RCX=0x000000000000054a is an unknown value
RDX=0x00007ff47be91ebc: <offset 0xab3ebc> in /home/oki/Desktop/android-studio/jre/jre/lib/amd64/server/libjvm.so at 0x00007ff47b3de000
RSP=0x00007ff464efa5e0 is pointing into the stack for thread: 0x00007ff4740c0800
RBP=0x00007ff464efa5e0 is pointing into the stack for thread: 0x00007ff4740c0800
RSI=0x0000000000000001 is an unknown value
RDI=0x00007ff43080af88 is an unknown value
R8 =0x00007ff4285279f0 is an unknown value
R9 =0x00007ff43031b1a0 is an unknown value
R10=0x00007ff4304cf060 is an unknown value
R11=0x00007ff428527990 is an unknown value
R12=0x0000000000000001 is an unknown value
R13=0x0000000000000001 is an unknown value
R14=0x00007ff464efab90 is pointing into the stack for thread: 0x00007ff4740c0800
R15=0x00007ff4304cf060 is an unknown value


Stack: [0x00007ff464dff000,0x00007ff464eff000],  sp=0x00007ff464efa5e0,  free space=1005k
Native frames: (J=compiled Java code, j=interpreted, Vv=VM code, C=native code)
V  [libjvm.so+0x276b58]  MachSpillCopyNode::ideal_reg() const+0x8
V  [libjvm.so+0x8fa55b]  PhaseChaitin::Split(unsigned int, ResourceArea*)+0x1b7b
V  [libjvm.so+0x3fbbd9]  PhaseChaitin::Register_Allocate()+0x4a9
V  [libjvm.so+0x483a68]  Compile::Code_Gen()+0x2d8
V  [libjvm.so+0x484dce]  Compile::Compile(ciEnv*, C2Compiler*, ciMethod*, int, bool, bool, bool)+0x113e
V  [libjvm.so+0x3dfc48]  C2Compiler::compile_method(ciEnv*, ciMethod*, int)+0x1c8
V  [libjvm.so+0x48d382]  CompileBroker::invoke_compiler_on_method(CompileTask*)+0x852
V  [libjvm.so+0x48e228]  CompileBroker::compiler_thread_loop()+0x4e8
V  [libjvm.so+0x9bef08]  JavaThread::thread_main_inner()+0xd8
V  [libjvm.so+0x8760c2]  java_start(Thread*)+0xf2
C  [libpthread.so.0+0x9609]  start_thread+0xd9


Current CompileTask:
C2:   2961 1715   !   4       java.net.URL::<init> (543 bytes)


---------------  P R O C E S S  ---------------

Java Threads: ( => current thread )
  0x00007ff4740e7800 JavaThread "Service Thread" daemon [_thread_blocked, id=11403, stack(0x00007ff464bfc000,0x00007ff464cfd000)]
  0x00007ff4740c2800 JavaThread "C1 CompilerThread2" daemon [_thread_in_native, id=11402, stack(0x00007ff464cfe000,0x00007ff464dfe000)]
=>0x00007ff4740c0800 JavaThread "C2 CompilerThread1" daemon [_thread_in_native, id=11401, stack(0x00007ff464dff000,0x00007ff464eff000)]
  0x00007ff4740bd800 JavaThread "C2 CompilerThread0" daemon [_thread_in_native, id=11400, stack(0x00007ff464f00000,0x00007ff465000000)]
  0x00007ff4740bb800 JavaThread "Signal Dispatcher" daemon [_thread_blocked, id=11399, stack(0x00007ff47801a000,0x00007ff47811b000)]
  0x00007ff47408a000 JavaThread "Finalizer" daemon [_thread_blocked, id=11398, stack(0x00007ff47811b000,0x00007ff47821c000)]
  0x00007ff474085800 JavaThread "Reference Handler" daemon [_thread_blocked, id=11397, stack(0x00007ff47821c000,0x00007ff47831d000)]
  0x00007ff47400f000 JavaThread "main" [_thread_in_Java, id=11391, stack(0x00007ff47b18f000,0x00007ff47b28f000)]

Other Threads:
  0x00007ff47407c000 VMThread [stack: 0x00007ff47831e000,0x00007ff47841e000] [id=11396]
  0x00007ff4740ea800 WatcherThread [stack: 0x00007ff464afc000,0x00007ff464bfc000] [id=11404]

VM state:not at safepoint (normal execution)

VM Mutex/Monitor currently owned by a thread: None

heap address: 0x0000000085200000, size: 1966 MB, Compressed Oops mode: 32-bit
Narrow klass base: 0x0000000000000000, Narrow klass shift: 3
Compressed class space size: 1073741824 Address: 0x0000000100000000

Heap:
 PSYoungGen      total 54272K, used 9009K [0x00000000d7100000, 0x00000000db900000, 0x0000000100000000)
  eden space 49152K, 7% used [0x00000000d7100000,0x00000000d74d02a0,0x00000000da100000)
  from space 5120K, 99% used [0x00000000db400000,0x00000000db8fc460,0x00000000db900000)
  to   space 5120K, 0% used [0x00000000daf00000,0x00000000daf00000,0x00000000db400000)
 ParOldGen       total 61952K, used 11426K [0x0000000085200000, 0x0000000088e80000, 0x00000000d7100000)
  object space 61952K, 18% used [0x0000000085200000,0x0000000085d288e0,0x0000000088e80000)
 Metaspace       used 24777K, capacity 25226K, committed 25472K, reserved 1071104K
  class space    used 2962K, capacity 3121K, committed 3200K, reserved 1048576K

Card table byte_map: [0x00007ff47a97e000,0x00007ff47ad56000] byte_map_base: 0x00007ff47a555000

Marking Bits: (ParMarkBitMap*) 0x00007ff47c0f37e0
 Begin Bits: [0x00007ff45c290000, 0x00007ff45e148000)
 End Bits:   [0x00007ff45e148000, 0x00007ff460000000)

Polling page: 0x00007ff47c396000

CodeCache: size=245760Kb used=5272Kb max_used=5272Kb free=240488Kb
 bounds [0x00007ff465000000, 0x00007ff465530000, 0x00007ff474000000]
 total_blobs=2190 nmethods=1778 adapters=326
 compilation: enabled

Compilation events (10 events):
Event: 2,935 Thread 0x00007ff4740c2800 nmethod 1793 0x00007ff465525350 code [0x00007ff4655254a0, 0x00007ff4655255b0]
Event: 2,935 Thread 0x00007ff4740c2800 1794       1       org.jetbrains.kotlin.metadata.ProtoBuf$QualifiedNameTable$QualifiedName::getParentQualifiedName (5 bytes)
Event: 2,935 Thread 0x00007ff4740c2800 nmethod 1794 0x00007ff465525610 code [0x00007ff465525760, 0x00007ff465525870]
Event: 2,935 Thread 0x00007ff4740c2800 1789       3       java.util.LinkedList::node (65 bytes)
Event: 2,936 Thread 0x00007ff4740c2800 nmethod 1789 0x00007ff4655258d0 code [0x00007ff465525a60, 0x00007ff465525d70]
Event: 2,936 Thread 0x00007ff4740c2800 1791       3       kotlin.Triple::<init> (20 bytes)
Event: 2,936 Thread 0x00007ff4740c2800 nmethod 1791 0x00007ff465525ed0 code [0x00007ff465526040, 0x00007ff465526230]
Event: 2,936 Thread 0x00007ff4740c2800 1795   !   3       java.lang.StringCoding$StringDecoder::decode (179 bytes)
Event: 2,943 Thread 0x00007ff4740c2800 nmethod 1795 0x00007ff4655262d0 code [0x00007ff465526640, 0x00007ff465528298]
Event: 2,943 Thread 0x00007ff4740c2800 1802   !   3       org.jetbrains.kotlin.metadata.ProtoBuf$Function::<init> (1112 bytes)

GC Heap History (10 events):
Event: 0,948 GC heap before
{Heap before GC invocations=1 (full 0):
 PSYoungGen      total 36864K, used 31744K [0x00000000d7100000, 0x00000000d9a00000, 0x0000000100000000)
  eden space 31744K, 100% used [0x00000000d7100000,0x00000000d9000000,0x00000000d9000000)
  from space 5120K, 0% used [0x00000000d9500000,0x00000000d9500000,0x00000000d9a00000)
  to   space 5120K, 0% used [0x00000000d9000000,0x00000000d9000000,0x00000000d9500000)
 ParOldGen       total 84992K, used 0K [0x0000000085200000, 0x000000008a500000, 0x00000000d7100000)
  object space 84992K, 0% used [0x0000000085200000,0x0000000085200000,0x000000008a500000)
 Metaspace       used 10254K, capacity 10428K, committed 10752K, reserved 1058816K
  class space    used 1116K, capacity 1180K, committed 1280K, reserved 1048576K
Event: 0,955 GC heap after
Heap after GC invocations=1 (full 0):
 PSYoungGen      total 36864K, used 5113K [0x00000000d7100000, 0x00000000d9a00000, 0x0000000100000000)
  eden space 31744K, 0% used [0x00000000d7100000,0x00000000d7100000,0x00000000d9000000)
  from space 5120K, 99% used [0x00000000d9000000,0x00000000d94fe770,0x00000000d9500000)
  to   space 5120K, 0% used [0x00000000d9500000,0x00000000d9500000,0x00000000d9a00000)
 ParOldGen       total 84992K, used 2448K [0x0000000085200000, 0x000000008a500000, 0x00000000d7100000)
  object space 84992K, 2% used [0x0000000085200000,0x0000000085464148,0x000000008a500000)
 Metaspace       used 10254K, capacity 10428K, committed 10752K, reserved 1058816K
  class space    used 1116K, capacity 1180K, committed 1280K, reserved 1048576K
}
Event: 1,716 GC heap before
{Heap before GC invocations=2 (full 0):
 PSYoungGen      total 36864K, used 36857K [0x00000000d7100000, 0x00000000d9a00000, 0x0000000100000000)
  eden space 31744K, 100% used [0x00000000d7100000,0x00000000d9000000,0x00000000d9000000)
  from space 5120K, 99% used [0x00000000d9000000,0x00000000d94fe770,0x00000000d9500000)
  to   space 5120K, 0% used [0x00000000d9500000,0x00000000d9500000,0x00000000d9a00000)
 ParOldGen       total 84992K, used 2448K [0x0000000085200000, 0x000000008a500000, 0x00000000d7100000)
  object space 84992K, 2% used [0x0000000085200000,0x0000000085464148,0x000000008a500000)
 Metaspace       used 15771K, capacity 16098K, committed 16384K, reserved 1062912K
  class space    used 1841K, capacity 1945K, committed 2048K, reserved 1048576K
Event: 1,728 GC heap after
Heap after GC invocations=2 (full 0):
 PSYoungGen      total 36864K, used 5104K [0x00000000d7100000, 0x00000000db900000, 0x0000000100000000)
  eden space 31744K, 0% used [0x00000000d7100000,0x00000000d7100000,0x00000000d9000000)
  from space 5120K, 99% used [0x00000000d9500000,0x00000000d99fc010,0x00000000d9a00000)
  to   space 5120K, 0% used [0x00000000d9000000,0x00000000d9000000,0x00000000d9500000)
 ParOldGen       total 84992K, used 7290K [0x0000000085200000, 0x000000008a500000, 0x00000000d7100000)
  object space 84992K, 8% used [0x0000000085200000,0x000000008591eb88,0x000000008a500000)
 Metaspace       used 15771K, capacity 16098K, committed 16384K, reserved 1062912K
  class space    used 1841K, capacity 1945K, committed 2048K, reserved 1048576K
}
Event: 2,171 GC heap before
{Heap before GC invocations=3 (full 0):
 PSYoungGen      total 36864K, used 24708K [0x00000000d7100000, 0x00000000db900000, 0x0000000100000000)
  eden space 31744K, 61% used [0x00000000d7100000,0x00000000d8425008,0x00000000d9000000)
  from space 5120K, 99% used [0x00000000d9500000,0x00000000d99fc010,0x00000000d9a00000)
  to   space 5120K, 0% used [0x00000000d9000000,0x00000000d9000000,0x00000000d9500000)
 ParOldGen       total 84992K, used 7290K [0x0000000085200000, 0x000000008a500000, 0x00000000d7100000)
  object space 84992K, 8% used [0x0000000085200000,0x000000008591eb88,0x000000008a500000)
 Metaspace       used 20713K, capacity 21108K, committed 21296K, reserved 1069056K
  class space    used 2441K, capacity 2590K, committed 2688K, reserved 1048576K
Event: 2,194 GC heap after
Heap after GC invocations=3 (full 0):
 PSYoungGen      total 36864K, used 5104K [0x00000000d7100000, 0x00000000db900000, 0x0000000100000000)
  eden space 31744K, 0% used [0x00000000d7100000,0x00000000d7100000,0x00000000d9000000)
  from space 5120K, 99% used [0x00000000d9000000,0x00000000d94fc030,0x00000000d9500000)
  to   space 5120K, 0% used [0x00000000db400000,0x00000000db400000,0x00000000db900000)
 ParOldGen       total 84992K, used 11666K [0x0000000085200000, 0x000000008a500000, 0x00000000d7100000)
  object space 84992K, 13% used [0x0000000085200000,0x0000000085d64a50,0x000000008a500000)
 Metaspace       used 20713K, capacity 21108K, committed 21296K, reserved 1069056K
  class space    used 2441K, capacity 2590K, committed 2688K, reserved 1048576K
}
Event: 2,194 GC heap before
{Heap before GC invocations=4 (full 1):
 PSYoungGen      total 36864K, used 5104K [0x00000000d7100000, 0x00000000db900000, 0x0000000100000000)
  eden space 31744K, 0% used [0x00000000d7100000,0x00000000d7100000,0x00000000d9000000)
  from space 5120K, 99% used [0x00000000d9000000,0x00000000d94fc030,0x00000000d9500000)
  to   space 5120K, 0% used [0x00000000db400000,0x00000000db400000,0x00000000db900000)
 ParOldGen       total 84992K, used 11666K [0x0000000085200000, 0x000000008a500000, 0x00000000d7100000)
  object space 84992K, 13% used [0x0000000085200000,0x0000000085d64a50,0x000000008a500000)
 Metaspace       used 20713K, capacity 21108K, committed 21296K, reserved 1069056K
  class space    used 2441K, capacity 2590K, committed 2688K, reserved 1048576K
Event: 2,242 GC heap after
Heap after GC invocations=4 (full 1):
 PSYoungGen      total 36864K, used 0K [0x00000000d7100000, 0x00000000db900000, 0x0000000100000000)
  eden space 31744K, 0% used [0x00000000d7100000,0x00000000d7100000,0x00000000d9000000)
  from space 5120K, 0% used [0x00000000d9000000,0x00000000d9000000,0x00000000d9500000)
  to   space 5120K, 0% used [0x00000000db400000,0x00000000db400000,0x00000000db900000)
 ParOldGen       total 61952K, used 9241K [0x0000000085200000, 0x0000000088e80000, 0x00000000d7100000)
  object space 61952K, 14% used [0x0000000085200000,0x0000000085b06630,0x0000000088e80000)
 Metaspace       used 20713K, capacity 21108K, committed 21296K, reserved 1069056K
  class space    used 2441K, capacity 2590K, committed 2688K, reserved 1048576K
}
Event: 2,816 GC heap before
{Heap before GC invocations=5 (full 1):
 PSYoungGen      total 36864K, used 31744K [0x00000000d7100000, 0x00000000db900000, 0x0000000100000000)
  eden space 31744K, 100% used [0x00000000d7100000,0x00000000d9000000,0x00000000d9000000)
  from space 5120K, 0% used [0x00000000d9000000,0x00000000d9000000,0x00000000d9500000)
  to   space 5120K, 0% used [0x00000000db400000,0x00000000db400000,0x00000000db900000)
 ParOldGen       total 61952K, used 9241K [0x0000000085200000, 0x0000000088e80000, 0x00000000d7100000)
  object space 61952K, 14% used [0x0000000085200000,0x0000000085b06630,0x0000000088e80000)
 Metaspace       used 24562K, capacity 25098K, committed 25216K, reserved 1071104K
  class space    used 2944K, capacity 3121K, committed 3200K, reserved 1048576K
Event: 2,834 GC heap after
Heap after GC invocations=5 (full 1):
 PSYoungGen      total 54272K, used 5105K [0x00000000d7100000, 0x00000000db900000, 0x0000000100000000)
  eden space 49152K, 0% used [0x00000000d7100000,0x00000000d7100000,0x00000000da100000)
  from space 5120K, 99% used [0x00000000db400000,0x00000000db8fc460,0x00000000db900000)
  to   space 5120K, 0% used [0x00000000daf00000,0x00000000daf00000,0x00000000db400000)
 ParOldGen       total 61952K, used 11426K [0x0000000085200000, 0x0000000088e80000, 0x00000000d7100000)
  object space 61952K, 18% used [0x0000000085200000,0x0000000085d288e0,0x0000000088e80000)
 Metaspace       used 24562K, capacity 25098K, committed 25216K, reserved 1071104K
  class space    used 2944K, capacity 3121K, committed 3200K, reserved 1048576K
}

Deoptimization events (10 events):
Event: 1,800 Thread 0x00007ff47400f000 Uncommon trap: reason=class_check action=maybe_recompile pc=0x00007ff4653527c0 method=java.util.Collections$UnmodifiableCollection.size()I @ 4
Event: 1,801 Thread 0x00007ff47400f000 Uncommon trap: reason=class_check action=maybe_recompile pc=0x00007ff4653527c0 method=java.util.Collections$UnmodifiableCollection.size()I @ 4
Event: 2,080 Thread 0x00007ff47400f000 Uncommon trap: reason=class_check action=maybe_recompile pc=0x00007ff4653527c0 method=java.util.Collections$UnmodifiableCollection.size()I @ 4
Event: 2,080 Thread 0x00007ff47400f000 Uncommon trap: reason=class_check action=maybe_recompile pc=0x00007ff465357c30 method=java.util.Collections$UnmodifiableList.get(I)Ljava/lang/Object; @ 5
Event: 2,080 Thread 0x00007ff47400f000 Uncommon trap: reason=class_check action=maybe_recompile pc=0x00007ff465357c30 method=java.util.Collections$UnmodifiableList.get(I)Ljava/lang/Object; @ 5
Event: 2,081 Thread 0x00007ff47400f000 Uncommon trap: reason=class_check action=maybe_recompile pc=0x00007ff4653527c0 method=java.util.Collections$UnmodifiableCollection.size()I @ 4
Event: 2,081 Thread 0x00007ff47400f000 Uncommon trap: reason=class_check action=maybe_recompile pc=0x00007ff465357c30 method=java.util.Collections$UnmodifiableList.get(I)Ljava/lang/Object; @ 5
Event: 2,082 Thread 0x00007ff47400f000 Uncommon trap: reason=class_check action=maybe_recompile pc=0x00007ff465357c30 method=java.util.Collections$UnmodifiableList.get(I)Ljava/lang/Object; @ 5
Event: 2,084 Thread 0x00007ff47400f000 Uncommon trap: reason=unstable_if action=reinterpret pc=0x00007ff4651b420c method=java.lang.String.startsWith(Ljava/lang/String;I)Z @ 25
Event: 2,397 Thread 0x00007ff47400f000 Uncommon trap: reason=unstable_if action=reinterpret pc=0x00007ff465386984 method=java.lang.String.<init>([CII)V @ 18

Classes redefined (0 events):
No events

Internal exceptions (10 events):
Event: 0,279 Thread 0x00007ff47400f000 Exception <a 'java/security/PrivilegedActionException'> (0x00000000d7582cc8) thrown at [/buildbot/src/googleplex-android/openjdk/out/hotspot/src/share/vm/prims/jvm.cpp, line 1502]
Event: 0,332 Thread 0x00007ff47400f000 Exception <a 'java/lang/UnsatisfiedLinkError': org.jetbrains.kotlin.org.fusesource.jansi.internal.CLibrary.init()V> (0x00000000d75f2088) thrown at [/buildbot/src/googleplex-android/openjdk/out/hotspot/src/share/vm/prims/nativeLookup.cpp, line 378]
Event: 0,332 Thread 0x00007ff47400f000 Exception <a 'java/lang/UnsatisfiedLinkError'> (0x00000000d75f2088) thrown at [/buildbot/src/googleplex-android/openjdk/out/hotspot/src/share/vm/oops/instanceKlass.cpp, line 960]
Event: 0,893 Thread 0x00007ff47400f000 Exception <a 'java/lang/ArrayIndexOutOfBoundsException'> (0x00000000d8cf0fd0) thrown at [/buildbot/src/googleplex-android/openjdk/out/hotspot/src/share/vm/runtime/sharedRuntime.cpp, line 605]
Event: 1,193 Thread 0x00007ff47400f000 Exception <a 'java/lang/ArrayIndexOutOfBoundsException'> (0x00000000d77ad8f8) thrown at [/buildbot/src/googleplex-android/openjdk/out/hotspot/src/share/vm/runtime/sharedRuntime.cpp, line 605]
Event: 1,800 Thread 0x00007ff47400f000 Exception <a 'java/lang/NoSuchMethodError': java.lang.Object.lambda$comparing$77a9974f$1(Ljava/util/function/Function;Ljava/lang/Object;Ljava/lang/Object;)I> (0x00000000d74e1e70) thrown at [/buildbot/src/googleplex-android/openjdk/out/hotspot/src/share/vm
Event: 1,824 Thread 0x00007ff47400f000 Exception <a 'java/lang/NoSuchMethodError': java.lang.Object.lambda$static$0()J> (0x00000000d75e4ce0) thrown at [/buildbot/src/googleplex-android/openjdk/out/hotspot/src/share/vm/interpreter/linkResolver.cpp, line 620]
Event: 2,001 Thread 0x00007ff47400f000 Exception <a 'java/lang/NoSuchMethodError': java.lang.Object.lambda$static$0(I)[Lorg/jetbrains/kotlin/com/intellij/openapi/editor/event/DocumentListener;> (0x00000000d7d2cbf0) thrown at [/buildbot/src/googleplex-android/openjdk/out/hotspot/src/share/vm/in
Event: 2,046 Thread 0x00007ff47400f000 Exception <a 'java/lang/NoSuchMethodError': java.lang.Object.lambda$static$0(I)[Lorg/jetbrains/kotlin/com/intellij/psi/PsiAnnotation;> (0x00000000d7f47258) thrown at [/buildbot/src/googleplex-android/openjdk/out/hotspot/src/share/vm/interpreter/linkResolv
Event: 2,263 Thread 0x00007ff47400f000 Exception <a 'java/lang/NoSuchMethodError': java.lang.Object.lambda$static$0(I)[Lorg/jetbrains/kotlin/com/intellij/psi/PsiElement;> (0x00000000d71d8f38) thrown at [/buildbot/src/googleplex-android/openjdk/out/hotspot/src/share/vm/interpreter/linkResolver.

Events (10 events):
Event: 2,925 loading class org/jetbrains/kotlin/serialization/deserialization/ClassDataFinder
Event: 2,925 loading class org/jetbrains/kotlin/serialization/deserialization/ClassDataFinder done
Event: 2,925 loading class org/jetbrains/kotlin/serialization/deserialization/DeserializedPackageFragmentImpl$classDataFinder$1
Event: 2,925 loading class org/jetbrains/kotlin/serialization/deserialization/DeserializedPackageFragmentImpl$classDataFinder$1 done
Event: 2,927 loading class org/jetbrains/kotlin/serialization/deserialization/NameResolverUtilKt
Event: 2,927 loading class org/jetbrains/kotlin/serialization/deserialization/NameResolverUtilKt done
Event: 2,928 loading class org/jetbrains/kotlin/protobuf/Utf8
Event: 2,928 loading class org/jetbrains/kotlin/protobuf/Utf8 done
Event: 2,928 loading class org/jetbrains/kotlin/metadata/deserialization/NameResolverImpl$WhenMappings
Event: 2,928 loading class org/jetbrains/kotlin/metadata/deserialization/NameResolverImpl$WhenMappings done


Dynamic libraries:
00400000-00401000 r-xp 00000000 08:05 3675141                            /home/oki/Desktop/android-studio/jre/jre/bin/java
00401000-00402000 r--p 00000000 08:05 3675141                            /home/oki/Desktop/android-studio/jre/jre/bin/java
00402000-00403000 rw-p 00001000 08:05 3675141                            /home/oki/Desktop/android-studio/jre/jre/bin/java
00f32000-00f53000 rw-p 00000000 00:00 0                                  [heap]
85200000-88e80000 rw-p 00000000 00:00 0 
88e80000-d7100000 ---p 00000000 00:00 0 
d7100000-db900000 rw-p 00000000 00:00 0 
db900000-100000000 ---p 00000000 00:00 0 
100000000-100320000 rw-p 00000000 00:00 0 
100320000-140000000 ---p 00000000 00:00 0 
7ff420000000-7ff420021000 rw-p 00000000 00:00 0 
7ff420021000-7ff424000000 ---p 00000000 00:00 0 
7ff428000000-7ff428730000 rw-p 00000000 00:00 0 
7ff428730000-7ff42c000000 ---p 00000000 00:00 0 
7ff42c000000-7ff42c021000 rw-p 00000000 00:00 0 
7ff42c021000-7ff430000000 ---p 00000000 00:00 0 
7ff430000000-7ff430ac4000 rw-p 00000000 00:00 0 
7ff430ac4000-7ff434000000 ---p 00000000 00:00 0 
7ff434000000-7ff434021000 rw-p 00000000 00:00 0 
7ff434021000-7ff438000000 ---p 00000000 00:00 0 
7ff438000000-7ff438021000 rw-p 00000000 00:00 0 
7ff438021000-7ff43c000000 ---p 00000000 00:00 0 
7ff43c000000-7ff43cffb000 rw-p 00000000 00:00 0 
7ff43cffb000-7ff440000000 ---p 00000000 00:00 0 
7ff440000000-7ff440021000 rw-p 00000000 00:00 0 
7ff440021000-7ff444000000 ---p 00000000 00:00 0 
7ff444000000-7ff444021000 rw-p 00000000 00:00 0 
7ff444021000-7ff448000000 ---p 00000000 00:00 0 
7ff448000000-7ff448021000 rw-p 00000000 00:00 0 
7ff448021000-7ff44c000000 ---p 00000000 00:00 0 
7ff44cfff000-7ff450000000 rw-p 00000000 00:00 0 
7ff450000000-7ff45002a000 rw-p 00000000 00:00 0 
7ff45002a000-7ff454000000 ---p 00000000 00:00 0 
7ff4565b0000-7ff456969000 rw-p 00000000 00:00 0 
7ff456969000-7ff4569a9000 ---p 00000000 00:00 0 
7ff4569a9000-7ff456ba9000 rw-p 00000000 00:00 0 
7ff456ba9000-7ff456da9000 rw-p 00000000 00:00 0 
7ff456da9000-7ff456fa9000 rw-p 00000000 00:00 0 
7ff456fa9000-7ff458000000 r--p 00000000 08:05 4331930                    /usr/lib/locale/locale-archive
7ff458000000-7ff458021000 rw-p 00000000 00:00 0 
7ff458021000-7ff45c000000 ---p 00000000 00:00 0 
7ff45c07c000-7ff45c090000 r--s 0013d000 08:05 5908217                    /home/oki/.gradle/caches/transforms-2/files-2.1/06a2f0c8fbd2b8867f17f8bcbcd45ecd/jetified-kotlin-stdlib-1.3.72.jar
7ff45c090000-7ff460000000 rw-p 00000000 00:00 0 
7ff460000000-7ff460021000 rw-p 00000000 00:00 0 
7ff460021000-7ff464000000 ---p 00000000 00:00 0 
7ff464006000-7ff46400e000 r--s 00024000 08:05 5906731                    /home/oki/.gradle/caches/transforms-2/files-2.1/4b0acff36498a4406b228709bc6a1bda/jetified-kotlin-stdlib-common-1.3.72.jar
7ff46400e000-7ff46412c000 r--s 01364000 08:05 3807451                    /home/oki/Android/Sdk/platforms/android-30/android.jar
7ff46412c000-7ff46412f000 r--s 0002f000 08:05 5781882                    /home/oki/.gradle/caches/modules-2/files-2.1/androidx.constraintlayout/constraintlayout-solver/2.0.1/30988fe2d77f3fe3bf7551bb8a8b795fad7e7226/constraintlayout-solver-2.0.1.jar
7ff464132000-7ff464134000 r--s 00004000 08:05 5782267                    /home/oki/.gradle/caches/modules-2/files-2.1/androidx.lifecycle/lifecycle-common/2.1.0/c67e7807d9cd6c329b9d0218b2ec4e505dd340b7/lifecycle-common-2.1.0.jar
7ff464134000-7ff464136000 r--s 00001000 08:05 5908207                    /home/oki/.gradle/caches/transforms-2/files-2.1/a911748356cb6ae2a9cfcf5d5afada74/jetified-kotlin-android-extensions-runtime-1.3.72.jar
7ff464136000-7ff464138000 r--s 00005000 08:05 5782275                    /home/oki/.gradle/caches/modules-2/files-2.1/androidx.annotation/annotation/1.1.0/e3a6fb2f40e3a3842e6b7472628ba4ce416ea4c8/annotation-1.1.0.jar
7ff464138000-7ff464139000 r--s 00002000 08:05 5782272                    /home/oki/.gradle/caches/modules-2/files-2.1/androidx.arch.core/core-common/2.1.0/b3152fc64428c9354344bd89848ecddc09b6f07e/core-common-2.1.0.jar
7ff464139000-7ff46413b000 r--s 00003000 08:05 5908096                    /home/oki/.gradle/caches/transforms-2/files-2.1/08c5977295418b0b5a4e42c97bd4290b/jetified-annotations-13.0.jar
7ff46413b000-7ff464142000 r--s 0004f000 08:05 5782020                    /home/oki/.gradle/caches/modules-2/files-2.1/org.jetbrains.kotlin/kotlin-android-extensions/1.3.72/ecbb105a12a9766d2188f454b3bc3aab46cb80b6/kotlin-android-extensions-1.3.72.jar
7ff464142000-7ff464342000 rw-p 00000000 00:00 0 
7ff464342000-7ff464542000 rw-p 00000000 00:00 0 
7ff464542000-7ff464545000 r-xp 00000000 08:05 5770522                    /tmp/libjansi-1.3.72-release-468 (1.3.72)-1415642498432701400.so
7ff464545000-7ff464744000 ---p 00003000 08:05 5770522                    /tmp/libjansi-1.3.72-release-468 (1.3.72)-1415642498432701400.so
7ff464744000-7ff464745000 rw-p 00002000 08:05 5770522                    /tmp/libjansi-1.3.72-release-468 (1.3.72)-1415642498432701400.so
7ff464745000-7ff4647bf000 r--s 01104000 08:05 3674952                    /home/oki/Desktop/android-studio/jre/lib/tools.jar
7ff4647bf000-7ff4647c7000 r--s 00024000 08:05 5782070                    /home/oki/.gradle/caches/modules-2/files-2.1/org.jetbrains.kotlin/kotlin-stdlib-common/1.3.72/6ca8bee3d88957eaaaef077c41c908c9940492d8/kotlin-stdlib-common-1.3.72.jar
7ff4647c7000-7ff4647d2000 r--s 00081000 08:05 5782067                    /home/oki/.gradle/caches/modules-2/files-2.1/org.jetbrains.intellij.deps/trove4j/1.0.20181211/216c2e14b070f334479d800987affe4054cd563f/trove4j-1.0.20181211.jar
7ff4647d2000-7ff4647e9000 r--s 00108000 08:05 5782066                    /home/oki/.gradle/caches/modules-2/files-2.1/org.jetbrains.kotlin/kotlin-daemon-embeddable/1.3.72/53bbaa2816dbf6bdb85f629451b1fcc88f2164d2/kotlin-daemon-embeddable-1.3.72.jar
7ff4647e9000-7ff4647fd000 r--s 0013d000 08:05 5782035                    /home/oki/.gradle/caches/modules-2/files-2.1/org.jetbrains.kotlin/kotlin-stdlib/1.3.72/8032138f12c0180bc4e51fe139d4c52b46db6109/kotlin-stdlib-1.3.72.jar
7ff4647fd000-7ff464837000 r--s 00284000 08:05 5782026                    /home/oki/.gradle/caches/modules-2/files-2.1/org.jetbrains.kotlin/kotlin-reflect/1.3.72/86613e1a669a701b0c660bfd2af4f82a7ae11fca/kotlin-reflect-1.3.72.jar
7ff464837000-7ff46484e000 r-xp 00000000 08:05 3675051                    /home/oki/Desktop/android-studio/jre/jre/lib/amd64/libnet.so
7ff46484e000-7ff46484f000 r--p 00016000 08:05 3675051                    /home/oki/Desktop/android-studio/jre/jre/lib/amd64/libnet.so
7ff46484f000-7ff464850000 rw-p 00017000 08:05 3675051                    /home/oki/Desktop/android-studio/jre/jre/lib/amd64/libnet.so
7ff464850000-7ff4648a0000 rw-p 00000000 00:00 0 
7ff4648a0000-7ff464afb000 r--s 023fc000 08:05 5782021                    /home/oki/.gradle/caches/modules-2/files-2.1/org.jetbrains.kotlin/kotlin-compiler-embeddable/1.3.72/37bc2d60fc036ef128e77062a1c8c58c5762f7d5/kotlin-compiler-embeddable-1.3.72.jar
7ff464afb000-7ff464afc000 ---p 00000000 00:00 0 
7ff464afc000-7ff464bfc000 rw-p 00000000 00:00 0 
7ff464bfc000-7ff464bff000 ---p 00000000 00:00 0 
7ff464bff000-7ff464cfd000 rw-p 00000000 00:00 0 
7ff464cfd000-7ff464cfe000 ---p 00000000 00:00 0 
7ff464cfe000-7ff464d01000 ---p 00000000 00:00 0 
7ff464d01000-7ff464dfe000 rw-p 00000000 00:00 0 
7ff464dfe000-7ff464dff000 ---p 00000000 00:00 0 
7ff464dff000-7ff464e02000 ---p 00000000 00:00 0 
7ff464e02000-7ff464eff000 rw-p 00000000 00:00 0 
7ff464eff000-7ff464f00000 ---p 00000000 00:00 0 
7ff464f00000-7ff464f03000 ---p 00000000 00:00 0 
7ff464f03000-7ff465000000 rw-p 00000000 00:00 0 
7ff465000000-7ff465530000 rwxp 00000000 00:00 0 
7ff465530000-7ff474000000 ---p 00000000 00:00 0 
7ff474000000-7ff474d76000 rw-p 00000000 00:00 0 
7ff474d76000-7ff478000000 ---p 00000000 00:00 0 
7ff478001000-7ff478002000 r--s 0000a000 08:05 5782263                    /home/oki/.gradle/caches/modules-2/files-2.1/androidx.collection/collection/1.1.0/1f27220b47669781457de0d600849a5de0e89909/collection-1.1.0.jar
7ff478002000-7ff478003000 r--p 00000000 08:05 4333774                    /usr/lib/x86_64-linux-gnu/libutil-2.31.so
7ff478003000-7ff478004000 r-xp 00001000 08:05 4333774                    /usr/lib/x86_64-linux-gnu/libutil-2.31.so
7ff478004000-7ff478005000 r--p 00002000 08:05 4333774                    /usr/lib/x86_64-linux-gnu/libutil-2.31.so
7ff478005000-7ff478006000 r--p 00002000 08:05 4333774                    /usr/lib/x86_64-linux-gnu/libutil-2.31.so
7ff478006000-7ff478007000 rw-p 00003000 08:05 4333774                    /usr/lib/x86_64-linux-gnu/libutil-2.31.so
7ff478007000-7ff478017000 r-xp 00000000 08:05 3675072                    /home/oki/Desktop/android-studio/jre/jre/lib/amd64/libnio.so
7ff478017000-7ff478018000 ---p 00010000 08:05 3675072                    /home/oki/Desktop/android-studio/jre/jre/lib/amd64/libnio.so
7ff478018000-7ff478019000 r--p 00010000 08:05 3675072                    /home/oki/Desktop/android-studio/jre/jre/lib/amd64/libnio.so
7ff478019000-7ff47801a000 rw-p 00011000 08:05 3675072                    /home/oki/Desktop/android-studio/jre/jre/lib/amd64/libnio.so
7ff47801a000-7ff47801d000 ---p 00000000 00:00 0 
7ff47801d000-7ff47811b000 rw-p 00000000 00:00 0 
7ff47811b000-7ff47811e000 ---p 00000000 00:00 0 
7ff47811e000-7ff47821c000 rw-p 00000000 00:00 0 
7ff47821c000-7ff47821f000 ---p 00000000 00:00 0 
7ff47821f000-7ff47831d000 rw-p 00000000 00:00 0 
7ff47831d000-7ff47831e000 ---p 00000000 00:00 0 
7ff47831e000-7ff479420000 rw-p 00000000 00:00 0 
7ff479420000-7ff4795f3000 r--s 03cdf000 08:05 3675088                    /home/oki/Desktop/android-studio/jre/jre/lib/rt.jar
7ff4795f3000-7ff47a2ea000 rw-p 00000000 00:00 0 
7ff47a2ea000-7ff47a2eb000 ---p 00000000 00:00 0 
7ff47a2eb000-7ff47a3eb000 rw-p 00000000 00:00 0 
7ff47a3eb000-7ff47a3ec000 ---p 00000000 00:00 0 
7ff47a3ec000-7ff47a4ec000 rw-p 00000000 00:00 0 
7ff47a4ec000-7ff47a4ed000 ---p 00000000 00:00 0 
7ff47a4ed000-7ff47a5ed000 rw-p 00000000 00:00 0 
7ff47a5ed000-7ff47a5ee000 ---p 00000000 00:00 0 
7ff47a5ee000-7ff47a70d000 rw-p 00000000 00:00 0 
7ff47a70d000-7ff47a97e000 ---p 00000000 00:00 0 
7ff47a97e000-7ff47a99d000 rw-p 00000000 00:00 0 
7ff47a99d000-7ff47ac0d000 ---p 00000000 00:00 0 
7ff47ac0d000-7ff47ac32000 rw-p 00000000 00:00 0 
7ff47ac32000-7ff47ad55000 ---p 00000000 00:00 0 
7ff47ad55000-7ff47ad6b000 rw-p 00000000 00:00 0 
7ff47ad6b000-7ff47b116000 ---p 00000000 00:00 0 
7ff47b116000-7ff47b131000 r-xp 00000000 08:05 3675047                    /home/oki/Desktop/android-studio/jre/jre/lib/amd64/libzip.so
7ff47b131000-7ff47b132000 r--p 0001a000 08:05 3675047                    /home/oki/Desktop/android-studio/jre/jre/lib/amd64/libzip.so
7ff47b132000-7ff47b133000 rw-p 0001b000 08:05 3675047                    /home/oki/Desktop/android-studio/jre/jre/lib/amd64/libzip.so
7ff47b133000-7ff47b136000 r--p 00000000 08:05 4333361                    /usr/lib/x86_64-linux-gnu/libnss_files-2.31.so
7ff47b136000-7ff47b13d000 r-xp 00003000 08:05 4333361                    /usr/lib/x86_64-linux-gnu/libnss_files-2.31.so
7ff47b13d000-7ff47b13f000 r--p 0000a000 08:05 4333361                    /usr/lib/x86_64-linux-gnu/libnss_files-2.31.so
7ff47b13f000-7ff47b140000 r--p 0000b000 08:05 4333361                    /usr/lib/x86_64-linux-gnu/libnss_files-2.31.so
7ff47b140000-7ff47b141000 rw-p 0000c000 08:05 4333361                    /usr/lib/x86_64-linux-gnu/libnss_files-2.31.so
7ff47b141000-7ff47b147000 rw-p 00000000 00:00 0 
7ff47b147000-7ff47b14c000 r--s 000a3000 08:05 3675103                    /home/oki/Desktop/android-studio/jre/jre/lib/jsse.jar
7ff47b14c000-7ff47b14e000 r--s 00003000 08:05 5782071                    /home/oki/.gradle/caches/modules-2/files-2.1/org.jetbrains/annotations/13.0/919f0dfe192fb4e063e7dacadee7f8bb9a2672a9/annotations-13.0.jar
7ff47b14e000-7ff47b150000 r--s 00009000 08:05 5782065                    /home/oki/.gradle/caches/modules-2/files-2.1/org.jetbrains.kotlin/kotlin-script-runtime/1.3.72/657d8d34d91e1964b4439378c09933e840bfe8d5/kotlin-script-runtime-1.3.72.jar
7ff47b150000-7ff47b158000 rw-s 00000000 08:05 5770519                    /tmp/hsperfdata_oki/11389
7ff47b158000-7ff47b180000 r-xp 00000000 08:05 3675055                    /home/oki/Desktop/android-studio/jre/jre/lib/amd64/libjava.so
7ff47b180000-7ff47b181000 r--p 00027000 08:05 3675055                    /home/oki/Desktop/android-studio/jre/jre/lib/amd64/libjava.so
7ff47b181000-7ff47b183000 rw-p 00028000 08:05 3675055                    /home/oki/Desktop/android-studio/jre/jre/lib/amd64/libjava.so
7ff47b183000-7ff47b186000 r--p 00000000 08:05 4333563                    /usr/lib/x86_64-linux-gnu/librt-2.31.so
7ff47b186000-7ff47b18a000 r-xp 00003000 08:05 4333563                    /usr/lib/x86_64-linux-gnu/librt-2.31.so
7ff47b18a000-7ff47b18b000 r--p 00007000 08:05 4333563                    /usr/lib/x86_64-linux-gnu/librt-2.31.so
7ff47b18b000-7ff47b18c000 ---p 00008000 08:05 4333563                    /usr/lib/x86_64-linux-gnu/librt-2.31.so
7ff47b18c000-7ff47b18d000 r--p 00008000 08:05 4333563                    /usr/lib/x86_64-linux-gnu/librt-2.31.so
7ff47b18d000-7ff47b18e000 rw-p 00009000 08:05 4333563                    /usr/lib/x86_64-linux-gnu/librt-2.31.so
7ff47b18e000-7ff47b18f000 ---p 00000000 00:00 0 
7ff47b18f000-7ff47b192000 ---p 00000000 00:00 0 
7ff47b192000-7ff47b28f000 rw-p 00000000 00:00 0 
7ff47b28f000-7ff47b29e000 r--p 00000000 08:05 4333237                    /usr/lib/x86_64-linux-gnu/libm-2.31.so
7ff47b29e000-7ff47b345000 r-xp 0000f000 08:05 4333237                    /usr/lib/x86_64-linux-gnu/libm-2.31.so
7ff47b345000-7ff47b3dc000 r--p 000b6000 08:05 4333237                    /usr/lib/x86_64-linux-gnu/libm-2.31.so
7ff47b3dc000-7ff47b3dd000 r--p 0014c000 08:05 4333237                    /usr/lib/x86_64-linux-gnu/libm-2.31.so
7ff47b3dd000-7ff47b3de000 rw-p 0014d000 08:05 4333237                    /usr/lib/x86_64-linux-gnu/libm-2.31.so
7ff47b3de000-7ff47c00d000 r-xp 00000000 08:05 3675065                    /home/oki/Desktop/android-studio/jre/jre/lib/amd64/server/libjvm.so
7ff47c00d000-7ff47c0b5000 r--p 00c2e000 08:05 3675065                    /home/oki/Desktop/android-studio/jre/jre/lib/amd64/server/libjvm.so
7ff47c0b5000-7ff47c0de000 rw-p 00cd6000 08:05 3675065                    /home/oki/Desktop/android-studio/jre/jre/lib/amd64/server/libjvm.so
7ff47c0de000-7ff47c124000 rw-p 00000000 00:00 0 
7ff47c124000-7ff47c149000 r--p 00000000 08:05 4332599                    /usr/lib/x86_64-linux-gnu/libc-2.31.so
7ff47c149000-7ff47c2c1000 r-xp 00025000 08:05 4332599                    /usr/lib/x86_64-linux-gnu/libc-2.31.so
7ff47c2c1000-7ff47c30b000 r--p 0019d000 08:05 4332599                    /usr/lib/x86_64-linux-gnu/libc-2.31.so
7ff47c30b000-7ff47c30c000 ---p 001e7000 08:05 4332599                    /usr/lib/x86_64-linux-gnu/libc-2.31.so
7ff47c30c000-7ff47c30f000 r--p 001e7000 08:05 4332599                    /usr/lib/x86_64-linux-gnu/libc-2.31.so
7ff47c30f000-7ff47c312000 rw-p 001ea000 08:05 4332599                    /usr/lib/x86_64-linux-gnu/libc-2.31.so
7ff47c312000-7ff47c316000 rw-p 00000000 00:00 0 
7ff47c316000-7ff47c317000 r--p 00000000 08:05 4332734                    /usr/lib/x86_64-linux-gnu/libdl-2.31.so
7ff47c317000-7ff47c319000 r-xp 00001000 08:05 4332734                    /usr/lib/x86_64-linux-gnu/libdl-2.31.so
7ff47c319000-7ff47c31a000 r--p 00003000 08:05 4332734                    /usr/lib/x86_64-linux-gnu/libdl-2.31.so
7ff47c31a000-7ff47c31b000 r--p 00003000 08:05 4332734                    /usr/lib/x86_64-linux-gnu/libdl-2.31.so
7ff47c31b000-7ff47c31c000 rw-p 00004000 08:05 4332734                    /usr/lib/x86_64-linux-gnu/libdl-2.31.so
7ff47c31c000-7ff47c332000 r-xp 00000000 08:05 3675035                    /home/oki/Desktop/android-studio/jre/jre/lib/amd64/jli/libjli.so
7ff47c332000-7ff47c333000 r--p 00015000 08:05 3675035                    /home/oki/Desktop/android-studio/jre/jre/lib/amd64/jli/libjli.so
7ff47c333000-7ff47c334000 rw-p 00016000 08:05 3675035                    /home/oki/Desktop/android-studio/jre/jre/lib/amd64/jli/libjli.so
7ff47c334000-7ff47c33b000 r--p 00000000 08:05 4333502                    /usr/lib/x86_64-linux-gnu/libpthread-2.31.so
7ff47c33b000-7ff47c34c000 r-xp 00007000 08:05 4333502                    /usr/lib/x86_64-linux-gnu/libpthread-2.31.so
7ff47c34c000-7ff47c351000 r--p 00018000 08:05 4333502                    /usr/lib/x86_64-linux-gnu/libpthread-2.31.so
7ff47c351000-7ff47c352000 r--p 0001c000 08:05 4333502                    /usr/lib/x86_64-linux-gnu/libpthread-2.31.so
7ff47c352000-7ff47c353000 rw-p 0001d000 08:05 4333502                    /usr/lib/x86_64-linux-gnu/libpthread-2.31.so
7ff47c353000-7ff47c358000 rw-p 00000000 00:00 0 
7ff47c358000-7ff47c365000 r-xp 00000000 08:05 3675043                    /home/oki/Desktop/android-studio/jre/jre/lib/amd64/libverify.so
7ff47c365000-7ff47c367000 r--p 0000c000 08:05 3675043                    /home/oki/Desktop/android-studio/jre/jre/lib/amd64/libverify.so
7ff47c367000-7ff47c368000 rw-p 0000e000 08:05 3675043                    /home/oki/Desktop/android-studio/jre/jre/lib/amd64/libverify.so
7ff47c368000-7ff47c36a000 rw-p 00000000 00:00 0 
7ff47c36a000-7ff47c36b000 r--p 00000000 08:05 4332386                    /usr/lib/x86_64-linux-gnu/ld-2.31.so
7ff47c36b000-7ff47c38e000 r-xp 00001000 08:05 4332386                    /usr/lib/x86_64-linux-gnu/ld-2.31.so
7ff47c38e000-7ff47c396000 r--p 00024000 08:05 4332386                    /usr/lib/x86_64-linux-gnu/ld-2.31.so
7ff47c396000-7ff47c397000 r--p 00000000 00:00 0 
7ff47c397000-7ff47c398000 r--p 0002c000 08:05 4332386                    /usr/lib/x86_64-linux-gnu/ld-2.31.so
7ff47c398000-7ff47c399000 rw-p 0002d000 08:05 4332386                    /usr/lib/x86_64-linux-gnu/ld-2.31.so
7ff47c399000-7ff47c39a000 rw-p 00000000 00:00 0 
7ffe02cb2000-7ffe02cd5000 rw-p 00000000 00:00 0                          [stack]
7ffe02dd0000-7ffe02dd3000 r--p 00000000 00:00 0                          [vvar]
7ffe02dd3000-7ffe02dd4000 r-xp 00000000 00:00 0                          [vdso]
ffffffffff600000-ffffffffff601000 --xp 00000000 00:00 0                  [vsyscall]

VM Arguments:
java_command: org.jetbrains.kotlin.cli.jvm.K2JVMCompiler -Xallow-no-source-files -classpath /home/oki/AndroidStudioProjects/FizzBuzz/app/build/intermediates/compile_and_runtime_not_namespaced_r_class_jar/debug/R.jar:/home/oki/.gradle/caches/transforms-2/files-2.1/a911748356cb6ae2a9cfcf5d5afada74/jetified-kotlin-android-extensions-runtime-1.3.72.jar:/home/oki/.gradle/caches/transforms-2/files-2.1/38626c6b144a6fa1c8aaf9fdf2c1272d/jetified-core-ktx-1.3.1-api.jar:/home/oki/.gradle/caches/transforms-2/files-2.1/06a2f0c8fbd2b8867f17f8bcbcd45ecd/jetified-kotlin-stdlib-1.3.72.jar:/home/oki/.gradle/caches/transforms-2/files-2.1/4b0acff36498a4406b228709bc6a1bda/jetified-kotlin-stdlib-common-1.3.72.jar:/home/oki/.gradle/caches/transforms-2/files-2.1/08c5977295418b0b5a4e42c97bd4290b/jetified-annotations-13.0.jar:/home/oki/.gradle/caches/transforms-2/files-2.1/13df6af31b4dadf27d8a9772ab36c1da/constraintlayout-2.0.1-api.jar:/home/oki/.gradle/caches/transforms-2/files-2.1/bfad399cb82f2566ad395ea9a12a45cd/appcompat-1.2.0-api.jar:/home/oki/.gradle/caches/transforms-2/files-2.1/781d933052d839cf30086caa8d362978/legacy-support-v4-1.0.0-api.jar:/home/oki/.gradle/caches/transforms-2/files-2.1/4e9ad503422087019200dcbe996d68c2/fragment-1.1.0-api.jar:/home/oki/.gradle/caches/transforms-2/files-2.1/15ebd592f15106bb1892ee4621a30362/jetified-appcompat-resources-1.2.0-api.jar:/home/oki/.gradle/caches/transforms-2/files-2.1/e9a460b689ffab80ba81af27eef4ef3d/legacy-support-core-ui-1.0.0-api.jar:/home/oki/.gradle/caches/transforms-2/files-2.1/875f1d65ea3d0d22c4f4b620d6d54f1b/drawerlayout-1.0.0-api.jar:/home/oki/.gradle/caches/transforms-2/files-2.1/a61e36f794316f7abdd44d378f8c83a6/media-1.0.0-api.jar:/home/oki/.gradle/caches/transforms-2/files-2.1/f8c88e781f2d407ce08913d9b25e0b50/legacy-support-core-utils-1.0.0-api.jar:/home/oki/.gradle/caches/transforms-2/files-2.1/5e4b7f4207f92aa9d8528b6238bf7aee/viewpager-1.0.0-api.jar:/home/oki/.gradle/caches/transforms-2/files-2.1/81bf4197c58f93b8ffc8108c89a
java_class_path (initial): /home/oki/.gradle/caches/modules-2/files-2.1/org.jetbrains.kotlin/kotlin-compiler-embeddable/1.3.72/37bc2d60fc036ef128e77062a1c8c58c5762f7d5/kotlin-compiler-embeddable-1.3.72.jar:/home/oki/.gradle/caches/modules-2/files-2.1/org.jetbrains.kotlin/kotlin-reflect/1.3.72/86613e1a669a701b0c660bfd2af4f82a7ae11fca/kotlin-reflect-1.3.72.jar:/home/oki/.gradle/caches/modules-2/files-2.1/org.jetbrains.kotlin/kotlin-stdlib/1.3.72/8032138f12c0180bc4e51fe139d4c52b46db6109/kotlin-stdlib-1.3.72.jar:/home/oki/.gradle/caches/modules-2/files-2.1/org.jetbrains.kotlin/kotlin-script-runtime/1.3.72/657d8d34d91e1964b4439378c09933e840bfe8d5/kotlin-script-runtime-1.3.72.jar:/home/oki/.gradle/caches/modules-2/files-2.1/org.jetbrains.kotlin/kotlin-daemon-embeddable/1.3.72/53bbaa2816dbf6bdb85f629451b1fcc88f2164d2/kotlin-daemon-embeddable-1.3.72.jar:/home/oki/.gradle/caches/modules-2/files-2.1/org.jetbrains.intellij.deps/trove4j/1.0.20181211/216c2e14b070f334479d800987affe4054cd563f/trove4j-1.0.20181211.jar:/home/oki/.gradle/caches/modules-2/files-2.1/org.jetbrains.kotlin/kotlin-stdlib-common/1.3.72/6ca8bee3d88957eaaaef077c41c908c9940492d8/kotlin-stdlib-common-1.3.72.jar:/home/oki/.gradle/caches/modules-2/files-2.1/org.jetbrains/annotations/13.0/919f0dfe192fb4e063e7dacadee7f8bb9a2672a9/annotations-13.0.jar:/home/oki/Desktop/android-studio/jre/lib/tools.jar
Launcher Type: SUN_STANDARD

Environment Variables:
JAVA_HOME=/usr/lib/jvm/default-java
PATH=/opt/maven/bin:/usr/local/sbin:/usr/local/bin:/usr/sbin:/usr/bin:/sbin:/bin:/usr/games:/usr/local/games:/snap/bin
USERNAME=oki
SHELL=/bin/bash
DISPLAY=:0

Signal Handlers:
SIGSEGV: [libjvm.so+0xa13c80], sa_mask[0]=11111111011111111101111111111110, sa_flags=SA_RESTART|SA_SIGINFO
SIGBUS: [libjvm.so+0xa13c80], sa_mask[0]=11111111011111111101111111111110, sa_flags=SA_RESTART|SA_SIGINFO
SIGFPE: [libjvm.so+0x874670], sa_mask[0]=11111111011111111101111111111110, sa_flags=SA_RESTART|SA_SIGINFO
SIGPIPE: [libjvm.so+0x874670], sa_mask[0]=11111111011111111101111111111110, sa_flags=SA_RESTART|SA_SIGINFO
SIGXFSZ: [libjvm.so+0x874670], sa_mask[0]=11111111011111111101111111111110, sa_flags=SA_RESTART|SA_SIGINFO
SIGILL: [libjvm.so+0x874670], sa_mask[0]=11111111011111111101111111111110, sa_flags=SA_RESTART|SA_SIGINFO
SIGUSR1: SIG_DFL, sa_mask[0]=00000000000000000000000000000000, sa_flags=none
SIGUSR2: [libjvm.so+0x874540], sa_mask[0]=00100000000000000000000000000000, sa_flags=SA_RESTART|SA_SIGINFO
SIGHUP: [libjvm.so+0x874730], sa_mask[0]=11111111011111111101111111111110, sa_flags=SA_RESTART|SA_SIGINFO
SIGINT: [libjvm.so+0x874730], sa_mask[0]=11111111011111111101111111111110, sa_flags=SA_RESTART|SA_SIGINFO
SIGTERM: [libjvm.so+0x874730], sa_mask[0]=11111111011111111101111111111110, sa_flags=SA_RESTART|SA_SIGINFO
SIGQUIT: [libjvm.so+0x874730], sa_mask[0]=11111111011111111101111111111110, sa_flags=SA_RESTART|SA_SIGINFO


---------------  S Y S T E M  ---------------

OS:DISTRIB_ID=Ubuntu
DISTRIB_RELEASE=20.04
DISTRIB_CODENAME=focal
DISTRIB_DESCRIPTION="Ubuntu 20.04.1 LTS"

uname:Linux 5.4.0-47-generic #51-Ubuntu SMP Fri Sep 4 19:50:52 UTC 2020 x86_64
libc:glibc 2.31 NPTL 2.31 
rlimit: STACK 8192k, CORE 0k, NPROC 31220, NOFILE 1048576, AS infinity
load average:1,92 1,02 1,16

/proc/meminfo:
MemTotal:        8048784 kB
MemFree:          194700 kB
MemAvailable:    1575748 kB
Buffers:          124428 kB
Cached:          2308000 kB
SwapCached:         1600 kB
Active:          5702556 kB
Inactive:        1632388 kB
Active(anon):    4603728 kB
Inactive(anon):  1189120 kB
Active(file):    1098828 kB
Inactive(file):   443268 kB
Unevictable:      102472 kB
Mlocked:              32 kB
SwapTotal:       2097148 kB
SwapFree:        2059260 kB
Dirty:             15140 kB
Writeback:             0 kB
AnonPages:       5003264 kB
Mapped:           934464 kB
Shmem:            890332 kB
KReclaimable:     128636 kB
Slab:             263092 kB
SReclaimable:     128636 kB
SUnreclaim:       134456 kB
KernelStack:       18864 kB
PageTables:        46568 kB
NFS_Unstable:          0 kB
Bounce:                0 kB
WritebackTmp:          0 kB
CommitLimit:     6121540 kB
Committed_AS:   15195416 kB
VmallocTotal:   34359738367 kB
VmallocUsed:       40944 kB
VmallocChunk:          0 kB
Percpu:             3136 kB
HardwareCorrupted:     0 kB
AnonHugePages:         0 kB
ShmemHugePages:        0 kB
ShmemPmdMapped:        0 kB
FileHugePages:         0 kB
FilePmdMapped:         0 kB
CmaTotal:              0 kB
CmaFree:               0 kB
HugePages_Total:       0
HugePages_Free:        0
HugePages_Rsvd:        0
HugePages_Surp:        0
Hugepagesize:       2048 kB
Hugetlb:               0 kB
DirectMap4k:      363544 kB
DirectMap2M:     6873088 kB
DirectMap1G:     1048576 kB

container (cgroup) information:
container_type: cgroupv1
cpu_cpuset_cpus: 0-3
cpu_memory_nodes: 0
active_processor_count: 4
cpu_quota: -1
cpu_period: 100000
cpu_shares: -1
memory_limit_in_bytes: -1
memory_and_swap_limit_in_bytes: -2
memory_soft_limit_in_bytes: -1
memory_usage_in_bytes: 6550233088
memory_max_usage_in_bytes: 6589939712


CPU:total 4 (initial active 4) (2 cores per cpu, 2 threads per core) family 6 model 142 stepping 9, cmov, cx8, fxsr, mmx, sse, sse2, sse3, ssse3, sse4.1, sse4.2, popcnt, avx, avx2, aes, clmul, erms, 3dnowpref, lzcnt, ht, tsc, tscinvbit, bmi1, bmi2, adx

/proc/cpuinfo:
processor	: 0
vendor_id	: GenuineIntel
cpu family	: 6
model		: 142
model name	: Intel(R) Core(TM) i5-7200U CPU @ 2.50GHz
stepping	: 9
microcode	: 0xd6
cpu MHz		: 3100.000
cache size	: 3072 KB
physical id	: 0
siblings	: 4
core id		: 0
cpu cores	: 2
apicid		: 0
initial apicid	: 0
fpu		: yes
fpu_exception	: yes
cpuid level	: 22
wp		: yes
flags		: fpu vme de pse tsc msr pae mce cx8 apic sep mtrr pge mca cmov pat pse36 clflush dts acpi mmx fxsr sse sse2 ss ht tm pbe syscall nx pdpe1gb rdtscp lm constant_tsc art arch_perfmon pebs bts rep_good nopl xtopology nonstop_tsc cpuid aperfmperf pni pclmulqdq dtes64 monitor ds_cpl vmx est tm2 ssse3 sdbg fma cx16 xtpr pdcm pcid sse4_1 sse4_2 x2apic movbe popcnt tsc_deadline_timer aes xsave avx f16c rdrand lahf_lm abm 3dnowprefetch cpuid_fault epb invpcid_single pti ssbd ibrs ibpb stibp tpr_shadow vnmi flexpriority ept vpid ept_ad fsgsbase tsc_adjust bmi1 avx2 smep bmi2 erms invpcid mpx rdseed adx smap clflushopt intel_pt xsaveopt xsavec xgetbv1 xsaves dtherm ida arat pln pts hwp hwp_notify hwp_act_window hwp_epp md_clear flush_l1d
bugs		: cpu_meltdown spectre_v1 spectre_v2 spec_store_bypass l1tf mds swapgs itlb_multihit srbds
bogomips	: 5399.81
clflush size	: 64
cache_alignment	: 64
address sizes	: 39 bits physical, 48 bits virtual
power management:

processor	: 1
vendor_id	: GenuineIntel
cpu family	: 6
model		: 142
model name	: Intel(R) Core(TM) i5-7200U CPU @ 2.50GHz
stepping	: 9
microcode	: 0xd6
cpu MHz		: 3099.998
cache size	: 3072 KB
physical id	: 0
siblings	: 4
core id		: 1
cpu cores	: 2
apicid		: 2
initial apicid	: 2
fpu		: yes
fpu_exception	: yes
cpuid level	: 22
wp		: yes
flags		: fpu vme de pse tsc msr pae mce cx8 apic sep mtrr pge mca cmov pat pse36 clflush dts acpi mmx fxsr sse sse2 ss ht tm pbe syscall nx pdpe1gb rdtscp lm constant_tsc art arch_perfmon pebs bts rep_good nopl xtopology nonstop_tsc cpuid aperfmperf pni pclmulqdq dtes64 monitor ds_cpl vmx est tm2 ssse3 sdbg fma cx16 xtpr pdcm pcid sse4_1 sse4_2 x2apic movbe popcnt tsc_deadline_timer aes xsave avx f16c rdrand lahf_lm abm 3dnowprefetch cpuid_fault epb invpcid_single pti ssbd ibrs ibpb stibp tpr_shadow vnmi flexpriority ept vpid ept_ad fsgsbase tsc_adjust bmi1 avx2 smep bmi2 erms invpcid mpx rdseed adx smap clflushopt intel_pt xsaveopt xsavec xgetbv1 xsaves dtherm ida arat pln pts hwp hwp_notify hwp_act_window hwp_epp md_clear flush_l1d
bugs		: cpu_meltdown spectre_v1 spectre_v2 spec_store_bypass l1tf mds swapgs itlb_multihit srbds
bogomips	: 5399.81
clflush size	: 64
cache_alignment	: 64
address sizes	: 39 bits physical, 48 bits virtual
power management:

processor	: 2
vendor_id	: GenuineIntel
cpu family	: 6
model		: 142
model name	: Intel(R) Core(TM) i5-7200U CPU @ 2.50GHz
stepping	: 9
microcode	: 0xd6
cpu MHz		: 3099.999
cache size	: 3072 KB
physical id	: 0
siblings	: 4
core id		: 0
cpu cores	: 2
apicid		: 1
initial apicid	: 1
fpu		: yes
fpu_exception	: yes
cpuid level	: 22
wp		: yes
flags		: fpu vme de pse tsc msr pae mce cx8 apic sep mtrr pge mca cmov pat pse36 clflush dts acpi mmx fxsr sse sse2 ss ht tm pbe syscall nx pdpe1gb rdtscp lm constant_tsc art arch_perfmon pebs bts rep_good nopl xtopology nonstop_tsc cpuid aperfmperf pni pclmulqdq dtes64 monitor ds_cpl vmx est tm2 ssse3 sdbg fma cx16 xtpr pdcm pcid sse4_1 sse4_2 x2apic movbe popcnt tsc_deadline_timer aes xsave avx f16c rdrand lahf_lm abm 3dnowprefetch cpuid_fault epb invpcid_single pti ssbd ibrs ibpb stibp tpr_shadow vnmi flexpriority ept vpid ept_ad fsgsbase tsc_adjust bmi1 avx2 smep bmi2 erms invpcid mpx rdseed adx smap clflushopt intel_pt xsaveopt xsavec xgetbv1 xsaves dtherm ida arat pln pts hwp hwp_notify hwp_act_window hwp_epp md_clear flush_l1d
bugs		: cpu_meltdown spectre_v1 spectre_v2 spec_store_bypass l1tf mds swapgs itlb_multihit srbds
bogomips	: 5399.81
clflush size	: 64
cache_alignment	: 64
address sizes	: 39 bits physical, 48 bits virtual
power management:

processor	: 3
vendor_id	: GenuineIntel
cpu family	: 6
model		: 142
model name	: Intel(R) Core(TM) i5-7200U CPU @ 2.50GHz
stepping	: 9
microcode	: 0xd6
cpu MHz		: 3100.000
cache size	: 3072 KB
physical id	: 0
siblings	: 4
core id		: 1
cpu cores	: 2
apicid		: 3
initial apicid	: 3
fpu		: yes
fpu_exception	: yes
cpuid level	: 22
wp		: yes
flags		: fpu vme de pse tsc msr pae mce cx8 apic sep mtrr pge mca cmov pat pse36 clflush dts acpi mmx fxsr sse sse2 ss ht tm pbe syscall nx pdpe1gb rdtscp lm constant_tsc art arch_perfmon pebs bts rep_good nopl xtopology nonstop_tsc cpuid aperfmperf pni pclmulqdq dtes64 monitor ds_cpl vmx est tm2 ssse3 sdbg fma cx16 xtpr pdcm pcid sse4_1 sse4_2 x2apic movbe popcnt tsc_deadline_timer aes xsave avx f16c rdrand lahf_lm abm 3dnowprefetch cpuid_fault epb invpcid_single pti ssbd ibrs ibpb stibp tpr_shadow vnmi flexpriority ept vpid ept_ad fsgsbase tsc_adjust bmi1 avx2 smep bmi2 erms invpcid mpx rdseed adx smap clflushopt intel_pt xsaveopt xsavec xgetbv1 xsaves dtherm ida arat pln pts hwp hwp_notify hwp_act_window hwp_epp md_clear flush_l1d
bugs		: cpu_meltdown spectre_v1 spectre_v2 spec_store_bypass l1tf mds swapgs itlb_multihit srbds
bogomips	: 5399.81
clflush size	: 64
cache_alignment	: 64
address sizes	: 39 bits physical, 48 bits virtual
power management:



Memory: 4k page, physical 8048784k(194524k free), swap 2097148k(2059260k free)

vm_info: OpenJDK 64-Bit Server VM (25.242-b3-6222593) for linux-amd64 JRE (1.8.0_242-release-1644-b3-6222593), built by "android-build" with gcc 4.8

time: Fri Sep 11 21:29:25 2020
timezone: CEST
elapsed time: 3 seconds (0d 0h 0m 3s)

